[1.144s] Invoking command in '/home/wxx/study_ros2/CHAPT2_ws/src/demo_python_topic': PYTHONPATH=/home/wxx/study_ros2/CHAPT2_ws/build/demo_python_topic/prefix_override:/usr/lib/python3/dist-packages/colcon_core/task/python/colcon_distutils_commands:/home/wxx/study_ros2/CHAPT2_ws/install/demo_python_topic/lib/python3.8/site-packages:${PYTHONPATH} /usr/bin/python3 -W ignore:setup.py install is deprecated -W ignore:easy_install command is deprecated setup.py egg_info --egg-base ../../build/demo_python_topic build --build-base /home/wxx/study_ros2/CHAPT2_ws/build/demo_python_topic/build install --record /home/wxx/study_ros2/CHAPT2_ws/build/demo_python_topic/install.log --install-scripts $base/lib/demo_python_topic --single-version-externally-managed install_data
[1.356s] running egg_info
[1.357s] writing ../../build/demo_python_topic/demo_python_topic.egg-info/PKG-INFO
[1.357s] writing dependency_links to ../../build/demo_python_topic/demo_python_topic.egg-info/dependency_links.txt
[1.358s] writing entry points to ../../build/demo_python_topic/demo_python_topic.egg-info/entry_points.txt
[1.358s] writing requirements to ../../build/demo_python_topic/demo_python_topic.egg-info/requires.txt
[1.358s] writing top-level names to ../../build/demo_python_topic/demo_python_topic.egg-info/top_level.txt
[1.390s] reading manifest file '../../build/demo_python_topic/demo_python_topic.egg-info/SOURCES.txt'
[1.391s] writing manifest file '../../build/demo_python_topic/demo_python_topic.egg-info/SOURCES.txt'
[1.392s] running build
[1.392s] running build_py
[1.393s] copying demo_python_topic/topic_pub.py -> /home/wxx/study_ros2/CHAPT2_ws/build/demo_python_topic/build/lib/demo_python_topic
[1.394s] running install
[1.394s] running install_lib
[1.395s] copying /home/wxx/study_ros2/CHAPT2_ws/build/demo_python_topic/build/lib/demo_python_topic/topic_pub.py -> /home/wxx/study_ros2/CHAPT2_ws/install/demo_python_topic/lib/python3.8/site-packages/demo_python_topic
[1.397s] byte-compiling /home/wxx/study_ros2/CHAPT2_ws/install/demo_python_topic/lib/python3.8/site-packages/demo_python_topic/topic_pub.py to topic_pub.cpython-38.pyc
[1.399s] running install_data
[1.399s] running install_egg_info
[1.402s] removing '/home/wxx/study_ros2/CHAPT2_ws/install/demo_python_topic/lib/python3.8/site-packages/demo_python_topic-0.0.0-py3.8.egg-info' (and everything under it)
[1.402s] Copying ../../build/demo_python_topic/demo_python_topic.egg-info to /home/wxx/study_ros2/CHAPT2_ws/install/demo_python_topic/lib/python3.8/site-packages/demo_python_topic-0.0.0-py3.8.egg-info
[1.404s] running install_scripts
[1.423s] Installing topic_publisher script to /home/wxx/study_ros2/CHAPT2_ws/install/demo_python_topic/lib/demo_python_topic
[1.424s] Installing topic_subscribe script to /home/wxx/study_ros2/CHAPT2_ws/install/demo_python_topic/lib/demo_python_topic
[1.424s] writing list of installed files to '/home/wxx/study_ros2/CHAPT2_ws/build/demo_python_topic/install.log'
[1.461s] Invoked command in '/home/wxx/study_ros2/CHAPT2_ws/src/demo_python_topic' returned '0': PYTHONPATH=/home/wxx/study_ros2/CHAPT2_ws/build/demo_python_topic/prefix_override:/usr/lib/python3/dist-packages/colcon_core/task/python/colcon_distutils_commands:/home/wxx/study_ros2/CHAPT2_ws/install/demo_python_topic/lib/python3.8/site-packages:${PYTHONPATH} /usr/bin/python3 -W ignore:setup.py install is deprecated -W ignore:easy_install command is deprecated setup.py egg_info --egg-base ../../build/demo_python_topic build --build-base /home/wxx/study_ros2/CHAPT2_ws/build/demo_python_topic/build install --record /home/wxx/study_ros2/CHAPT2_ws/build/demo_python_topic/install.log --install-scripts $base/lib/demo_python_topic --single-version-externally-managed install_data
