running egg_info
writing ../../build/demo_py_tf/demo_py_tf.egg-info/PKG-INFO
writing dependency_links to ../../build/demo_py_tf/demo_py_tf.egg-info/dependency_links.txt
writing entry points to ../../build/demo_py_tf/demo_py_tf.egg-info/entry_points.txt
writing requirements to ../../build/demo_py_tf/demo_py_tf.egg-info/requires.txt
writing top-level names to ../../build/demo_py_tf/demo_py_tf.egg-info/top_level.txt
reading manifest file '../../build/demo_py_tf/demo_py_tf.egg-info/SOURCES.txt'
writing manifest file '../../build/demo_py_tf/demo_py_tf.egg-info/SOURCES.txt'
running build
running build_py
copying demo_py_tf/tf_listener.py -> /home/wxx/study_ros2/CHAPT5_ws/build/demo_py_tf/build/lib/demo_py_tf
running install
running install_lib
copying /home/wxx/study_ros2/CHAPT5_ws/build/demo_py_tf/build/lib/demo_py_tf/tf_listener.py -> /home/wxx/study_ros2/CHAPT5_ws/install/demo_py_tf/lib/python3.8/site-packages/demo_py_tf
byte-compiling /home/wxx/study_ros2/CHAPT5_ws/install/demo_py_tf/lib/python3.8/site-packages/demo_py_tf/tf_listener.py to tf_listener.cpython-38.pyc
running install_data
running install_egg_info
removing '/home/wxx/study_ros2/CHAPT5_ws/install/demo_py_tf/lib/python3.8/site-packages/demo_py_tf-0.0.0-py3.8.egg-info' (and everything under it)
Copying ../../build/demo_py_tf/demo_py_tf.egg-info to /home/wxx/study_ros2/CHAPT5_ws/install/demo_py_tf/lib/python3.8/site-packages/demo_py_tf-0.0.0-py3.8.egg-info
running install_scripts
Installing dynamic_tf_broadcaster script to /home/wxx/study_ros2/CHAPT5_ws/install/demo_py_tf/lib/demo_py_tf
Installing static_tf_broadcaster script to /home/wxx/study_ros2/CHAPT5_ws/install/demo_py_tf/lib/demo_py_tf
Installing tf_listener script to /home/wxx/study_ros2/CHAPT5_ws/install/demo_py_tf/lib/demo_py_tf
writing list of installed files to '/home/wxx/study_ros2/CHAPT5_ws/build/demo_py_tf/install.log'
