[0.594s] Invoking command in '/home/wxx/study_ros2/CHAPT5_ws/src/demo_py_tf': PYTHONPATH=/home/wxx/study_ros2/CHAPT5_ws/build/demo_py_tf/prefix_override:/usr/lib/python3/dist-packages/colcon_core/task/python/colcon_distutils_commands:/home/wxx/study_ros2/CHAPT5_ws/install/demo_py_tf/lib/python3.8/site-packages:${PYTHONPATH} /usr/bin/python3 -W ignore:setup.py install is deprecated -W ignore:easy_install command is deprecated setup.py egg_info --egg-base ../../build/demo_py_tf build --build-base /home/wxx/study_ros2/CHAPT5_ws/build/demo_py_tf/build install --record /home/wxx/study_ros2/CHAPT5_ws/build/demo_py_tf/install.log --install-scripts $base/lib/demo_py_tf --single-version-externally-managed install_data
[0.755s] running egg_info
[0.756s] writing ../../build/demo_py_tf/demo_py_tf.egg-info/PKG-INFO
[0.756s] writing dependency_links to ../../build/demo_py_tf/demo_py_tf.egg-info/dependency_links.txt
[0.756s] writing entry points to ../../build/demo_py_tf/demo_py_tf.egg-info/entry_points.txt
[0.757s] writing requirements to ../../build/demo_py_tf/demo_py_tf.egg-info/requires.txt
[0.757s] writing top-level names to ../../build/demo_py_tf/demo_py_tf.egg-info/top_level.txt
[0.787s] reading manifest file '../../build/demo_py_tf/demo_py_tf.egg-info/SOURCES.txt'
[0.788s] writing manifest file '../../build/demo_py_tf/demo_py_tf.egg-info/SOURCES.txt'
[0.789s] running build
[0.789s] running build_py
[0.789s] copying demo_py_tf/tf_listener.py -> /home/wxx/study_ros2/CHAPT5_ws/build/demo_py_tf/build/lib/demo_py_tf
[0.789s] running install
[0.790s] running install_lib
[0.791s] copying /home/wxx/study_ros2/CHAPT5_ws/build/demo_py_tf/build/lib/demo_py_tf/tf_listener.py -> /home/wxx/study_ros2/CHAPT5_ws/install/demo_py_tf/lib/python3.8/site-packages/demo_py_tf
[0.792s] byte-compiling /home/wxx/study_ros2/CHAPT5_ws/install/demo_py_tf/lib/python3.8/site-packages/demo_py_tf/tf_listener.py to tf_listener.cpython-38.pyc
[0.793s] running install_data
[0.793s] running install_egg_info
[0.794s] removing '/home/wxx/study_ros2/CHAPT5_ws/install/demo_py_tf/lib/python3.8/site-packages/demo_py_tf-0.0.0-py3.8.egg-info' (and everything under it)
[0.795s] Copying ../../build/demo_py_tf/demo_py_tf.egg-info to /home/wxx/study_ros2/CHAPT5_ws/install/demo_py_tf/lib/python3.8/site-packages/demo_py_tf-0.0.0-py3.8.egg-info
[0.796s] running install_scripts
[0.809s] Installing dynamic_tf_broadcaster script to /home/wxx/study_ros2/CHAPT5_ws/install/demo_py_tf/lib/demo_py_tf
[0.810s] Installing static_tf_broadcaster script to /home/wxx/study_ros2/CHAPT5_ws/install/demo_py_tf/lib/demo_py_tf
[0.810s] Installing tf_listener script to /home/wxx/study_ros2/CHAPT5_ws/install/demo_py_tf/lib/demo_py_tf
[0.811s] writing list of installed files to '/home/wxx/study_ros2/CHAPT5_ws/build/demo_py_tf/install.log'
[0.833s] Invoked command in '/home/wxx/study_ros2/CHAPT5_ws/src/demo_py_tf' returned '0': PYTHONPATH=/home/wxx/study_ros2/CHAPT5_ws/build/demo_py_tf/prefix_override:/usr/lib/python3/dist-packages/colcon_core/task/python/colcon_distutils_commands:/home/wxx/study_ros2/CHAPT5_ws/install/demo_py_tf/lib/python3.8/site-packages:${PYTHONPATH} /usr/bin/python3 -W ignore:setup.py install is deprecated -W ignore:easy_install command is deprecated setup.py egg_info --egg-base ../../build/demo_py_tf build --build-base /home/wxx/study_ros2/CHAPT5_ws/build/demo_py_tf/build install --record /home/wxx/study_ros2/CHAPT5_ws/build/demo_py_tf/install.log --install-scripts $base/lib/demo_py_tf --single-version-externally-managed install_data
