running egg_info
creating ../../build/demo_py_tf/demo_py_tf.egg-info
writing ../../build/demo_py_tf/demo_py_tf.egg-info/PKG-INFO
writing dependency_links to ../../build/demo_py_tf/demo_py_tf.egg-info/dependency_links.txt
writing entry points to ../../build/demo_py_tf/demo_py_tf.egg-info/entry_points.txt
writing requirements to ../../build/demo_py_tf/demo_py_tf.egg-info/requires.txt
writing top-level names to ../../build/demo_py_tf/demo_py_tf.egg-info/top_level.txt
writing manifest file '../../build/demo_py_tf/demo_py_tf.egg-info/SOURCES.txt'
reading manifest file '../../build/demo_py_tf/demo_py_tf.egg-info/SOURCES.txt'
writing manifest file '../../build/demo_py_tf/demo_py_tf.egg-info/SOURCES.txt'
running build
running build_py
creating /home/wxx/study_ros2/CHAPT5_ws/build/demo_py_tf/build
creating /home/wxx/study_ros2/CHAPT5_ws/build/demo_py_tf/build/lib
creating /home/wxx/study_ros2/CHAPT5_ws/build/demo_py_tf/build/lib/demo_py_tf
copying demo_py_tf/__init__.py -> /home/wxx/study_ros2/CHAPT5_ws/build/demo_py_tf/build/lib/demo_py_tf
copying demo_py_tf/static_tf_broadcaster.py -> /home/wxx/study_ros2/CHAPT5_ws/build/demo_py_tf/build/lib/demo_py_tf
running install
running install_lib
creating /home/wxx/study_ros2/CHAPT5_ws/install/demo_py_tf/lib/python3.8/site-packages/demo_py_tf
copying /home/wxx/study_ros2/CHAPT5_ws/build/demo_py_tf/build/lib/demo_py_tf/__init__.py -> /home/wxx/study_ros2/CHAPT5_ws/install/demo_py_tf/lib/python3.8/site-packages/demo_py_tf
copying /home/wxx/study_ros2/CHAPT5_ws/build/demo_py_tf/build/lib/demo_py_tf/static_tf_broadcaster.py -> /home/wxx/study_ros2/CHAPT5_ws/install/demo_py_tf/lib/python3.8/site-packages/demo_py_tf
byte-compiling /home/wxx/study_ros2/CHAPT5_ws/install/demo_py_tf/lib/python3.8/site-packages/demo_py_tf/__init__.py to __init__.cpython-38.pyc
byte-compiling /home/wxx/study_ros2/CHAPT5_ws/install/demo_py_tf/lib/python3.8/site-packages/demo_py_tf/static_tf_broadcaster.py to static_tf_broadcaster.cpython-38.pyc
running install_data
creating /home/wxx/study_ros2/CHAPT5_ws/install/demo_py_tf/share/ament_index
creating /home/wxx/study_ros2/CHAPT5_ws/install/demo_py_tf/share/ament_index/resource_index
creating /home/wxx/study_ros2/CHAPT5_ws/install/demo_py_tf/share/ament_index/resource_index/packages
copying resource/demo_py_tf -> /home/wxx/study_ros2/CHAPT5_ws/install/demo_py_tf/share/ament_index/resource_index/packages
copying package.xml -> /home/wxx/study_ros2/CHAPT5_ws/install/demo_py_tf/share/demo_py_tf
running install_egg_info
Copying ../../build/demo_py_tf/demo_py_tf.egg-info to /home/wxx/study_ros2/CHAPT5_ws/install/demo_py_tf/lib/python3.8/site-packages/demo_py_tf-0.0.0-py3.8.egg-info
running install_scripts
Installing static_tf_broadcaster script to /home/wxx/study_ros2/CHAPT5_ws/install/demo_py_tf/lib/demo_py_tf
writing list of installed files to '/home/wxx/study_ros2/CHAPT5_ws/build/demo_py_tf/install.log'
