[0.550s] Invoking command in '/home/wxx/study_ros2/CHAPT5_ws/src/demo_py_tf': PYTHONPATH=/home/wxx/study_ros2/CHAPT5_ws/build/demo_py_tf/prefix_override:/usr/lib/python3/dist-packages/colcon_core/task/python/colcon_distutils_commands:/home/wxx/study_ros2/CHAPT5_ws/install/demo_py_tf/lib/python3.8/site-packages:${PYTHONPATH} /usr/bin/python3 -W ignore:setup.py install is deprecated -W ignore:easy_install command is deprecated setup.py egg_info --egg-base ../../build/demo_py_tf build --build-base /home/wxx/study_ros2/CHAPT5_ws/build/demo_py_tf/build install --record /home/wxx/study_ros2/CHAPT5_ws/build/demo_py_tf/install.log --install-scripts $base/lib/demo_py_tf --single-version-externally-managed install_data
[0.699s] running egg_info
[0.699s] creating ../../build/demo_py_tf/demo_py_tf.egg-info
[0.699s] writing ../../build/demo_py_tf/demo_py_tf.egg-info/PKG-INFO
[0.700s] writing dependency_links to ../../build/demo_py_tf/demo_py_tf.egg-info/dependency_links.txt
[0.700s] writing entry points to ../../build/demo_py_tf/demo_py_tf.egg-info/entry_points.txt
[0.700s] writing requirements to ../../build/demo_py_tf/demo_py_tf.egg-info/requires.txt
[0.700s] writing top-level names to ../../build/demo_py_tf/demo_py_tf.egg-info/top_level.txt
[0.709s] writing manifest file '../../build/demo_py_tf/demo_py_tf.egg-info/SOURCES.txt'
[0.736s] reading manifest file '../../build/demo_py_tf/demo_py_tf.egg-info/SOURCES.txt'
[0.738s] writing manifest file '../../build/demo_py_tf/demo_py_tf.egg-info/SOURCES.txt'
[0.739s] running build
[0.739s] running build_py
[0.739s] creating /home/wxx/study_ros2/CHAPT5_ws/build/demo_py_tf/build
[0.739s] creating /home/wxx/study_ros2/CHAPT5_ws/build/demo_py_tf/build/lib
[0.739s] creating /home/wxx/study_ros2/CHAPT5_ws/build/demo_py_tf/build/lib/demo_py_tf
[0.739s] copying demo_py_tf/__init__.py -> /home/wxx/study_ros2/CHAPT5_ws/build/demo_py_tf/build/lib/demo_py_tf
[0.740s] copying demo_py_tf/static_tf_broadcaster.py -> /home/wxx/study_ros2/CHAPT5_ws/build/demo_py_tf/build/lib/demo_py_tf
[0.741s] running install
[0.742s] running install_lib
[0.742s] creating /home/wxx/study_ros2/CHAPT5_ws/install/demo_py_tf/lib/python3.8/site-packages/demo_py_tf
[0.743s] copying /home/wxx/study_ros2/CHAPT5_ws/build/demo_py_tf/build/lib/demo_py_tf/__init__.py -> /home/wxx/study_ros2/CHAPT5_ws/install/demo_py_tf/lib/python3.8/site-packages/demo_py_tf
[0.743s] copying /home/wxx/study_ros2/CHAPT5_ws/build/demo_py_tf/build/lib/demo_py_tf/static_tf_broadcaster.py -> /home/wxx/study_ros2/CHAPT5_ws/install/demo_py_tf/lib/python3.8/site-packages/demo_py_tf
[0.744s] byte-compiling /home/wxx/study_ros2/CHAPT5_ws/install/demo_py_tf/lib/python3.8/site-packages/demo_py_tf/__init__.py to __init__.cpython-38.pyc
[0.745s] byte-compiling /home/wxx/study_ros2/CHAPT5_ws/install/demo_py_tf/lib/python3.8/site-packages/demo_py_tf/static_tf_broadcaster.py to static_tf_broadcaster.cpython-38.pyc
[0.745s] running install_data
[0.746s] creating /home/wxx/study_ros2/CHAPT5_ws/install/demo_py_tf/share/ament_index
[0.746s] creating /home/wxx/study_ros2/CHAPT5_ws/install/demo_py_tf/share/ament_index/resource_index
[0.746s] creating /home/wxx/study_ros2/CHAPT5_ws/install/demo_py_tf/share/ament_index/resource_index/packages
[0.746s] copying resource/demo_py_tf -> /home/wxx/study_ros2/CHAPT5_ws/install/demo_py_tf/share/ament_index/resource_index/packages
[0.747s] copying package.xml -> /home/wxx/study_ros2/CHAPT5_ws/install/demo_py_tf/share/demo_py_tf
[0.747s] running install_egg_info
[0.748s] Copying ../../build/demo_py_tf/demo_py_tf.egg-info to /home/wxx/study_ros2/CHAPT5_ws/install/demo_py_tf/lib/python3.8/site-packages/demo_py_tf-0.0.0-py3.8.egg-info
[0.749s] running install_scripts
[0.763s] Installing static_tf_broadcaster script to /home/wxx/study_ros2/CHAPT5_ws/install/demo_py_tf/lib/demo_py_tf
[0.764s] writing list of installed files to '/home/wxx/study_ros2/CHAPT5_ws/build/demo_py_tf/install.log'
[0.784s] Invoked command in '/home/wxx/study_ros2/CHAPT5_ws/src/demo_py_tf' returned '0': PYTHONPATH=/home/wxx/study_ros2/CHAPT5_ws/build/demo_py_tf/prefix_override:/usr/lib/python3/dist-packages/colcon_core/task/python/colcon_distutils_commands:/home/wxx/study_ros2/CHAPT5_ws/install/demo_py_tf/lib/python3.8/site-packages:${PYTHONPATH} /usr/bin/python3 -W ignore:setup.py install is deprecated -W ignore:easy_install command is deprecated setup.py egg_info --egg-base ../../build/demo_py_tf build --build-base /home/wxx/study_ros2/CHAPT5_ws/build/demo_py_tf/build install --record /home/wxx/study_ros2/CHAPT5_ws/build/demo_py_tf/install.log --install-scripts $base/lib/demo_py_tf --single-version-externally-managed install_data
