running egg_info
creating ../../build/demo_python_topic/demo_python_topic.egg-info
writing ../../build/demo_python_topic/demo_python_topic.egg-info/PKG-INFO
writing dependency_links to ../../build/demo_python_topic/demo_python_topic.egg-info/dependency_links.txt
writing entry points to ../../build/demo_python_topic/demo_python_topic.egg-info/entry_points.txt
writing requirements to ../../build/demo_python_topic/demo_python_topic.egg-info/requires.txt
writing top-level names to ../../build/demo_python_topic/demo_python_topic.egg-info/top_level.txt
writing manifest file '../../build/demo_python_topic/demo_python_topic.egg-info/SOURCES.txt'
reading manifest file '../../build/demo_python_topic/demo_python_topic.egg-info/SOURCES.txt'
writing manifest file '../../build/demo_python_topic/demo_python_topic.egg-info/SOURCES.txt'
running build
running build_py
creating /home/wxx/study_ros2/CHAPT2_ws/build/demo_python_topic/build
creating /home/wxx/study_ros2/CHAPT2_ws/build/demo_python_topic/build/lib
creating /home/wxx/study_ros2/CHAPT2_ws/build/demo_python_topic/build/lib/demo_python_topic
copying demo_python_topic/topic_pub.py -> /home/wxx/study_ros2/CHAPT2_ws/build/demo_python_topic/build/lib/demo_python_topic
copying demo_python_topic/__init__.py -> /home/wxx/study_ros2/CHAPT2_ws/build/demo_python_topic/build/lib/demo_python_topic
copying demo_python_topic/topic_sub.py -> /home/wxx/study_ros2/CHAPT2_ws/build/demo_python_topic/build/lib/demo_python_topic
running install
running install_lib
creating /home/wxx/study_ros2/CHAPT2_ws/install/demo_python_topic/lib/python3.8/site-packages/demo_python_topic
copying /home/wxx/study_ros2/CHAPT2_ws/build/demo_python_topic/build/lib/demo_python_topic/topic_pub.py -> /home/wxx/study_ros2/CHAPT2_ws/install/demo_python_topic/lib/python3.8/site-packages/demo_python_topic
copying /home/wxx/study_ros2/CHAPT2_ws/build/demo_python_topic/build/lib/demo_python_topic/__init__.py -> /home/wxx/study_ros2/CHAPT2_ws/install/demo_python_topic/lib/python3.8/site-packages/demo_python_topic
copying /home/wxx/study_ros2/CHAPT2_ws/build/demo_python_topic/build/lib/demo_python_topic/topic_sub.py -> /home/wxx/study_ros2/CHAPT2_ws/install/demo_python_topic/lib/python3.8/site-packages/demo_python_topic
byte-compiling /home/wxx/study_ros2/CHAPT2_ws/install/demo_python_topic/lib/python3.8/site-packages/demo_python_topic/topic_pub.py to topic_pub.cpython-38.pyc
byte-compiling /home/wxx/study_ros2/CHAPT2_ws/install/demo_python_topic/lib/python3.8/site-packages/demo_python_topic/__init__.py to __init__.cpython-38.pyc
byte-compiling /home/wxx/study_ros2/CHAPT2_ws/install/demo_python_topic/lib/python3.8/site-packages/demo_python_topic/topic_sub.py to topic_sub.cpython-38.pyc
running install_data
creating /home/wxx/study_ros2/CHAPT2_ws/install/demo_python_topic/share/ament_index
creating /home/wxx/study_ros2/CHAPT2_ws/install/demo_python_topic/share/ament_index/resource_index
creating /home/wxx/study_ros2/CHAPT2_ws/install/demo_python_topic/share/ament_index/resource_index/packages
copying resource/demo_python_topic -> /home/wxx/study_ros2/CHAPT2_ws/install/demo_python_topic/share/ament_index/resource_index/packages
copying package.xml -> /home/wxx/study_ros2/CHAPT2_ws/install/demo_python_topic/share/demo_python_topic
running install_egg_info
Copying ../../build/demo_python_topic/demo_python_topic.egg-info to /home/wxx/study_ros2/CHAPT2_ws/install/demo_python_topic/lib/python3.8/site-packages/demo_python_topic-0.0.0-py3.8.egg-info
running install_scripts
Installing topic_publisher script to /home/wxx/study_ros2/CHAPT2_ws/install/demo_python_topic/lib/demo_python_topic
Installing topic_subscribe script to /home/wxx/study_ros2/CHAPT2_ws/install/demo_python_topic/lib/demo_python_topic
writing list of installed files to '/home/wxx/study_ros2/CHAPT2_ws/build/demo_python_topic/install.log'
