[1.054s] Invoking command in '/home/wxx/study_ros2/CHAPT2_ws/src/demo_python_topic': PYTHONPATH=/home/wxx/study_ros2/CHAPT2_ws/build/demo_python_topic/prefix_override:/usr/lib/python3/dist-packages/colcon_core/task/python/colcon_distutils_commands:/home/wxx/study_ros2/CHAPT2_ws/install/demo_python_topic/lib/python3.8/site-packages:${PYTHONPATH} /usr/bin/python3 -W ignore:setup.py install is deprecated -W ignore:easy_install command is deprecated setup.py egg_info --egg-base ../../build/demo_python_topic build --build-base /home/wxx/study_ros2/CHAPT2_ws/build/demo_python_topic/build install --record /home/wxx/study_ros2/CHAPT2_ws/build/demo_python_topic/install.log --install-scripts $base/lib/demo_python_topic --single-version-externally-managed install_data
[1.271s] running egg_info
[1.271s] creating ../../build/demo_python_topic/demo_python_topic.egg-info
[1.272s] writing ../../build/demo_python_topic/demo_python_topic.egg-info/PKG-INFO
[1.272s] writing dependency_links to ../../build/demo_python_topic/demo_python_topic.egg-info/dependency_links.txt
[1.272s] writing entry points to ../../build/demo_python_topic/demo_python_topic.egg-info/entry_points.txt
[1.272s] writing requirements to ../../build/demo_python_topic/demo_python_topic.egg-info/requires.txt
[1.272s] writing top-level names to ../../build/demo_python_topic/demo_python_topic.egg-info/top_level.txt
[1.274s] writing manifest file '../../build/demo_python_topic/demo_python_topic.egg-info/SOURCES.txt'
[1.306s] reading manifest file '../../build/demo_python_topic/demo_python_topic.egg-info/SOURCES.txt'
[1.306s] writing manifest file '../../build/demo_python_topic/demo_python_topic.egg-info/SOURCES.txt'
[1.306s] running build
[1.307s] running build_py
[1.307s] creating /home/wxx/study_ros2/CHAPT2_ws/build/demo_python_topic/build
[1.308s] creating /home/wxx/study_ros2/CHAPT2_ws/build/demo_python_topic/build/lib
[1.308s] creating /home/wxx/study_ros2/CHAPT2_ws/build/demo_python_topic/build/lib/demo_python_topic
[1.309s] copying demo_python_topic/topic_pub.py -> /home/wxx/study_ros2/CHAPT2_ws/build/demo_python_topic/build/lib/demo_python_topic
[1.309s] copying demo_python_topic/__init__.py -> /home/wxx/study_ros2/CHAPT2_ws/build/demo_python_topic/build/lib/demo_python_topic
[1.309s] copying demo_python_topic/topic_sub.py -> /home/wxx/study_ros2/CHAPT2_ws/build/demo_python_topic/build/lib/demo_python_topic
[1.310s] running install
[1.311s] running install_lib
[1.312s] creating /home/wxx/study_ros2/CHAPT2_ws/install/demo_python_topic/lib/python3.8/site-packages/demo_python_topic
[1.312s] copying /home/wxx/study_ros2/CHAPT2_ws/build/demo_python_topic/build/lib/demo_python_topic/topic_pub.py -> /home/wxx/study_ros2/CHAPT2_ws/install/demo_python_topic/lib/python3.8/site-packages/demo_python_topic
[1.313s] copying /home/wxx/study_ros2/CHAPT2_ws/build/demo_python_topic/build/lib/demo_python_topic/__init__.py -> /home/wxx/study_ros2/CHAPT2_ws/install/demo_python_topic/lib/python3.8/site-packages/demo_python_topic
[1.313s] copying /home/wxx/study_ros2/CHAPT2_ws/build/demo_python_topic/build/lib/demo_python_topic/topic_sub.py -> /home/wxx/study_ros2/CHAPT2_ws/install/demo_python_topic/lib/python3.8/site-packages/demo_python_topic
[1.313s] byte-compiling /home/wxx/study_ros2/CHAPT2_ws/install/demo_python_topic/lib/python3.8/site-packages/demo_python_topic/topic_pub.py to topic_pub.cpython-38.pyc
[1.316s] byte-compiling /home/wxx/study_ros2/CHAPT2_ws/install/demo_python_topic/lib/python3.8/site-packages/demo_python_topic/__init__.py to __init__.cpython-38.pyc
[1.316s] byte-compiling /home/wxx/study_ros2/CHAPT2_ws/install/demo_python_topic/lib/python3.8/site-packages/demo_python_topic/topic_sub.py to topic_sub.cpython-38.pyc
[1.316s] running install_data
[1.316s] creating /home/wxx/study_ros2/CHAPT2_ws/install/demo_python_topic/share/ament_index
[1.316s] creating /home/wxx/study_ros2/CHAPT2_ws/install/demo_python_topic/share/ament_index/resource_index
[1.317s] creating /home/wxx/study_ros2/CHAPT2_ws/install/demo_python_topic/share/ament_index/resource_index/packages
[1.317s] copying resource/demo_python_topic -> /home/wxx/study_ros2/CHAPT2_ws/install/demo_python_topic/share/ament_index/resource_index/packages
[1.317s] copying package.xml -> /home/wxx/study_ros2/CHAPT2_ws/install/demo_python_topic/share/demo_python_topic
[1.318s] running install_egg_info
[1.319s] Copying ../../build/demo_python_topic/demo_python_topic.egg-info to /home/wxx/study_ros2/CHAPT2_ws/install/demo_python_topic/lib/python3.8/site-packages/demo_python_topic-0.0.0-py3.8.egg-info
[1.321s] running install_scripts
[1.336s] Installing topic_publisher script to /home/wxx/study_ros2/CHAPT2_ws/install/demo_python_topic/lib/demo_python_topic
[1.337s] Installing topic_subscribe script to /home/wxx/study_ros2/CHAPT2_ws/install/demo_python_topic/lib/demo_python_topic
[1.337s] writing list of installed files to '/home/wxx/study_ros2/CHAPT2_ws/build/demo_python_topic/install.log'
[1.365s] Invoked command in '/home/wxx/study_ros2/CHAPT2_ws/src/demo_python_topic' returned '0': PYTHONPATH=/home/wxx/study_ros2/CHAPT2_ws/build/demo_python_topic/prefix_override:/usr/lib/python3/dist-packages/colcon_core/task/python/colcon_distutils_commands:/home/wxx/study_ros2/CHAPT2_ws/install/demo_python_topic/lib/python3.8/site-packages:${PYTHONPATH} /usr/bin/python3 -W ignore:setup.py install is deprecated -W ignore:easy_install command is deprecated setup.py egg_info --egg-base ../../build/demo_python_topic build --build-base /home/wxx/study_ros2/CHAPT2_ws/build/demo_python_topic/build install --record /home/wxx/study_ros2/CHAPT2_ws/build/demo_python_topic/install.log --install-scripts $base/lib/demo_python_topic --single-version-externally-managed install_data
