[0.036s] Invoking command in '/home/wxx/study_ros2/CHAPT2_ws/build/demo_cpp_pkg': CMAKE_PREFIX_PATH=/opt/ros/foxy /usr/bin/cmake --build /home/wxx/study_ros2/CHAPT2_ws/build/demo_cpp_pkg -- -j16 -l16
[0.316s] -- Found ament_cmake: 0.9.12 (/opt/ros/foxy/share/ament_cmake/cmake)
[0.317s] -- Using PYTHON_EXECUTABLE: /usr/bin/python3
[0.333s] -- Found rclcpp: 2.4.3 (/opt/ros/foxy/share/rclcpp/cmake)
[0.660s] -- Using all available rosidl_typesupport_c: rosidl_typesupport_fastrtps_c;rosidl_typesupport_introspection_c
[0.665s] -- Found rosidl_adapter: 1.3.1 (/opt/ros/foxy/share/rosidl_adapter/cmake)
[8.159s] -- Using all available rosidl_typesupport_cpp: rosidl_typesupport_fastrtps_cpp;rosidl_typesupport_introspection_cpp
[8.227s] -- Found rmw_implementation_cmake: 1.0.4 (/opt/ros/foxy/share/rmw_implementation_cmake/cmake)
[8.230s] -- Using RMW implementation 'rmw_fastrtps_cpp' as default
[8.371s] -- Found ament_lint_auto: 0.9.8 (/opt/ros/foxy/share/ament_lint_auto/cmake)
[8.441s] -- Added test 'copyright' to check source files copyright and LICENSE
[8.443s] -- Added test 'cppcheck' to perform static code analysis on C / C++ code
[8.444s] -- Configured cppcheck include dirs: 
[8.444s] -- Configured cppcheck exclude dirs and/or files: 
[8.444s] -- Added test 'cpplint' to check C / C++ code against the Google style
[8.445s] -- Configured cpplint exclude dirs and/or files: 
[8.445s] -- Added test 'lint_cmake' to check CMake code style
[8.447s] -- Added test 'uncrustify' to check C / C++ code style
[8.447s] -- Configured uncrustify additional arguments: 
[8.447s] -- Added test 'xmllint' to check XML markup files
[8.452s] -- Configuring done
[8.466s] -- Generating done
[8.469s] -- Build files have been written to: /home/wxx/study_ros2/CHAPT2_ws/build/demo_cpp_pkg
[8.532s] [100%] Built target node_01
[8.544s] Invoked command in '/home/wxx/study_ros2/CHAPT2_ws/build/demo_cpp_pkg' returned '0': CMAKE_PREFIX_PATH=/opt/ros/foxy /usr/bin/cmake --build /home/wxx/study_ros2/CHAPT2_ws/build/demo_cpp_pkg -- -j16 -l16
[8.557s] Invoking command in '/home/wxx/study_ros2/CHAPT2_ws/build/demo_cpp_pkg': CMAKE_PREFIX_PATH=/opt/ros/foxy /usr/bin/cmake --install /home/wxx/study_ros2/CHAPT2_ws/build/demo_cpp_pkg
[8.563s] -- Install configuration: ""
[8.563s] -- Up-to-date: /home/wxx/study_ros2/CHAPT2_ws/install/demo_cpp_pkg/share/ament_index/resource_index/package_run_dependencies/demo_cpp_pkg
[8.564s] -- Installing: /home/wxx/study_ros2/CHAPT2_ws/install/demo_cpp_pkg/share/ament_index/resource_index/parent_prefix_path/demo_cpp_pkg
[8.564s] -- Up-to-date: /home/wxx/study_ros2/CHAPT2_ws/install/demo_cpp_pkg/share/demo_cpp_pkg/environment/ament_prefix_path.sh
[8.564s] -- Installing: /home/wxx/study_ros2/CHAPT2_ws/install/demo_cpp_pkg/share/demo_cpp_pkg/environment/ament_prefix_path.dsv
[8.565s] -- Up-to-date: /home/wxx/study_ros2/CHAPT2_ws/install/demo_cpp_pkg/share/demo_cpp_pkg/environment/path.sh
[8.565s] -- Installing: /home/wxx/study_ros2/CHAPT2_ws/install/demo_cpp_pkg/share/demo_cpp_pkg/environment/path.dsv
[8.566s] -- Up-to-date: /home/wxx/study_ros2/CHAPT2_ws/install/demo_cpp_pkg/share/demo_cpp_pkg/local_setup.bash
[8.566s] -- Up-to-date: /home/wxx/study_ros2/CHAPT2_ws/install/demo_cpp_pkg/share/demo_cpp_pkg/local_setup.sh
[8.566s] -- Up-to-date: /home/wxx/study_ros2/CHAPT2_ws/install/demo_cpp_pkg/share/demo_cpp_pkg/local_setup.zsh
[8.566s] -- Installing: /home/wxx/study_ros2/CHAPT2_ws/install/demo_cpp_pkg/share/demo_cpp_pkg/local_setup.dsv
[8.566s] -- Installing: /home/wxx/study_ros2/CHAPT2_ws/install/demo_cpp_pkg/share/demo_cpp_pkg/package.dsv
[8.566s] -- Up-to-date: /home/wxx/study_ros2/CHAPT2_ws/install/demo_cpp_pkg/share/ament_index/resource_index/packages/demo_cpp_pkg
[8.567s] -- Up-to-date: /home/wxx/study_ros2/CHAPT2_ws/install/demo_cpp_pkg/share/demo_cpp_pkg/cmake/demo_cpp_pkgConfig.cmake
[8.567s] -- Up-to-date: /home/wxx/study_ros2/CHAPT2_ws/install/demo_cpp_pkg/share/demo_cpp_pkg/cmake/demo_cpp_pkgConfig-version.cmake
[8.567s] -- Up-to-date: /home/wxx/study_ros2/CHAPT2_ws/install/demo_cpp_pkg/share/demo_cpp_pkg/package.xml
[8.568s] -- Up-to-date: /home/wxx/study_ros2/CHAPT2_ws/install/demo_cpp_pkg/lib/demo_cpp_pkg/node_01
[8.570s] Invoked command in '/home/wxx/study_ros2/CHAPT2_ws/build/demo_cpp_pkg' returned '0': CMAKE_PREFIX_PATH=/opt/ros/foxy /usr/bin/cmake --install /home/wxx/study_ros2/CHAPT2_ws/build/demo_cpp_pkg
