[0.467s] DEBUG:colcon:Command line arguments: ['/usr/bin/colcon', 'build']
[0.467s] DEBUG:colcon:Parsed command line arguments: Namespace(allow_overriding=[], ament_cmake_args=None, base_paths=['.'], build_base='build', catkin_cmake_args=None, catkin_skip_building_tests=False, cmake_args=None, cmake_clean_cache=False, cmake_clean_first=False, cmake_force_configure=False, cmake_target=None, cmake_target_skip_unavailable=False, continue_on_error=False, event_handlers=None, executor='parallel', ignore_user_meta=False, install_base='install', log_base=None, log_level=None, main=<bound method BuildVerb.main of <colcon_core.verb.build.BuildVerb object at 0x7f6cb42451f0>>, merge_install=False, metas=['./colcon.meta'], packages_above=None, packages_above_and_dependencies=None, packages_above_depth=None, packages_end=None, packages_ignore=None, packages_ignore_regex=None, packages_select=None, packages_select_build_failed=False, packages_select_by_dep=None, packages_select_regex=None, packages_select_test_failures=False, packages_skip=None, packages_skip_build_finished=False, packages_skip_by_dep=None, packages_skip_regex=None, packages_skip_test_passed=False, packages_skip_up_to=None, packages_start=None, packages_up_to=None, packages_up_to_regex=None, parallel_workers=16, paths=None, symlink_install=False, test_result_base=None, verb_extension=<colcon_core.verb.build.BuildVerb object at 0x7f6cb42451f0>, verb_name='build', verb_parser=<colcon_defaults.argument_parser.defaults.DefaultArgumentsDecorator object at 0x7f6cb40f17f0>)
[0.680s] Level 1:colcon.colcon_core.package_discovery:discover_packages(colcon_meta) check parameters
[0.680s] Level 1:colcon.colcon_core.package_discovery:discover_packages(recursive) check parameters
[0.680s] Level 1:colcon.colcon_core.package_discovery:discover_packages(ignore) check parameters
[0.680s] Level 1:colcon.colcon_core.package_discovery:discover_packages(path) check parameters
[0.680s] Level 1:colcon.colcon_core.package_discovery:discover_packages(colcon_meta) discover
[0.680s] Level 1:colcon.colcon_core.package_discovery:discover_packages(recursive) discover
[0.681s] INFO:colcon.colcon_core.package_discovery:Crawling recursively for packages in '/home/wxx/study_ros2/CHAPT5_ws'
[0.681s] Level 1:colcon.colcon_core.package_identification:_identify(.) by extensions ['ignore', 'ignore_ament_install']
[0.681s] Level 1:colcon.colcon_core.package_identification:_identify(.) by extension 'ignore'
[0.681s] Level 1:colcon.colcon_core.package_identification:_identify(.) by extension 'ignore_ament_install'
[0.681s] Level 1:colcon.colcon_core.package_identification:_identify(.) by extensions ['colcon_pkg']
[0.681s] Level 1:colcon.colcon_core.package_identification:_identify(.) by extension 'colcon_pkg'
[0.681s] Level 1:colcon.colcon_core.package_identification:_identify(.) by extensions ['colcon_meta']
[0.681s] Level 1:colcon.colcon_core.package_identification:_identify(.) by extension 'colcon_meta'
[0.681s] Level 1:colcon.colcon_core.package_identification:_identify(.) by extensions ['ros']
[0.681s] Level 1:colcon.colcon_core.package_identification:_identify(.) by extension 'ros'
[0.694s] Level 1:colcon.colcon_core.package_identification:_identify(.) by extensions ['cmake', 'python']
[0.694s] Level 1:colcon.colcon_core.package_identification:_identify(.) by extension 'cmake'
[0.694s] Level 1:colcon.colcon_core.package_identification:_identify(.) by extension 'python'
[0.694s] Level 1:colcon.colcon_core.package_identification:_identify(.) by extensions ['python_setup_py']
[0.694s] Level 1:colcon.colcon_core.package_identification:_identify(.) by extension 'python_setup_py'
[0.694s] Level 1:colcon.colcon_core.package_identification:_identify(build) by extensions ['ignore', 'ignore_ament_install']
[0.694s] Level 1:colcon.colcon_core.package_identification:_identify(build) by extension 'ignore'
[0.694s] Level 1:colcon.colcon_core.package_identification:_identify(build) ignored
[0.695s] Level 1:colcon.colcon_core.package_identification:_identify(install) by extensions ['ignore', 'ignore_ament_install']
[0.695s] Level 1:colcon.colcon_core.package_identification:_identify(install) by extension 'ignore'
[0.695s] Level 1:colcon.colcon_core.package_identification:_identify(install) ignored
[0.695s] Level 1:colcon.colcon_core.package_identification:_identify(log) by extensions ['ignore', 'ignore_ament_install']
[0.695s] Level 1:colcon.colcon_core.package_identification:_identify(log) by extension 'ignore'
[0.695s] Level 1:colcon.colcon_core.package_identification:_identify(log) ignored
[0.695s] Level 1:colcon.colcon_core.package_identification:_identify(src) by extensions ['ignore', 'ignore_ament_install']
[0.695s] Level 1:colcon.colcon_core.package_identification:_identify(src) by extension 'ignore'
[0.696s] Level 1:colcon.colcon_core.package_identification:_identify(src) by extension 'ignore_ament_install'
[0.696s] Level 1:colcon.colcon_core.package_identification:_identify(src) by extensions ['colcon_pkg']
[0.696s] Level 1:colcon.colcon_core.package_identification:_identify(src) by extension 'colcon_pkg'
[0.696s] Level 1:colcon.colcon_core.package_identification:_identify(src) by extensions ['colcon_meta']
[0.696s] Level 1:colcon.colcon_core.package_identification:_identify(src) by extension 'colcon_meta'
[0.696s] Level 1:colcon.colcon_core.package_identification:_identify(src) by extensions ['ros']
[0.696s] Level 1:colcon.colcon_core.package_identification:_identify(src) by extension 'ros'
[0.696s] Level 1:colcon.colcon_core.package_identification:_identify(src) by extensions ['cmake', 'python']
[0.696s] Level 1:colcon.colcon_core.package_identification:_identify(src) by extension 'cmake'
[0.696s] Level 1:colcon.colcon_core.package_identification:_identify(src) by extension 'python'
[0.696s] Level 1:colcon.colcon_core.package_identification:_identify(src) by extensions ['python_setup_py']
[0.696s] Level 1:colcon.colcon_core.package_identification:_identify(src) by extension 'python_setup_py'
[0.696s] Level 1:colcon.colcon_core.package_identification:_identify(src/demo_py_tf) by extensions ['ignore', 'ignore_ament_install']
[0.696s] Level 1:colcon.colcon_core.package_identification:_identify(src/demo_py_tf) by extension 'ignore'
[0.696s] Level 1:colcon.colcon_core.package_identification:_identify(src/demo_py_tf) by extension 'ignore_ament_install'
[0.697s] Level 1:colcon.colcon_core.package_identification:_identify(src/demo_py_tf) by extensions ['colcon_pkg']
[0.697s] Level 1:colcon.colcon_core.package_identification:_identify(src/demo_py_tf) by extension 'colcon_pkg'
[0.697s] Level 1:colcon.colcon_core.package_identification:_identify(src/demo_py_tf) by extensions ['colcon_meta']
[0.697s] Level 1:colcon.colcon_core.package_identification:_identify(src/demo_py_tf) by extension 'colcon_meta'
[0.697s] Level 1:colcon.colcon_core.package_identification:_identify(src/demo_py_tf) by extensions ['ros']
[0.697s] Level 1:colcon.colcon_core.package_identification:_identify(src/demo_py_tf) by extension 'ros'
[0.700s] DEBUG:colcon.colcon_core.package_identification:Package 'src/demo_py_tf' with type 'ros.ament_python' and name 'demo_py_tf'
[0.700s] Level 1:colcon.colcon_core.package_discovery:discover_packages(recursive) using defaults
[0.700s] Level 1:colcon.colcon_core.package_discovery:discover_packages(ignore) discover
[0.700s] Level 1:colcon.colcon_core.package_discovery:discover_packages(ignore) using defaults
[0.700s] Level 1:colcon.colcon_core.package_discovery:discover_packages(path) discover
[0.700s] Level 1:colcon.colcon_core.package_discovery:discover_packages(path) using defaults
[0.721s] Level 1:colcon.colcon_core.package_discovery:discover_packages(prefix_path) check parameters
[0.721s] Level 1:colcon.colcon_core.package_discovery:discover_packages(prefix_path) discover
[0.725s] DEBUG:colcon.colcon_installed_package_information.package_discovery:Found 1 installed packages in /home/wxx/study_ros2/CHAPT5_ws/install
[0.726s] DEBUG:colcon.colcon_installed_package_information.package_discovery:Found 261 installed packages in /opt/ros/foxy
[0.728s] Level 1:colcon.colcon_core.package_discovery:discover_packages(prefix_path) using defaults
[0.839s] Level 5:colcon.colcon_core.verb:set package 'demo_py_tf' build argument 'cmake_args' from command line to 'None'
[0.840s] Level 5:colcon.colcon_core.verb:set package 'demo_py_tf' build argument 'cmake_target' from command line to 'None'
[0.840s] Level 5:colcon.colcon_core.verb:set package 'demo_py_tf' build argument 'cmake_target_skip_unavailable' from command line to 'False'
[0.840s] Level 5:colcon.colcon_core.verb:set package 'demo_py_tf' build argument 'cmake_clean_cache' from command line to 'False'
[0.840s] Level 5:colcon.colcon_core.verb:set package 'demo_py_tf' build argument 'cmake_clean_first' from command line to 'False'
[0.840s] Level 5:colcon.colcon_core.verb:set package 'demo_py_tf' build argument 'cmake_force_configure' from command line to 'False'
[0.840s] Level 5:colcon.colcon_core.verb:set package 'demo_py_tf' build argument 'ament_cmake_args' from command line to 'None'
[0.840s] Level 5:colcon.colcon_core.verb:set package 'demo_py_tf' build argument 'catkin_cmake_args' from command line to 'None'
[0.840s] Level 5:colcon.colcon_core.verb:set package 'demo_py_tf' build argument 'catkin_skip_building_tests' from command line to 'False'
[0.840s] DEBUG:colcon.colcon_core.verb:Building package 'demo_py_tf' with the following arguments: {'ament_cmake_args': None, 'build_base': '/home/wxx/study_ros2/CHAPT5_ws/build/demo_py_tf', 'catkin_cmake_args': None, 'catkin_skip_building_tests': False, 'cmake_args': None, 'cmake_clean_cache': False, 'cmake_clean_first': False, 'cmake_force_configure': False, 'cmake_target': None, 'cmake_target_skip_unavailable': False, 'install_base': '/home/wxx/study_ros2/CHAPT5_ws/install/demo_py_tf', 'merge_install': False, 'path': '/home/wxx/study_ros2/CHAPT5_ws/src/demo_py_tf', 'symlink_install': False, 'test_result_base': None}
[0.840s] INFO:colcon.colcon_core.executor:Executing jobs using 'parallel' executor
[0.841s] DEBUG:colcon.colcon_parallel_executor.executor.parallel:run_until_complete
[0.842s] INFO:colcon.colcon_ros.task.ament_python.build:Building ROS package in '/home/wxx/study_ros2/CHAPT5_ws/src/demo_py_tf' with build type 'ament_python'
[0.842s] Level 1:colcon.colcon_core.shell:create_environment_hook('demo_py_tf', 'ament_prefix_path')
[0.847s] INFO:colcon.colcon_core.plugin_system:Skipping extension 'colcon_core.shell.bat': Not used on non-Windows systems
[0.847s] INFO:colcon.colcon_core.shell:Creating environment hook '/home/wxx/study_ros2/CHAPT5_ws/install/demo_py_tf/share/demo_py_tf/hook/ament_prefix_path.ps1'
[0.848s] INFO:colcon.colcon_core.shell:Creating environment descriptor '/home/wxx/study_ros2/CHAPT5_ws/install/demo_py_tf/share/demo_py_tf/hook/ament_prefix_path.dsv'
[0.849s] INFO:colcon.colcon_core.shell:Creating environment hook '/home/wxx/study_ros2/CHAPT5_ws/install/demo_py_tf/share/demo_py_tf/hook/ament_prefix_path.sh'
[0.850s] INFO:colcon.colcon_core.shell:Skip shell extension 'powershell' for command environment: Not usable outside of PowerShell
[0.850s] DEBUG:colcon.colcon_core.shell:Skip shell extension 'dsv' for command environment
[1.027s] INFO:colcon.colcon_core.task.python.build:Building Python package in '/home/wxx/study_ros2/CHAPT5_ws/src/demo_py_tf'
[1.027s] INFO:colcon.colcon_core.shell:Skip shell extension 'powershell' for command environment: Not usable outside of PowerShell
[1.027s] DEBUG:colcon.colcon_core.shell:Skip shell extension 'dsv' for command environment
[1.393s] DEBUG:colcon.colcon_core.event_handler.log_command:Invoking command in '/home/wxx/study_ros2/CHAPT5_ws/src/demo_py_tf': PYTHONPATH=/home/wxx/study_ros2/CHAPT5_ws/build/demo_py_tf/prefix_override:/usr/lib/python3/dist-packages/colcon_core/task/python/colcon_distutils_commands:/home/wxx/study_ros2/CHAPT5_ws/install/demo_py_tf/lib/python3.8/site-packages:${PYTHONPATH} /usr/bin/python3 -W ignore:setup.py install is deprecated -W ignore:easy_install command is deprecated setup.py egg_info --egg-base ../../build/demo_py_tf build --build-base /home/wxx/study_ros2/CHAPT5_ws/build/demo_py_tf/build install --record /home/wxx/study_ros2/CHAPT5_ws/build/demo_py_tf/install.log --install-scripts $base/lib/demo_py_tf --single-version-externally-managed install_data
[1.617s] DEBUG:colcon.colcon_core.event_handler.log_command:Invoked command in '/home/wxx/study_ros2/CHAPT5_ws/src/demo_py_tf' returned '0': PYTHONPATH=/home/wxx/study_ros2/CHAPT5_ws/build/demo_py_tf/prefix_override:/usr/lib/python3/dist-packages/colcon_core/task/python/colcon_distutils_commands:/home/wxx/study_ros2/CHAPT5_ws/install/demo_py_tf/lib/python3.8/site-packages:${PYTHONPATH} /usr/bin/python3 -W ignore:setup.py install is deprecated -W ignore:easy_install command is deprecated setup.py egg_info --egg-base ../../build/demo_py_tf build --build-base /home/wxx/study_ros2/CHAPT5_ws/build/demo_py_tf/build install --record /home/wxx/study_ros2/CHAPT5_ws/build/demo_py_tf/install.log --install-scripts $base/lib/demo_py_tf --single-version-externally-managed install_data
[1.623s] Level 1:colcon.colcon_core.environment:checking '/home/wxx/study_ros2/CHAPT5_ws/install/demo_py_tf' for CMake module files
[1.624s] Level 1:colcon.colcon_core.environment:checking '/home/wxx/study_ros2/CHAPT5_ws/install/demo_py_tf' for CMake config files
[1.627s] Level 1:colcon.colcon_core.environment:checking '/home/wxx/study_ros2/CHAPT5_ws/install/demo_py_tf/lib'
[1.627s] Level 1:colcon.colcon_core.environment:checking '/home/wxx/study_ros2/CHAPT5_ws/install/demo_py_tf/bin'
[1.627s] Level 1:colcon.colcon_core.environment:checking '/home/wxx/study_ros2/CHAPT5_ws/install/demo_py_tf/lib/pkgconfig/demo_py_tf.pc'
[1.627s] Level 1:colcon.colcon_core.environment:checking '/home/wxx/study_ros2/CHAPT5_ws/install/demo_py_tf/lib/python3.8/site-packages'
[1.627s] Level 1:colcon.colcon_core.shell:create_environment_hook('demo_py_tf', 'pythonpath')
[1.628s] INFO:colcon.colcon_core.shell:Creating environment hook '/home/wxx/study_ros2/CHAPT5_ws/install/demo_py_tf/share/demo_py_tf/hook/pythonpath.ps1'
[1.628s] INFO:colcon.colcon_core.shell:Creating environment descriptor '/home/wxx/study_ros2/CHAPT5_ws/install/demo_py_tf/share/demo_py_tf/hook/pythonpath.dsv'
[1.629s] INFO:colcon.colcon_core.shell:Creating environment hook '/home/wxx/study_ros2/CHAPT5_ws/install/demo_py_tf/share/demo_py_tf/hook/pythonpath.sh'
[1.629s] Level 1:colcon.colcon_core.environment:checking '/home/wxx/study_ros2/CHAPT5_ws/install/demo_py_tf/bin'
[1.629s] Level 1:colcon.colcon_core.environment:create_environment_scripts_only(demo_py_tf)
[1.630s] INFO:colcon.colcon_core.shell:Creating package script '/home/wxx/study_ros2/CHAPT5_ws/install/demo_py_tf/share/demo_py_tf/package.ps1'
[1.631s] INFO:colcon.colcon_core.shell:Creating package descriptor '/home/wxx/study_ros2/CHAPT5_ws/install/demo_py_tf/share/demo_py_tf/package.dsv'
[1.632s] INFO:colcon.colcon_core.shell:Creating package script '/home/wxx/study_ros2/CHAPT5_ws/install/demo_py_tf/share/demo_py_tf/package.sh'
[1.633s] INFO:colcon.colcon_core.shell:Creating package script '/home/wxx/study_ros2/CHAPT5_ws/install/demo_py_tf/share/demo_py_tf/package.bash'
[1.634s] INFO:colcon.colcon_core.shell:Creating package script '/home/wxx/study_ros2/CHAPT5_ws/install/demo_py_tf/share/demo_py_tf/package.zsh'
[1.635s] Level 1:colcon.colcon_core.environment:create_file_with_runtime_dependencies(/home/wxx/study_ros2/CHAPT5_ws/install/demo_py_tf/share/colcon-core/packages/demo_py_tf)
[1.636s] DEBUG:colcon.colcon_parallel_executor.executor.parallel:closing loop
[1.637s] DEBUG:colcon.colcon_parallel_executor.executor.parallel:loop closed
[1.637s] DEBUG:colcon.colcon_parallel_executor.executor.parallel:run_until_complete finished with '0'
[1.637s] DEBUG:colcon.colcon_core.event_reactor:joining thread
[1.646s] INFO:colcon.colcon_core.plugin_system:Skipping extension 'colcon_notification.desktop_notification.terminal_notifier': Not used on non-Darwin systems
[1.646s] INFO:colcon.colcon_core.plugin_system:Skipping extension 'colcon_notification.desktop_notification.win32': Not used on non-Windows systems
[1.646s] INFO:colcon.colcon_notification.desktop_notification:Sending desktop notification using 'notify2'
[1.651s] DEBUG:colcon.colcon_core.event_reactor:joined thread
[1.652s] INFO:colcon.colcon_core.shell:Creating prefix script '/home/wxx/study_ros2/CHAPT5_ws/install/local_setup.ps1'
[1.653s] INFO:colcon.colcon_core.shell:Creating prefix util module '/home/wxx/study_ros2/CHAPT5_ws/install/_local_setup_util_ps1.py'
[1.656s] INFO:colcon.colcon_core.shell:Creating prefix chain script '/home/wxx/study_ros2/CHAPT5_ws/install/setup.ps1'
[1.658s] INFO:colcon.colcon_core.shell:Creating prefix script '/home/wxx/study_ros2/CHAPT5_ws/install/local_setup.sh'
[1.659s] INFO:colcon.colcon_core.shell:Creating prefix util module '/home/wxx/study_ros2/CHAPT5_ws/install/_local_setup_util_sh.py'
[1.659s] INFO:colcon.colcon_core.shell:Creating prefix chain script '/home/wxx/study_ros2/CHAPT5_ws/install/setup.sh'
[1.660s] INFO:colcon.colcon_core.shell:Creating prefix script '/home/wxx/study_ros2/CHAPT5_ws/install/local_setup.bash'
[1.661s] INFO:colcon.colcon_core.shell:Creating prefix chain script '/home/wxx/study_ros2/CHAPT5_ws/install/setup.bash'
[1.662s] INFO:colcon.colcon_core.shell:Creating prefix script '/home/wxx/study_ros2/CHAPT5_ws/install/local_setup.zsh'
[1.663s] INFO:colcon.colcon_core.shell:Creating prefix chain script '/home/wxx/study_ros2/CHAPT5_ws/install/setup.zsh'
