[0.035s] Invoking command in '/home/wxx/study_ros2/CHAPT2_ws/build/demo_cpp_pkg': CMAKE_PREFIX_PATH=${CMAKE_PREFIX_PATH}:/home/wxx/study_ros2/install/demo_py_pkg:/home/wxx/install/demo_py_pkg:/opt/ros/foxy /usr/bin/cmake /home/wxx/study_ros2/CHAPT2_ws/src/demo_cpp_pkg -DCMAKE_INSTALL_PREFIX=/home/wxx/study_ros2/CHAPT2_ws/install/demo_cpp_pkg
[0.504s] -- The C compiler identification is GNU 9.4.0
[1.088s] -- The CXX compiler identification is GNU 9.4.0
[1.353s] -- Check for working C compiler: /usr/bin/cc
[1.596s] -- Check for working C compiler: /usr/bin/cc -- works
[1.603s] -- Detecting C compiler ABI info
[1.843s] -- Detecting C compiler ABI info - done
[1.852s] -- Detecting C compile features
[1.852s] -- Detecting C compile features - done
[1.855s] -- Check for working CXX compiler: /usr/bin/c++
[2.094s] -- Check for working CXX compiler: /usr/bin/c++ -- works
[2.094s] -- Detecting CXX compiler ABI info
[2.334s] -- Detecting CXX compiler ABI info - done
[2.343s] -- Detecting CXX compile features
[2.343s] -- Detecting CXX compile features - done
[2.356s] -- Found ament_cmake: 0.9.12 (/opt/ros/foxy/share/ament_cmake/cmake)
[2.381s] -- Found PythonInterp: /usr/bin/python3 (found suitable version "3.8.10", minimum required is "3") 
[2.381s] -- Using PYTHON_EXECUTABLE: /usr/bin/python3
[2.547s] -- Found rclcpp: 2.4.3 (/opt/ros/foxy/share/rclcpp/cmake)
[2.847s] -- Using all available rosidl_typesupport_c: rosidl_typesupport_fastrtps_c;rosidl_typesupport_introspection_c
[2.856s] -- Found rosidl_adapter: 1.3.1 (/opt/ros/foxy/share/rosidl_adapter/cmake)
[4.703s] -- Found OpenSSL: /usr/lib/x86_64-linux-gnu/libcrypto.so (found version "1.1.1f")  
[6.690s] -- Found FastRTPS: /opt/ros/foxy/include  
[10.226s] -- Using all available rosidl_typesupport_cpp: rosidl_typesupport_fastrtps_cpp;rosidl_typesupport_introspection_cpp
[10.291s] -- Found rmw_implementation_cmake: 1.0.4 (/opt/ros/foxy/share/rmw_implementation_cmake/cmake)
[10.293s] -- Using RMW implementation 'rmw_fastrtps_cpp' as default
[10.296s] -- Looking for pthread.h
[10.537s] -- Looking for pthread.h - found
[10.537s] -- Performing Test CMAKE_HAVE_LIBC_PTHREAD
[10.749s] -- Performing Test CMAKE_HAVE_LIBC_PTHREAD - Failed
[10.749s] -- Looking for pthread_create in pthreads
[10.984s] -- Looking for pthread_create in pthreads - not found
[10.984s] -- Looking for pthread_create in pthread
[11.201s] -- Looking for pthread_create in pthread - found
[11.201s] -- Found Threads: TRUE  
[11.371s] -- Found ament_lint_auto: 0.9.8 (/opt/ros/foxy/share/ament_lint_auto/cmake)
[11.441s] -- Added test 'copyright' to check source files copyright and LICENSE
[11.443s] -- Added test 'cppcheck' to perform static code analysis on C / C++ code
[11.443s] -- Configured cppcheck include dirs: 
[11.443s] -- Configured cppcheck exclude dirs and/or files: 
[11.445s] -- Added test 'cpplint' to check C / C++ code against the Google style
[11.445s] -- Configured cpplint exclude dirs and/or files: 
[11.447s] -- Added test 'lint_cmake' to check CMake code style
[11.449s] -- Added test 'uncrustify' to check C / C++ code style
[11.449s] -- Configured uncrustify additional arguments: 
[11.450s] -- Added test 'xmllint' to check XML markup files
[11.456s] -- Configuring done
[11.464s] -- Generating done
[11.467s] -- Build files have been written to: /home/wxx/study_ros2/CHAPT2_ws/build/demo_cpp_pkg
[11.477s] Invoked command in '/home/wxx/study_ros2/CHAPT2_ws/build/demo_cpp_pkg' returned '0': CMAKE_PREFIX_PATH=${CMAKE_PREFIX_PATH}:/home/wxx/study_ros2/install/demo_py_pkg:/home/wxx/install/demo_py_pkg:/opt/ros/foxy /usr/bin/cmake /home/wxx/study_ros2/CHAPT2_ws/src/demo_cpp_pkg -DCMAKE_INSTALL_PREFIX=/home/wxx/study_ros2/CHAPT2_ws/install/demo_cpp_pkg
[11.478s] Invoking command in '/home/wxx/study_ros2/CHAPT2_ws/build/demo_cpp_pkg': CMAKE_PREFIX_PATH=${CMAKE_PREFIX_PATH}:/home/wxx/study_ros2/install/demo_py_pkg:/home/wxx/install/demo_py_pkg:/opt/ros/foxy /usr/bin/cmake --build /home/wxx/study_ros2/CHAPT2_ws/build/demo_cpp_pkg -- -j16 -l16
[11.511s] [35m[1mScanning dependencies of target node_01[0m
[11.625s] [ 50%] [32mBuilding CXX object CMakeFiles/node_01.dir/src/node.cpp.o[0m
[13.040s] [100%] [32m[1mLinking CXX executable node_01[0m
[13.347s] [100%] Built target node_01
[13.369s] Invoked command in '/home/wxx/study_ros2/CHAPT2_ws/build/demo_cpp_pkg' returned '0': CMAKE_PREFIX_PATH=${CMAKE_PREFIX_PATH}:/home/wxx/study_ros2/install/demo_py_pkg:/home/wxx/install/demo_py_pkg:/opt/ros/foxy /usr/bin/cmake --build /home/wxx/study_ros2/CHAPT2_ws/build/demo_cpp_pkg -- -j16 -l16
[13.395s] Invoking command in '/home/wxx/study_ros2/CHAPT2_ws/build/demo_cpp_pkg': CMAKE_PREFIX_PATH=${CMAKE_PREFIX_PATH}:/home/wxx/study_ros2/install/demo_py_pkg:/home/wxx/install/demo_py_pkg:/opt/ros/foxy /usr/bin/cmake --install /home/wxx/study_ros2/CHAPT2_ws/build/demo_cpp_pkg
[13.411s] -- Install configuration: ""
[13.413s] -- Installing: /home/wxx/study_ros2/CHAPT2_ws/install/demo_cpp_pkg/share/ament_index/resource_index/package_run_dependencies/demo_cpp_pkg
[13.414s] -- Installing: /home/wxx/study_ros2/CHAPT2_ws/install/demo_cpp_pkg/share/ament_index/resource_index/parent_prefix_path/demo_cpp_pkg
[13.415s] -- Installing: /home/wxx/study_ros2/CHAPT2_ws/install/demo_cpp_pkg/share/demo_cpp_pkg/environment/ament_prefix_path.sh
[13.416s] -- Installing: /home/wxx/study_ros2/CHAPT2_ws/install/demo_cpp_pkg/share/demo_cpp_pkg/environment/ament_prefix_path.dsv
[13.418s] -- Installing: /home/wxx/study_ros2/CHAPT2_ws/install/demo_cpp_pkg/share/demo_cpp_pkg/environment/path.sh
[13.418s] -- Installing: /home/wxx/study_ros2/CHAPT2_ws/install/demo_cpp_pkg/share/demo_cpp_pkg/environment/path.dsv
[13.419s] -- Installing: /home/wxx/study_ros2/CHAPT2_ws/install/demo_cpp_pkg/share/demo_cpp_pkg/local_setup.bash
[13.420s] -- Installing: /home/wxx/study_ros2/CHAPT2_ws/install/demo_cpp_pkg/share/demo_cpp_pkg/local_setup.sh
[13.421s] -- Installing: /home/wxx/study_ros2/CHAPT2_ws/install/demo_cpp_pkg/share/demo_cpp_pkg/local_setup.zsh
[13.421s] -- Installing: /home/wxx/study_ros2/CHAPT2_ws/install/demo_cpp_pkg/share/demo_cpp_pkg/local_setup.dsv
[13.421s] -- Installing: /home/wxx/study_ros2/CHAPT2_ws/install/demo_cpp_pkg/share/demo_cpp_pkg/package.dsv
[13.421s] -- Installing: /home/wxx/study_ros2/CHAPT2_ws/install/demo_cpp_pkg/share/ament_index/resource_index/packages/demo_cpp_pkg
[13.424s] -- Installing: /home/wxx/study_ros2/CHAPT2_ws/install/demo_cpp_pkg/share/demo_cpp_pkg/cmake/demo_cpp_pkgConfig.cmake
[13.424s] -- Installing: /home/wxx/study_ros2/CHAPT2_ws/install/demo_cpp_pkg/share/demo_cpp_pkg/cmake/demo_cpp_pkgConfig-version.cmake
[13.425s] -- Installing: /home/wxx/study_ros2/CHAPT2_ws/install/demo_cpp_pkg/share/demo_cpp_pkg/package.xml
[13.427s] -- Installing: /home/wxx/study_ros2/CHAPT2_ws/install/demo_cpp_pkg/lib/demo_cpp_pkg/node_01
[13.433s] -- Set runtime path of "/home/wxx/study_ros2/CHAPT2_ws/install/demo_cpp_pkg/lib/demo_cpp_pkg/node_01" to ""
[13.444s] Invoked command in '/home/wxx/study_ros2/CHAPT2_ws/build/demo_cpp_pkg' returned '0': CMAKE_PREFIX_PATH=${CMAKE_PREFIX_PATH}:/home/wxx/study_ros2/install/demo_py_pkg:/home/wxx/install/demo_py_pkg:/opt/ros/foxy /usr/bin/cmake --install /home/wxx/study_ros2/CHAPT2_ws/build/demo_cpp_pkg
