[0.503s] DEBUG:colcon:Command line arguments: ['/usr/bin/colcon', 'build']
[0.505s] DEBUG:colcon:Parsed command line arguments: Namespace(allow_overriding=[], ament_cmake_args=None, base_paths=['.'], build_base='build', catkin_cmake_args=None, catkin_skip_building_tests=False, cmake_args=None, cmake_clean_cache=False, cmake_clean_first=False, cmake_force_configure=False, cmake_target=None, cmake_target_skip_unavailable=False, continue_on_error=False, event_handlers=None, executor='parallel', ignore_user_meta=False, install_base='install', log_base=None, log_level=None, main=<bound method BuildVerb.main of <colcon_core.verb.build.BuildVerb object at 0x7f09d03aaf70>>, merge_install=False, metas=['./colcon.meta'], packages_above=None, packages_above_and_dependencies=None, packages_above_depth=None, packages_end=None, packages_ignore=None, packages_ignore_regex=None, packages_select=None, packages_select_build_failed=False, packages_select_by_dep=None, packages_select_regex=None, packages_select_test_failures=False, packages_skip=None, packages_skip_build_finished=False, packages_skip_by_dep=None, packages_skip_regex=None, packages_skip_test_passed=False, packages_skip_up_to=None, packages_start=None, packages_up_to=None, packages_up_to_regex=None, parallel_workers=16, paths=None, symlink_install=False, test_result_base=None, verb_extension=<colcon_core.verb.build.BuildVerb object at 0x7f09d03aaf70>, verb_name='build', verb_parser=<colcon_defaults.argument_parser.defaults.DefaultArgumentsDecorator object at 0x7f09d03b84c0>)
[0.707s] Level 1:colcon.colcon_core.package_discovery:discover_packages(colcon_meta) check parameters
[0.707s] Level 1:colcon.colcon_core.package_discovery:discover_packages(recursive) check parameters
[0.707s] Level 1:colcon.colcon_core.package_discovery:discover_packages(ignore) check parameters
[0.707s] Level 1:colcon.colcon_core.package_discovery:discover_packages(path) check parameters
[0.707s] Level 1:colcon.colcon_core.package_discovery:discover_packages(colcon_meta) discover
[0.707s] Level 1:colcon.colcon_core.package_discovery:discover_packages(recursive) discover
[0.707s] INFO:colcon.colcon_core.package_discovery:Crawling recursively for packages in '/home/wxx/study_ros2/CHAPT2_ws'
[0.707s] Level 1:colcon.colcon_core.package_identification:_identify(.) by extensions ['ignore', 'ignore_ament_install']
[0.707s] Level 1:colcon.colcon_core.package_identification:_identify(.) by extension 'ignore'
[0.707s] Level 1:colcon.colcon_core.package_identification:_identify(.) by extension 'ignore_ament_install'
[0.708s] Level 1:colcon.colcon_core.package_identification:_identify(.) by extensions ['colcon_pkg']
[0.708s] Level 1:colcon.colcon_core.package_identification:_identify(.) by extension 'colcon_pkg'
[0.708s] Level 1:colcon.colcon_core.package_identification:_identify(.) by extensions ['colcon_meta']
[0.708s] Level 1:colcon.colcon_core.package_identification:_identify(.) by extension 'colcon_meta'
[0.708s] Level 1:colcon.colcon_core.package_identification:_identify(.) by extensions ['ros']
[0.708s] Level 1:colcon.colcon_core.package_identification:_identify(.) by extension 'ros'
[0.721s] Level 1:colcon.colcon_core.package_identification:_identify(.) by extensions ['cmake', 'python']
[0.721s] Level 1:colcon.colcon_core.package_identification:_identify(.) by extension 'cmake'
[0.721s] Level 1:colcon.colcon_core.package_identification:_identify(.) by extension 'python'
[0.722s] Level 1:colcon.colcon_core.package_identification:_identify(.) by extensions ['python_setup_py']
[0.722s] Level 1:colcon.colcon_core.package_identification:_identify(.) by extension 'python_setup_py'
[0.722s] Level 1:colcon.colcon_core.package_identification:_identify(build) by extensions ['ignore', 'ignore_ament_install']
[0.722s] Level 1:colcon.colcon_core.package_identification:_identify(build) by extension 'ignore'
[0.722s] Level 1:colcon.colcon_core.package_identification:_identify(build) ignored
[0.723s] Level 1:colcon.colcon_core.package_identification:_identify(install) by extensions ['ignore', 'ignore_ament_install']
[0.723s] Level 1:colcon.colcon_core.package_identification:_identify(install) by extension 'ignore'
[0.723s] Level 1:colcon.colcon_core.package_identification:_identify(install) ignored
[0.723s] Level 1:colcon.colcon_core.package_identification:_identify(log) by extensions ['ignore', 'ignore_ament_install']
[0.723s] Level 1:colcon.colcon_core.package_identification:_identify(log) by extension 'ignore'
[0.723s] Level 1:colcon.colcon_core.package_identification:_identify(log) ignored
[0.724s] Level 1:colcon.colcon_core.package_identification:_identify(src) by extensions ['ignore', 'ignore_ament_install']
[0.724s] Level 1:colcon.colcon_core.package_identification:_identify(src) by extension 'ignore'
[0.724s] Level 1:colcon.colcon_core.package_identification:_identify(src) by extension 'ignore_ament_install'
[0.724s] Level 1:colcon.colcon_core.package_identification:_identify(src) by extensions ['colcon_pkg']
[0.724s] Level 1:colcon.colcon_core.package_identification:_identify(src) by extension 'colcon_pkg'
[0.724s] Level 1:colcon.colcon_core.package_identification:_identify(src) by extensions ['colcon_meta']
[0.724s] Level 1:colcon.colcon_core.package_identification:_identify(src) by extension 'colcon_meta'
[0.724s] Level 1:colcon.colcon_core.package_identification:_identify(src) by extensions ['ros']
[0.724s] Level 1:colcon.colcon_core.package_identification:_identify(src) by extension 'ros'
[0.725s] Level 1:colcon.colcon_core.package_identification:_identify(src) by extensions ['cmake', 'python']
[0.725s] Level 1:colcon.colcon_core.package_identification:_identify(src) by extension 'cmake'
[0.725s] Level 1:colcon.colcon_core.package_identification:_identify(src) by extension 'python'
[0.725s] Level 1:colcon.colcon_core.package_identification:_identify(src) by extensions ['python_setup_py']
[0.725s] Level 1:colcon.colcon_core.package_identification:_identify(src) by extension 'python_setup_py'
[0.725s] Level 1:colcon.colcon_core.package_identification:_identify(src/demo_cpp_pkg) by extensions ['ignore', 'ignore_ament_install']
[0.725s] Level 1:colcon.colcon_core.package_identification:_identify(src/demo_cpp_pkg) by extension 'ignore'
[0.725s] Level 1:colcon.colcon_core.package_identification:_identify(src/demo_cpp_pkg) by extension 'ignore_ament_install'
[0.725s] Level 1:colcon.colcon_core.package_identification:_identify(src/demo_cpp_pkg) by extensions ['colcon_pkg']
[0.725s] Level 1:colcon.colcon_core.package_identification:_identify(src/demo_cpp_pkg) by extension 'colcon_pkg'
[0.726s] Level 1:colcon.colcon_core.package_identification:_identify(src/demo_cpp_pkg) by extensions ['colcon_meta']
[0.726s] Level 1:colcon.colcon_core.package_identification:_identify(src/demo_cpp_pkg) by extension 'colcon_meta'
[0.726s] Level 1:colcon.colcon_core.package_identification:_identify(src/demo_cpp_pkg) by extensions ['ros']
[0.726s] Level 1:colcon.colcon_core.package_identification:_identify(src/demo_cpp_pkg) by extension 'ros'
[0.730s] DEBUG:colcon.colcon_core.package_identification:Package 'src/demo_cpp_pkg' with type 'ros.ament_cmake' and name 'demo_cpp_pkg'
[0.730s] Level 1:colcon.colcon_core.package_identification:_identify(src/demo_py_pkg) by extensions ['ignore', 'ignore_ament_install']
[0.730s] Level 1:colcon.colcon_core.package_identification:_identify(src/demo_py_pkg) by extension 'ignore'
[0.731s] Level 1:colcon.colcon_core.package_identification:_identify(src/demo_py_pkg) by extension 'ignore_ament_install'
[0.731s] Level 1:colcon.colcon_core.package_identification:_identify(src/demo_py_pkg) by extensions ['colcon_pkg']
[0.731s] Level 1:colcon.colcon_core.package_identification:_identify(src/demo_py_pkg) by extension 'colcon_pkg'
[0.731s] Level 1:colcon.colcon_core.package_identification:_identify(src/demo_py_pkg) by extensions ['colcon_meta']
[0.731s] Level 1:colcon.colcon_core.package_identification:_identify(src/demo_py_pkg) by extension 'colcon_meta'
[0.731s] Level 1:colcon.colcon_core.package_identification:_identify(src/demo_py_pkg) by extensions ['ros']
[0.731s] Level 1:colcon.colcon_core.package_identification:_identify(src/demo_py_pkg) by extension 'ros'
[0.732s] DEBUG:colcon.colcon_core.package_identification:Package 'src/demo_py_pkg' with type 'ros.ament_python' and name 'demo_py_pkg'
[0.732s] Level 1:colcon.colcon_core.package_discovery:discover_packages(recursive) using defaults
[0.732s] Level 1:colcon.colcon_core.package_discovery:discover_packages(ignore) discover
[0.732s] Level 1:colcon.colcon_core.package_discovery:discover_packages(ignore) using defaults
[0.732s] Level 1:colcon.colcon_core.package_discovery:discover_packages(path) discover
[0.732s] Level 1:colcon.colcon_core.package_discovery:discover_packages(path) using defaults
[0.756s] Level 1:colcon.colcon_core.package_discovery:discover_packages(prefix_path) check parameters
[0.756s] Level 1:colcon.colcon_core.package_discovery:discover_packages(prefix_path) discover
[0.759s] WARNING:colcon.colcon_core.prefix_path.colcon:The path '/home/wxx/install' in the environment variable COLCON_PREFIX_PATH doesn't exist
[0.760s] WARNING:colcon.colcon_ros.prefix_path.ament:The path '/home/wxx/install/village_wang' in the environment variable AMENT_PREFIX_PATH doesn't exist
[0.760s] WARNING:colcon.colcon_ros.prefix_path.ament:The path '/home/wxx/install/demo_py_pkg' in the environment variable AMENT_PREFIX_PATH doesn't exist
[0.760s] WARNING:colcon.colcon_ros.prefix_path.ament:The path '/home/wxx/install/demo_cpp_pkg' in the environment variable AMENT_PREFIX_PATH doesn't exist
[0.760s] WARNING:colcon.colcon_ros.prefix_path.catkin:The path '/home/wxx/install/village_wang' in the environment variable CMAKE_PREFIX_PATH doesn't exist
[0.760s] WARNING:colcon.colcon_ros.prefix_path.catkin:The path '/home/wxx/install/demo_cpp_pkg' in the environment variable CMAKE_PREFIX_PATH doesn't exist
[0.761s] DEBUG:colcon.colcon_installed_package_information.package_discovery:Found 2 installed packages in /home/wxx/study_ros2/install
[0.762s] DEBUG:colcon.colcon_installed_package_information.package_discovery:Found 256 installed packages in /opt/ros/foxy
[0.764s] Level 1:colcon.colcon_core.package_discovery:discover_packages(prefix_path) using defaults
[0.861s] Level 5:colcon.colcon_core.verb:set package 'demo_cpp_pkg' build argument 'cmake_args' from command line to 'None'
[0.861s] Level 5:colcon.colcon_core.verb:set package 'demo_cpp_pkg' build argument 'cmake_target' from command line to 'None'
[0.861s] Level 5:colcon.colcon_core.verb:set package 'demo_cpp_pkg' build argument 'cmake_target_skip_unavailable' from command line to 'False'
[0.861s] Level 5:colcon.colcon_core.verb:set package 'demo_cpp_pkg' build argument 'cmake_clean_cache' from command line to 'False'
[0.862s] Level 5:colcon.colcon_core.verb:set package 'demo_cpp_pkg' build argument 'cmake_clean_first' from command line to 'False'
[0.862s] Level 5:colcon.colcon_core.verb:set package 'demo_cpp_pkg' build argument 'cmake_force_configure' from command line to 'False'
[0.862s] Level 5:colcon.colcon_core.verb:set package 'demo_cpp_pkg' build argument 'ament_cmake_args' from command line to 'None'
[0.862s] Level 5:colcon.colcon_core.verb:set package 'demo_cpp_pkg' build argument 'catkin_cmake_args' from command line to 'None'
[0.862s] Level 5:colcon.colcon_core.verb:set package 'demo_cpp_pkg' build argument 'catkin_skip_building_tests' from command line to 'False'
[0.862s] DEBUG:colcon.colcon_core.verb:Building package 'demo_cpp_pkg' with the following arguments: {'ament_cmake_args': None, 'build_base': '/home/wxx/study_ros2/CHAPT2_ws/build/demo_cpp_pkg', 'catkin_cmake_args': None, 'catkin_skip_building_tests': False, 'cmake_args': None, 'cmake_clean_cache': False, 'cmake_clean_first': False, 'cmake_force_configure': False, 'cmake_target': None, 'cmake_target_skip_unavailable': False, 'install_base': '/home/wxx/study_ros2/CHAPT2_ws/install/demo_cpp_pkg', 'merge_install': False, 'path': '/home/wxx/study_ros2/CHAPT2_ws/src/demo_cpp_pkg', 'symlink_install': False, 'test_result_base': None}
[0.862s] Level 5:colcon.colcon_core.verb:set package 'demo_py_pkg' build argument 'cmake_args' from command line to 'None'
[0.862s] Level 5:colcon.colcon_core.verb:set package 'demo_py_pkg' build argument 'cmake_target' from command line to 'None'
[0.862s] Level 5:colcon.colcon_core.verb:set package 'demo_py_pkg' build argument 'cmake_target_skip_unavailable' from command line to 'False'
[0.862s] Level 5:colcon.colcon_core.verb:set package 'demo_py_pkg' build argument 'cmake_clean_cache' from command line to 'False'
[0.862s] Level 5:colcon.colcon_core.verb:set package 'demo_py_pkg' build argument 'cmake_clean_first' from command line to 'False'
[0.862s] Level 5:colcon.colcon_core.verb:set package 'demo_py_pkg' build argument 'cmake_force_configure' from command line to 'False'
[0.862s] Level 5:colcon.colcon_core.verb:set package 'demo_py_pkg' build argument 'ament_cmake_args' from command line to 'None'
[0.862s] Level 5:colcon.colcon_core.verb:set package 'demo_py_pkg' build argument 'catkin_cmake_args' from command line to 'None'
[0.862s] Level 5:colcon.colcon_core.verb:set package 'demo_py_pkg' build argument 'catkin_skip_building_tests' from command line to 'False'
[0.862s] DEBUG:colcon.colcon_core.verb:Building package 'demo_py_pkg' with the following arguments: {'ament_cmake_args': None, 'build_base': '/home/wxx/study_ros2/CHAPT2_ws/build/demo_py_pkg', 'catkin_cmake_args': None, 'catkin_skip_building_tests': False, 'cmake_args': None, 'cmake_clean_cache': False, 'cmake_clean_first': False, 'cmake_force_configure': False, 'cmake_target': None, 'cmake_target_skip_unavailable': False, 'install_base': '/home/wxx/study_ros2/CHAPT2_ws/install/demo_py_pkg', 'merge_install': False, 'path': '/home/wxx/study_ros2/CHAPT2_ws/src/demo_py_pkg', 'symlink_install': False, 'test_result_base': None}
[0.863s] INFO:colcon.colcon_core.executor:Executing jobs using 'parallel' executor
[0.864s] DEBUG:colcon.colcon_parallel_executor.executor.parallel:run_until_complete
[0.864s] INFO:colcon.colcon_ros.task.ament_cmake.build:Building ROS package in '/home/wxx/study_ros2/CHAPT2_ws/src/demo_cpp_pkg' with build type 'ament_cmake'
[0.864s] INFO:colcon.colcon_cmake.task.cmake.build:Building CMake package in '/home/wxx/study_ros2/CHAPT2_ws/src/demo_cpp_pkg'
[0.871s] INFO:colcon.colcon_core.plugin_system:Skipping extension 'colcon_core.shell.bat': Not used on non-Windows systems
[0.871s] INFO:colcon.colcon_core.shell:Skip shell extension 'powershell' for command environment: Not usable outside of PowerShell
[0.871s] DEBUG:colcon.colcon_core.shell:Skip shell extension 'dsv' for command environment
[0.877s] INFO:colcon.colcon_ros.task.ament_python.build:Building ROS package in '/home/wxx/study_ros2/CHAPT2_ws/src/demo_py_pkg' with build type 'ament_python'
[0.878s] Level 1:colcon.colcon_core.shell:create_environment_hook('demo_py_pkg', 'ament_prefix_path')
[0.879s] INFO:colcon.colcon_core.shell:Creating environment hook '/home/wxx/study_ros2/CHAPT2_ws/install/demo_py_pkg/share/demo_py_pkg/hook/ament_prefix_path.ps1'
[0.880s] INFO:colcon.colcon_core.shell:Creating environment descriptor '/home/wxx/study_ros2/CHAPT2_ws/install/demo_py_pkg/share/demo_py_pkg/hook/ament_prefix_path.dsv'
[0.881s] INFO:colcon.colcon_core.shell:Creating environment hook '/home/wxx/study_ros2/CHAPT2_ws/install/demo_py_pkg/share/demo_py_pkg/hook/ament_prefix_path.sh'
[0.883s] INFO:colcon.colcon_core.shell:Skip shell extension 'powershell' for command environment: Not usable outside of PowerShell
[0.883s] DEBUG:colcon.colcon_core.shell:Skip shell extension 'dsv' for command environment
[0.900s] DEBUG:colcon.colcon_core.event_handler.log_command:Invoking command in '/home/wxx/study_ros2/CHAPT2_ws/build/demo_cpp_pkg': CMAKE_PREFIX_PATH=${CMAKE_PREFIX_PATH}:/home/wxx/study_ros2/install/demo_py_pkg:/home/wxx/install/demo_py_pkg:/opt/ros/foxy /usr/bin/cmake /home/wxx/study_ros2/CHAPT2_ws/src/demo_cpp_pkg -DCMAKE_INSTALL_PREFIX=/home/wxx/study_ros2/CHAPT2_ws/install/demo_cpp_pkg
[1.132s] INFO:colcon.colcon_core.task.python.build:Building Python package in '/home/wxx/study_ros2/CHAPT2_ws/src/demo_py_pkg'
[1.133s] INFO:colcon.colcon_core.shell:Skip shell extension 'powershell' for command environment: Not usable outside of PowerShell
[1.133s] DEBUG:colcon.colcon_core.shell:Skip shell extension 'dsv' for command environment
[1.529s] DEBUG:colcon.colcon_core.event_handler.log_command:Invoking command in '/home/wxx/study_ros2/CHAPT2_ws/src/demo_py_pkg': PYTHONPATH=/home/wxx/study_ros2/CHAPT2_ws/build/demo_py_pkg/prefix_override:/usr/lib/python3/dist-packages/colcon_core/task/python/colcon_distutils_commands:/home/wxx/study_ros2/CHAPT2_ws/install/demo_py_pkg/lib/python3.8/site-packages:${PYTHONPATH} /usr/bin/python3 -W ignore:setup.py install is deprecated -W ignore:easy_install command is deprecated setup.py egg_info --egg-base ../../build/demo_py_pkg build --build-base /home/wxx/study_ros2/CHAPT2_ws/build/demo_py_pkg/build install --record /home/wxx/study_ros2/CHAPT2_ws/build/demo_py_pkg/install.log --install-scripts $base/lib/demo_py_pkg --single-version-externally-managed install_data
[1.771s] DEBUG:colcon.colcon_core.event_handler.log_command:Invoked command in '/home/wxx/study_ros2/CHAPT2_ws/src/demo_py_pkg' returned '0': PYTHONPATH=/home/wxx/study_ros2/CHAPT2_ws/build/demo_py_pkg/prefix_override:/usr/lib/python3/dist-packages/colcon_core/task/python/colcon_distutils_commands:/home/wxx/study_ros2/CHAPT2_ws/install/demo_py_pkg/lib/python3.8/site-packages:${PYTHONPATH} /usr/bin/python3 -W ignore:setup.py install is deprecated -W ignore:easy_install command is deprecated setup.py egg_info --egg-base ../../build/demo_py_pkg build --build-base /home/wxx/study_ros2/CHAPT2_ws/build/demo_py_pkg/build install --record /home/wxx/study_ros2/CHAPT2_ws/build/demo_py_pkg/install.log --install-scripts $base/lib/demo_py_pkg --single-version-externally-managed install_data
[1.777s] Level 1:colcon.colcon_core.environment:checking '/home/wxx/study_ros2/CHAPT2_ws/install/demo_py_pkg' for CMake module files
[1.779s] Level 1:colcon.colcon_core.environment:checking '/home/wxx/study_ros2/CHAPT2_ws/install/demo_py_pkg' for CMake config files
[1.783s] Level 1:colcon.colcon_core.environment:checking '/home/wxx/study_ros2/CHAPT2_ws/install/demo_py_pkg/lib'
[1.783s] Level 1:colcon.colcon_core.environment:checking '/home/wxx/study_ros2/CHAPT2_ws/install/demo_py_pkg/bin'
[1.783s] Level 1:colcon.colcon_core.environment:checking '/home/wxx/study_ros2/CHAPT2_ws/install/demo_py_pkg/lib/pkgconfig/demo_py_pkg.pc'
[1.783s] Level 1:colcon.colcon_core.environment:checking '/home/wxx/study_ros2/CHAPT2_ws/install/demo_py_pkg/lib/python3.8/site-packages'
[1.783s] Level 1:colcon.colcon_core.shell:create_environment_hook('demo_py_pkg', 'pythonpath')
[1.784s] INFO:colcon.colcon_core.shell:Creating environment hook '/home/wxx/study_ros2/CHAPT2_ws/install/demo_py_pkg/share/demo_py_pkg/hook/pythonpath.ps1'
[1.784s] INFO:colcon.colcon_core.shell:Creating environment descriptor '/home/wxx/study_ros2/CHAPT2_ws/install/demo_py_pkg/share/demo_py_pkg/hook/pythonpath.dsv'
[1.785s] INFO:colcon.colcon_core.shell:Creating environment hook '/home/wxx/study_ros2/CHAPT2_ws/install/demo_py_pkg/share/demo_py_pkg/hook/pythonpath.sh'
[1.785s] Level 1:colcon.colcon_core.environment:checking '/home/wxx/study_ros2/CHAPT2_ws/install/demo_py_pkg/bin'
[1.785s] Level 1:colcon.colcon_core.environment:create_environment_scripts_only(demo_py_pkg)
[1.786s] INFO:colcon.colcon_core.shell:Creating package script '/home/wxx/study_ros2/CHAPT2_ws/install/demo_py_pkg/share/demo_py_pkg/package.ps1'
[1.787s] INFO:colcon.colcon_core.shell:Creating package descriptor '/home/wxx/study_ros2/CHAPT2_ws/install/demo_py_pkg/share/demo_py_pkg/package.dsv'
[1.788s] INFO:colcon.colcon_core.shell:Creating package script '/home/wxx/study_ros2/CHAPT2_ws/install/demo_py_pkg/share/demo_py_pkg/package.sh'
[1.789s] INFO:colcon.colcon_core.shell:Creating package script '/home/wxx/study_ros2/CHAPT2_ws/install/demo_py_pkg/share/demo_py_pkg/package.bash'
[1.790s] INFO:colcon.colcon_core.shell:Creating package script '/home/wxx/study_ros2/CHAPT2_ws/install/demo_py_pkg/share/demo_py_pkg/package.zsh'
[1.791s] Level 1:colcon.colcon_core.environment:create_file_with_runtime_dependencies(/home/wxx/study_ros2/CHAPT2_ws/install/demo_py_pkg/share/colcon-core/packages/demo_py_pkg)
[12.343s] DEBUG:colcon.colcon_core.event_handler.log_command:Invoked command in '/home/wxx/study_ros2/CHAPT2_ws/build/demo_cpp_pkg' returned '0': CMAKE_PREFIX_PATH=${CMAKE_PREFIX_PATH}:/home/wxx/study_ros2/install/demo_py_pkg:/home/wxx/install/demo_py_pkg:/opt/ros/foxy /usr/bin/cmake /home/wxx/study_ros2/CHAPT2_ws/src/demo_cpp_pkg -DCMAKE_INSTALL_PREFIX=/home/wxx/study_ros2/CHAPT2_ws/install/demo_cpp_pkg
[12.344s] DEBUG:colcon.colcon_core.event_handler.log_command:Invoking command in '/home/wxx/study_ros2/CHAPT2_ws/build/demo_cpp_pkg': CMAKE_PREFIX_PATH=${CMAKE_PREFIX_PATH}:/home/wxx/study_ros2/install/demo_py_pkg:/home/wxx/install/demo_py_pkg:/opt/ros/foxy /usr/bin/cmake --build /home/wxx/study_ros2/CHAPT2_ws/build/demo_cpp_pkg -- -j16 -l16
[14.235s] DEBUG:colcon.colcon_core.event_handler.log_command:Invoked command in '/home/wxx/study_ros2/CHAPT2_ws/build/demo_cpp_pkg' returned '0': CMAKE_PREFIX_PATH=${CMAKE_PREFIX_PATH}:/home/wxx/study_ros2/install/demo_py_pkg:/home/wxx/install/demo_py_pkg:/opt/ros/foxy /usr/bin/cmake --build /home/wxx/study_ros2/CHAPT2_ws/build/demo_cpp_pkg -- -j16 -l16
[14.261s] DEBUG:colcon.colcon_core.event_handler.log_command:Invoking command in '/home/wxx/study_ros2/CHAPT2_ws/build/demo_cpp_pkg': CMAKE_PREFIX_PATH=${CMAKE_PREFIX_PATH}:/home/wxx/study_ros2/install/demo_py_pkg:/home/wxx/install/demo_py_pkg:/opt/ros/foxy /usr/bin/cmake --install /home/wxx/study_ros2/CHAPT2_ws/build/demo_cpp_pkg
[14.309s] Level 1:colcon.colcon_core.environment:create_environment_scripts_only(demo_cpp_pkg)
[14.310s] DEBUG:colcon.colcon_core.event_handler.log_command:Invoked command in '/home/wxx/study_ros2/CHAPT2_ws/build/demo_cpp_pkg' returned '0': CMAKE_PREFIX_PATH=${CMAKE_PREFIX_PATH}:/home/wxx/study_ros2/install/demo_py_pkg:/home/wxx/install/demo_py_pkg:/opt/ros/foxy /usr/bin/cmake --install /home/wxx/study_ros2/CHAPT2_ws/build/demo_cpp_pkg
[14.310s] Level 1:colcon.colcon_core.environment:checking '/home/wxx/study_ros2/CHAPT2_ws/install/demo_cpp_pkg' for CMake module files
[14.312s] Level 1:colcon.colcon_core.environment:checking '/home/wxx/study_ros2/CHAPT2_ws/install/demo_cpp_pkg' for CMake config files
[14.312s] Level 1:colcon.colcon_core.shell:create_environment_hook('demo_cpp_pkg', 'cmake_prefix_path')
[14.312s] INFO:colcon.colcon_core.shell:Creating environment hook '/home/wxx/study_ros2/CHAPT2_ws/install/demo_cpp_pkg/share/demo_cpp_pkg/hook/cmake_prefix_path.ps1'
[14.314s] INFO:colcon.colcon_core.shell:Creating environment descriptor '/home/wxx/study_ros2/CHAPT2_ws/install/demo_cpp_pkg/share/demo_cpp_pkg/hook/cmake_prefix_path.dsv'
[14.314s] INFO:colcon.colcon_core.shell:Creating environment hook '/home/wxx/study_ros2/CHAPT2_ws/install/demo_cpp_pkg/share/demo_cpp_pkg/hook/cmake_prefix_path.sh'
[14.315s] Level 1:colcon.colcon_core.environment:checking '/home/wxx/study_ros2/CHAPT2_ws/install/demo_cpp_pkg/lib'
[14.315s] Level 1:colcon.colcon_core.environment:checking '/home/wxx/study_ros2/CHAPT2_ws/install/demo_cpp_pkg/bin'
[14.315s] Level 1:colcon.colcon_core.environment:checking '/home/wxx/study_ros2/CHAPT2_ws/install/demo_cpp_pkg/lib/pkgconfig/demo_cpp_pkg.pc'
[14.324s] Level 1:colcon.colcon_core.environment:checking '/home/wxx/study_ros2/CHAPT2_ws/install/demo_cpp_pkg/lib/python3.8/site-packages'
[14.324s] Level 1:colcon.colcon_core.environment:checking '/home/wxx/study_ros2/CHAPT2_ws/install/demo_cpp_pkg/bin'
[14.325s] INFO:colcon.colcon_core.shell:Creating package script '/home/wxx/study_ros2/CHAPT2_ws/install/demo_cpp_pkg/share/demo_cpp_pkg/package.ps1'
[14.326s] INFO:colcon.colcon_core.shell:Creating package descriptor '/home/wxx/study_ros2/CHAPT2_ws/install/demo_cpp_pkg/share/demo_cpp_pkg/package.dsv'
[14.327s] INFO:colcon.colcon_core.shell:Creating package script '/home/wxx/study_ros2/CHAPT2_ws/install/demo_cpp_pkg/share/demo_cpp_pkg/package.sh'
[14.327s] INFO:colcon.colcon_core.shell:Creating package script '/home/wxx/study_ros2/CHAPT2_ws/install/demo_cpp_pkg/share/demo_cpp_pkg/package.bash'
[14.328s] INFO:colcon.colcon_core.shell:Creating package script '/home/wxx/study_ros2/CHAPT2_ws/install/demo_cpp_pkg/share/demo_cpp_pkg/package.zsh'
[14.328s] Level 1:colcon.colcon_core.environment:create_file_with_runtime_dependencies(/home/wxx/study_ros2/CHAPT2_ws/install/demo_cpp_pkg/share/colcon-core/packages/demo_cpp_pkg)
[14.340s] Level 1:colcon.colcon_core.environment:create_environment_scripts_only(demo_cpp_pkg)
[14.340s] Level 1:colcon.colcon_core.environment:checking '/home/wxx/study_ros2/CHAPT2_ws/install/demo_cpp_pkg' for CMake module files
[14.341s] Level 1:colcon.colcon_core.environment:checking '/home/wxx/study_ros2/CHAPT2_ws/install/demo_cpp_pkg' for CMake config files
[14.341s] Level 1:colcon.colcon_core.shell:create_environment_hook('demo_cpp_pkg', 'cmake_prefix_path')
[14.342s] INFO:colcon.colcon_core.shell:Creating environment hook '/home/wxx/study_ros2/CHAPT2_ws/install/demo_cpp_pkg/share/demo_cpp_pkg/hook/cmake_prefix_path.ps1'
[14.342s] INFO:colcon.colcon_core.shell:Creating environment descriptor '/home/wxx/study_ros2/CHAPT2_ws/install/demo_cpp_pkg/share/demo_cpp_pkg/hook/cmake_prefix_path.dsv'
[14.343s] INFO:colcon.colcon_core.shell:Creating environment hook '/home/wxx/study_ros2/CHAPT2_ws/install/demo_cpp_pkg/share/demo_cpp_pkg/hook/cmake_prefix_path.sh'
[14.344s] Level 1:colcon.colcon_core.environment:checking '/home/wxx/study_ros2/CHAPT2_ws/install/demo_cpp_pkg/lib'
[14.344s] Level 1:colcon.colcon_core.environment:checking '/home/wxx/study_ros2/CHAPT2_ws/install/demo_cpp_pkg/bin'
[14.344s] Level 1:colcon.colcon_core.environment:checking '/home/wxx/study_ros2/CHAPT2_ws/install/demo_cpp_pkg/lib/pkgconfig/demo_cpp_pkg.pc'
[14.344s] Level 1:colcon.colcon_core.environment:checking '/home/wxx/study_ros2/CHAPT2_ws/install/demo_cpp_pkg/lib/python3.8/site-packages'
[14.344s] Level 1:colcon.colcon_core.environment:checking '/home/wxx/study_ros2/CHAPT2_ws/install/demo_cpp_pkg/bin'
[14.345s] INFO:colcon.colcon_core.shell:Creating package script '/home/wxx/study_ros2/CHAPT2_ws/install/demo_cpp_pkg/share/demo_cpp_pkg/package.ps1'
[14.355s] INFO:colcon.colcon_core.shell:Creating package descriptor '/home/wxx/study_ros2/CHAPT2_ws/install/demo_cpp_pkg/share/demo_cpp_pkg/package.dsv'
[14.372s] INFO:colcon.colcon_core.shell:Creating package script '/home/wxx/study_ros2/CHAPT2_ws/install/demo_cpp_pkg/share/demo_cpp_pkg/package.sh'
[14.373s] INFO:colcon.colcon_core.shell:Creating package script '/home/wxx/study_ros2/CHAPT2_ws/install/demo_cpp_pkg/share/demo_cpp_pkg/package.bash'
[14.374s] INFO:colcon.colcon_core.shell:Creating package script '/home/wxx/study_ros2/CHAPT2_ws/install/demo_cpp_pkg/share/demo_cpp_pkg/package.zsh'
[14.374s] Level 1:colcon.colcon_core.environment:create_file_with_runtime_dependencies(/home/wxx/study_ros2/CHAPT2_ws/install/demo_cpp_pkg/share/colcon-core/packages/demo_cpp_pkg)
[14.375s] DEBUG:colcon.colcon_parallel_executor.executor.parallel:closing loop
[14.375s] DEBUG:colcon.colcon_parallel_executor.executor.parallel:loop closed
[14.375s] DEBUG:colcon.colcon_parallel_executor.executor.parallel:run_until_complete finished with '0'
[14.375s] DEBUG:colcon.colcon_core.event_reactor:joining thread
[14.402s] INFO:colcon.colcon_core.plugin_system:Skipping extension 'colcon_notification.desktop_notification.terminal_notifier': Not used on non-Darwin systems
[14.402s] INFO:colcon.colcon_core.plugin_system:Skipping extension 'colcon_notification.desktop_notification.win32': Not used on non-Windows systems
[14.402s] INFO:colcon.colcon_notification.desktop_notification:Sending desktop notification using 'notify2'
[14.409s] DEBUG:colcon.colcon_core.event_reactor:joined thread
[14.410s] INFO:colcon.colcon_core.shell:Creating prefix script '/home/wxx/study_ros2/CHAPT2_ws/install/local_setup.ps1'
[14.412s] INFO:colcon.colcon_core.shell:Creating prefix util module '/home/wxx/study_ros2/CHAPT2_ws/install/_local_setup_util_ps1.py'
[14.415s] INFO:colcon.colcon_core.shell:Creating prefix chain script '/home/wxx/study_ros2/CHAPT2_ws/install/setup.ps1'
[14.417s] INFO:colcon.colcon_core.shell:Creating prefix script '/home/wxx/study_ros2/CHAPT2_ws/install/local_setup.sh'
[14.419s] INFO:colcon.colcon_core.shell:Creating prefix util module '/home/wxx/study_ros2/CHAPT2_ws/install/_local_setup_util_sh.py'
[14.420s] INFO:colcon.colcon_core.shell:Creating prefix chain script '/home/wxx/study_ros2/CHAPT2_ws/install/setup.sh'
[14.428s] INFO:colcon.colcon_core.shell:Creating prefix script '/home/wxx/study_ros2/CHAPT2_ws/install/local_setup.bash'
[14.429s] INFO:colcon.colcon_core.shell:Creating prefix chain script '/home/wxx/study_ros2/CHAPT2_ws/install/setup.bash'
[14.431s] INFO:colcon.colcon_core.shell:Creating prefix script '/home/wxx/study_ros2/CHAPT2_ws/install/local_setup.zsh'
[14.433s] INFO:colcon.colcon_core.shell:Creating prefix chain script '/home/wxx/study_ros2/CHAPT2_ws/install/setup.zsh'
