[0.592s] Invoking command in '/home/wxx/study_ros2/CHAPT2_ws/src/demo_py_pkg': PYTHONPATH=/home/wxx/study_ros2/CHAPT2_ws/build/demo_py_pkg/prefix_override:/usr/lib/python3/dist-packages/colcon_core/task/python/colcon_distutils_commands:/home/wxx/study_ros2/CHAPT2_ws/install/demo_py_pkg/lib/python3.8/site-packages:${PYTHONPATH} /usr/bin/python3 -W ignore:setup.py install is deprecated -W ignore:easy_install command is deprecated setup.py egg_info --egg-base ../../build/demo_py_pkg build --build-base /home/wxx/study_ros2/CHAPT2_ws/build/demo_py_pkg/build install --record /home/wxx/study_ros2/CHAPT2_ws/build/demo_py_pkg/install.log --install-scripts $base/lib/demo_py_pkg --single-version-externally-managed install_data
[0.749s] running egg_info
[0.749s] creating ../../build/demo_py_pkg/demo_py_pkg.egg-info
[0.750s] writing ../../build/demo_py_pkg/demo_py_pkg.egg-info/PKG-INFO
[0.750s] writing dependency_links to ../../build/demo_py_pkg/demo_py_pkg.egg-info/dependency_links.txt
[0.751s] writing entry points to ../../build/demo_py_pkg/demo_py_pkg.egg-info/entry_points.txt
[0.751s] writing requirements to ../../build/demo_py_pkg/demo_py_pkg.egg-info/requires.txt
[0.751s] writing top-level names to ../../build/demo_py_pkg/demo_py_pkg.egg-info/top_level.txt
[0.759s] writing manifest file '../../build/demo_py_pkg/demo_py_pkg.egg-info/SOURCES.txt'
[0.785s] reading manifest file '../../build/demo_py_pkg/demo_py_pkg.egg-info/SOURCES.txt'
[0.785s] writing manifest file '../../build/demo_py_pkg/demo_py_pkg.egg-info/SOURCES.txt'
[0.786s] running build
[0.786s] running build_py
[0.786s] creating /home/wxx/study_ros2/CHAPT2_ws/build/demo_py_pkg/build
[0.786s] creating /home/wxx/study_ros2/CHAPT2_ws/build/demo_py_pkg/build/lib
[0.787s] creating /home/wxx/study_ros2/CHAPT2_ws/build/demo_py_pkg/build/lib/demo_py_pkg
[0.787s] copying demo_py_pkg/__init__.py -> /home/wxx/study_ros2/CHAPT2_ws/build/demo_py_pkg/build/lib/demo_py_pkg
[0.787s] copying demo_py_pkg/person_node.py -> /home/wxx/study_ros2/CHAPT2_ws/build/demo_py_pkg/build/lib/demo_py_pkg
[0.788s] running install
[0.788s] running install_lib
[0.789s] creating /home/wxx/study_ros2/CHAPT2_ws/install/demo_py_pkg/lib/python3.8/site-packages/demo_py_pkg
[0.789s] copying /home/wxx/study_ros2/CHAPT2_ws/build/demo_py_pkg/build/lib/demo_py_pkg/__init__.py -> /home/wxx/study_ros2/CHAPT2_ws/install/demo_py_pkg/lib/python3.8/site-packages/demo_py_pkg
[0.789s] copying /home/wxx/study_ros2/CHAPT2_ws/build/demo_py_pkg/build/lib/demo_py_pkg/person_node.py -> /home/wxx/study_ros2/CHAPT2_ws/install/demo_py_pkg/lib/python3.8/site-packages/demo_py_pkg
[0.790s] byte-compiling /home/wxx/study_ros2/CHAPT2_ws/install/demo_py_pkg/lib/python3.8/site-packages/demo_py_pkg/__init__.py to __init__.cpython-38.pyc
[0.791s] byte-compiling /home/wxx/study_ros2/CHAPT2_ws/install/demo_py_pkg/lib/python3.8/site-packages/demo_py_pkg/person_node.py to person_node.cpython-38.pyc
[0.792s]   File "/home/wxx/study_ros2/CHAPT2_ws/install/demo_py_pkg/lib/python3.8/site-packages/demo_py_pkg/person_node.py", line 5
[0.792s]     
[0.792s]     ^
[0.792s] SyntaxError: unexpected EOF while parsing
[0.792s] 
[0.793s] running install_data
[0.793s] creating /home/wxx/study_ros2/CHAPT2_ws/install/demo_py_pkg/share/ament_index
[0.793s] creating /home/wxx/study_ros2/CHAPT2_ws/install/demo_py_pkg/share/ament_index/resource_index
[0.793s] creating /home/wxx/study_ros2/CHAPT2_ws/install/demo_py_pkg/share/ament_index/resource_index/packages
[0.793s] copying resource/demo_py_pkg -> /home/wxx/study_ros2/CHAPT2_ws/install/demo_py_pkg/share/ament_index/resource_index/packages
[0.793s] copying package.xml -> /home/wxx/study_ros2/CHAPT2_ws/install/demo_py_pkg/share/demo_py_pkg
[0.793s] running install_egg_info
[0.794s] Copying ../../build/demo_py_pkg/demo_py_pkg.egg-info to /home/wxx/study_ros2/CHAPT2_ws/install/demo_py_pkg/lib/python3.8/site-packages/demo_py_pkg-0.0.0-py3.8.egg-info
[0.795s] running install_scripts
[0.808s] writing list of installed files to '/home/wxx/study_ros2/CHAPT2_ws/build/demo_py_pkg/install.log'
[0.830s] Invoked command in '/home/wxx/study_ros2/CHAPT2_ws/src/demo_py_pkg' returned '0': PYTHONPATH=/home/wxx/study_ros2/CHAPT2_ws/build/demo_py_pkg/prefix_override:/usr/lib/python3/dist-packages/colcon_core/task/python/colcon_distutils_commands:/home/wxx/study_ros2/CHAPT2_ws/install/demo_py_pkg/lib/python3.8/site-packages:${PYTHONPATH} /usr/bin/python3 -W ignore:setup.py install is deprecated -W ignore:easy_install command is deprecated setup.py egg_info --egg-base ../../build/demo_py_pkg build --build-base /home/wxx/study_ros2/CHAPT2_ws/build/demo_py_pkg/build install --record /home/wxx/study_ros2/CHAPT2_ws/build/demo_py_pkg/install.log --install-scripts $base/lib/demo_py_pkg --single-version-externally-managed install_data
