[0.550s] Invoking command in '/home/wxx/study_ros2/CHAPT5_ws/src/demo_py_tf': PYTHONPATH=/home/wxx/study_ros2/CHAPT5_ws/build/demo_py_tf/prefix_override:/usr/lib/python3/dist-packages/colcon_core/task/python/colcon_distutils_commands:/home/wxx/study_ros2/CHAPT5_ws/install/demo_py_tf/lib/python3.8/site-packages:${PYTHONPATH} /usr/bin/python3 -W ignore:setup.py install is deprecated -W ignore:easy_install command is deprecated setup.py egg_info --egg-base ../../build/demo_py_tf build --build-base /home/wxx/study_ros2/CHAPT5_ws/build/demo_py_tf/build install --record /home/wxx/study_ros2/CHAPT5_ws/build/demo_py_tf/install.log --install-scripts $base/lib/demo_py_tf --single-version-externally-managed install_data
[0.706s] running egg_info
[0.706s] writing ../../build/demo_py_tf/demo_py_tf.egg-info/PKG-INFO
[0.707s] writing dependency_links to ../../build/demo_py_tf/demo_py_tf.egg-info/dependency_links.txt
[0.707s] writing entry points to ../../build/demo_py_tf/demo_py_tf.egg-info/entry_points.txt
[0.707s] writing requirements to ../../build/demo_py_tf/demo_py_tf.egg-info/requires.txt
[0.708s] writing top-level names to ../../build/demo_py_tf/demo_py_tf.egg-info/top_level.txt
[0.736s] reading manifest file '../../build/demo_py_tf/demo_py_tf.egg-info/SOURCES.txt'
[0.737s] writing manifest file '../../build/demo_py_tf/demo_py_tf.egg-info/SOURCES.txt'
[0.737s] running build
[0.738s] running build_py
[0.738s] running install
[0.738s] running install_lib
[0.740s] running install_data
[0.740s] running install_egg_info
[0.741s] removing '/home/wxx/study_ros2/CHAPT5_ws/install/demo_py_tf/lib/python3.8/site-packages/demo_py_tf-0.0.0-py3.8.egg-info' (and everything under it)
[0.742s] Copying ../../build/demo_py_tf/demo_py_tf.egg-info to /home/wxx/study_ros2/CHAPT5_ws/install/demo_py_tf/lib/python3.8/site-packages/demo_py_tf-0.0.0-py3.8.egg-info
[0.744s] running install_scripts
[0.756s] Installing static_tf_broadcaster script to /home/wxx/study_ros2/CHAPT5_ws/install/demo_py_tf/lib/demo_py_tf
[0.756s] writing list of installed files to '/home/wxx/study_ros2/CHAPT5_ws/build/demo_py_tf/install.log'
[0.774s] Invoked command in '/home/wxx/study_ros2/CHAPT5_ws/src/demo_py_tf' returned '0': PYTHONPATH=/home/wxx/study_ros2/CHAPT5_ws/build/demo_py_tf/prefix_override:/usr/lib/python3/dist-packages/colcon_core/task/python/colcon_distutils_commands:/home/wxx/study_ros2/CHAPT5_ws/install/demo_py_tf/lib/python3.8/site-packages:${PYTHONPATH} /usr/bin/python3 -W ignore:setup.py install is deprecated -W ignore:easy_install command is deprecated setup.py egg_info --egg-base ../../build/demo_py_tf build --build-base /home/wxx/study_ros2/CHAPT5_ws/build/demo_py_tf/build install --record /home/wxx/study_ros2/CHAPT5_ws/build/demo_py_tf/install.log --install-scripts $base/lib/demo_py_tf --single-version-externally-managed install_data
