[0.455s] DEBUG:colcon:Command line arguments: ['/usr/bin/colcon', 'build']
[0.455s] DEBUG:colcon:Parsed command line arguments: Namespace(allow_overriding=[], ament_cmake_args=None, base_paths=['.'], build_base='build', catkin_cmake_args=None, catkin_skip_building_tests=False, cmake_args=None, cmake_clean_cache=False, cmake_clean_first=False, cmake_force_configure=False, cmake_target=None, cmake_target_skip_unavailable=False, continue_on_error=False, event_handlers=None, executor='parallel', ignore_user_meta=False, install_base='install', log_base=None, log_level=None, main=<bound method BuildVerb.main of <colcon_core.verb.build.BuildVerb object at 0x7f48fa802f70>>, merge_install=False, metas=['./colcon.meta'], packages_above=None, packages_above_and_dependencies=None, packages_above_depth=None, packages_end=None, packages_ignore=None, packages_ignore_regex=None, packages_select=None, packages_select_build_failed=False, packages_select_by_dep=None, packages_select_regex=None, packages_select_test_failures=False, packages_skip=None, packages_skip_build_finished=False, packages_skip_by_dep=None, packages_skip_regex=None, packages_skip_test_passed=False, packages_skip_up_to=None, packages_start=None, packages_up_to=None, packages_up_to_regex=None, parallel_workers=16, paths=None, symlink_install=False, test_result_base=None, verb_extension=<colcon_core.verb.build.BuildVerb object at 0x7f48fa802f70>, verb_name='build', verb_parser=<colcon_defaults.argument_parser.defaults.DefaultArgumentsDecorator object at 0x7f48fa8104c0>)
[0.652s] Level 1:colcon.colcon_core.package_discovery:discover_packages(colcon_meta) check parameters
[0.652s] Level 1:colcon.colcon_core.package_discovery:discover_packages(recursive) check parameters
[0.652s] Level 1:colcon.colcon_core.package_discovery:discover_packages(ignore) check parameters
[0.652s] Level 1:colcon.colcon_core.package_discovery:discover_packages(path) check parameters
[0.653s] Level 1:colcon.colcon_core.package_discovery:discover_packages(colcon_meta) discover
[0.653s] Level 1:colcon.colcon_core.package_discovery:discover_packages(recursive) discover
[0.653s] INFO:colcon.colcon_core.package_discovery:Crawling recursively for packages in '/home/wxx/study_ros2/CHAPT2_ws'
[0.653s] Level 1:colcon.colcon_core.package_identification:_identify(.) by extensions ['ignore', 'ignore_ament_install']
[0.653s] Level 1:colcon.colcon_core.package_identification:_identify(.) by extension 'ignore'
[0.653s] Level 1:colcon.colcon_core.package_identification:_identify(.) by extension 'ignore_ament_install'
[0.653s] Level 1:colcon.colcon_core.package_identification:_identify(.) by extensions ['colcon_pkg']
[0.653s] Level 1:colcon.colcon_core.package_identification:_identify(.) by extension 'colcon_pkg'
[0.653s] Level 1:colcon.colcon_core.package_identification:_identify(.) by extensions ['colcon_meta']
[0.654s] Level 1:colcon.colcon_core.package_identification:_identify(.) by extension 'colcon_meta'
[0.654s] Level 1:colcon.colcon_core.package_identification:_identify(.) by extensions ['ros']
[0.654s] Level 1:colcon.colcon_core.package_identification:_identify(.) by extension 'ros'
[0.665s] Level 1:colcon.colcon_core.package_identification:_identify(.) by extensions ['cmake', 'python']
[0.665s] Level 1:colcon.colcon_core.package_identification:_identify(.) by extension 'cmake'
[0.665s] Level 1:colcon.colcon_core.package_identification:_identify(.) by extension 'python'
[0.665s] Level 1:colcon.colcon_core.package_identification:_identify(.) by extensions ['python_setup_py']
[0.665s] Level 1:colcon.colcon_core.package_identification:_identify(.) by extension 'python_setup_py'
[0.666s] Level 1:colcon.colcon_core.package_identification:_identify(build) by extensions ['ignore', 'ignore_ament_install']
[0.666s] Level 1:colcon.colcon_core.package_identification:_identify(build) by extension 'ignore'
[0.666s] Level 1:colcon.colcon_core.package_identification:_identify(build) ignored
[0.666s] Level 1:colcon.colcon_core.package_identification:_identify(install) by extensions ['ignore', 'ignore_ament_install']
[0.666s] Level 1:colcon.colcon_core.package_identification:_identify(install) by extension 'ignore'
[0.666s] Level 1:colcon.colcon_core.package_identification:_identify(install) ignored
[0.667s] Level 1:colcon.colcon_core.package_identification:_identify(log) by extensions ['ignore', 'ignore_ament_install']
[0.667s] Level 1:colcon.colcon_core.package_identification:_identify(log) by extension 'ignore'
[0.667s] Level 1:colcon.colcon_core.package_identification:_identify(log) ignored
[0.667s] Level 1:colcon.colcon_core.package_identification:_identify(src) by extensions ['ignore', 'ignore_ament_install']
[0.667s] Level 1:colcon.colcon_core.package_identification:_identify(src) by extension 'ignore'
[0.667s] Level 1:colcon.colcon_core.package_identification:_identify(src) by extension 'ignore_ament_install'
[0.667s] Level 1:colcon.colcon_core.package_identification:_identify(src) by extensions ['colcon_pkg']
[0.667s] Level 1:colcon.colcon_core.package_identification:_identify(src) by extension 'colcon_pkg'
[0.668s] Level 1:colcon.colcon_core.package_identification:_identify(src) by extensions ['colcon_meta']
[0.668s] Level 1:colcon.colcon_core.package_identification:_identify(src) by extension 'colcon_meta'
[0.668s] Level 1:colcon.colcon_core.package_identification:_identify(src) by extensions ['ros']
[0.668s] Level 1:colcon.colcon_core.package_identification:_identify(src) by extension 'ros'
[0.668s] Level 1:colcon.colcon_core.package_identification:_identify(src) by extensions ['cmake', 'python']
[0.668s] Level 1:colcon.colcon_core.package_identification:_identify(src) by extension 'cmake'
[0.668s] Level 1:colcon.colcon_core.package_identification:_identify(src) by extension 'python'
[0.668s] Level 1:colcon.colcon_core.package_identification:_identify(src) by extensions ['python_setup_py']
[0.668s] Level 1:colcon.colcon_core.package_identification:_identify(src) by extension 'python_setup_py'
[0.668s] Level 1:colcon.colcon_core.package_identification:_identify(src/demo_cpp_pkg) by extensions ['ignore', 'ignore_ament_install']
[0.668s] Level 1:colcon.colcon_core.package_identification:_identify(src/demo_cpp_pkg) by extension 'ignore'
[0.668s] Level 1:colcon.colcon_core.package_identification:_identify(src/demo_cpp_pkg) by extension 'ignore_ament_install'
[0.669s] Level 1:colcon.colcon_core.package_identification:_identify(src/demo_cpp_pkg) by extensions ['colcon_pkg']
[0.669s] Level 1:colcon.colcon_core.package_identification:_identify(src/demo_cpp_pkg) by extension 'colcon_pkg'
[0.669s] Level 1:colcon.colcon_core.package_identification:_identify(src/demo_cpp_pkg) by extensions ['colcon_meta']
[0.669s] Level 1:colcon.colcon_core.package_identification:_identify(src/demo_cpp_pkg) by extension 'colcon_meta'
[0.669s] Level 1:colcon.colcon_core.package_identification:_identify(src/demo_cpp_pkg) by extensions ['ros']
[0.669s] Level 1:colcon.colcon_core.package_identification:_identify(src/demo_cpp_pkg) by extension 'ros'
[0.672s] DEBUG:colcon.colcon_core.package_identification:Package 'src/demo_cpp_pkg' with type 'ros.ament_cmake' and name 'demo_cpp_pkg'
[0.672s] Level 1:colcon.colcon_core.package_identification:_identify(src/demo_py_pkg) by extensions ['ignore', 'ignore_ament_install']
[0.672s] Level 1:colcon.colcon_core.package_identification:_identify(src/demo_py_pkg) by extension 'ignore'
[0.672s] Level 1:colcon.colcon_core.package_identification:_identify(src/demo_py_pkg) by extension 'ignore_ament_install'
[0.673s] Level 1:colcon.colcon_core.package_identification:_identify(src/demo_py_pkg) by extensions ['colcon_pkg']
[0.673s] Level 1:colcon.colcon_core.package_identification:_identify(src/demo_py_pkg) by extension 'colcon_pkg'
[0.673s] Level 1:colcon.colcon_core.package_identification:_identify(src/demo_py_pkg) by extensions ['colcon_meta']
[0.673s] Level 1:colcon.colcon_core.package_identification:_identify(src/demo_py_pkg) by extension 'colcon_meta'
[0.674s] Level 1:colcon.colcon_core.package_identification:_identify(src/demo_py_pkg) by extensions ['ros']
[0.675s] Level 1:colcon.colcon_core.package_identification:_identify(src/demo_py_pkg) by extension 'ros'
[0.677s] DEBUG:colcon.colcon_core.package_identification:Package 'src/demo_py_pkg' with type 'ros.ament_python' and name 'demo_py_pkg'
[0.677s] Level 1:colcon.colcon_core.package_discovery:discover_packages(recursive) using defaults
[0.677s] Level 1:colcon.colcon_core.package_discovery:discover_packages(ignore) discover
[0.677s] Level 1:colcon.colcon_core.package_discovery:discover_packages(ignore) using defaults
[0.677s] Level 1:colcon.colcon_core.package_discovery:discover_packages(path) discover
[0.677s] Level 1:colcon.colcon_core.package_discovery:discover_packages(path) using defaults
[0.701s] Level 1:colcon.colcon_core.package_discovery:discover_packages(prefix_path) check parameters
[0.701s] Level 1:colcon.colcon_core.package_discovery:discover_packages(prefix_path) discover
[0.706s] DEBUG:colcon.colcon_installed_package_information.package_discovery:Found 256 installed packages in /opt/ros/foxy
[0.707s] Level 1:colcon.colcon_core.package_discovery:discover_packages(prefix_path) using defaults
[0.842s] Level 5:colcon.colcon_core.verb:set package 'demo_cpp_pkg' build argument 'cmake_args' from command line to 'None'
[0.843s] Level 5:colcon.colcon_core.verb:set package 'demo_cpp_pkg' build argument 'cmake_target' from command line to 'None'
[0.843s] Level 5:colcon.colcon_core.verb:set package 'demo_cpp_pkg' build argument 'cmake_target_skip_unavailable' from command line to 'False'
[0.843s] Level 5:colcon.colcon_core.verb:set package 'demo_cpp_pkg' build argument 'cmake_clean_cache' from command line to 'False'
[0.843s] Level 5:colcon.colcon_core.verb:set package 'demo_cpp_pkg' build argument 'cmake_clean_first' from command line to 'False'
[0.843s] Level 5:colcon.colcon_core.verb:set package 'demo_cpp_pkg' build argument 'cmake_force_configure' from command line to 'False'
[0.843s] Level 5:colcon.colcon_core.verb:set package 'demo_cpp_pkg' build argument 'ament_cmake_args' from command line to 'None'
[0.843s] Level 5:colcon.colcon_core.verb:set package 'demo_cpp_pkg' build argument 'catkin_cmake_args' from command line to 'None'
[0.843s] Level 5:colcon.colcon_core.verb:set package 'demo_cpp_pkg' build argument 'catkin_skip_building_tests' from command line to 'False'
[0.843s] DEBUG:colcon.colcon_core.verb:Building package 'demo_cpp_pkg' with the following arguments: {'ament_cmake_args': None, 'build_base': '/home/wxx/study_ros2/CHAPT2_ws/build/demo_cpp_pkg', 'catkin_cmake_args': None, 'catkin_skip_building_tests': False, 'cmake_args': None, 'cmake_clean_cache': False, 'cmake_clean_first': False, 'cmake_force_configure': False, 'cmake_target': None, 'cmake_target_skip_unavailable': False, 'install_base': '/home/wxx/study_ros2/CHAPT2_ws/install/demo_cpp_pkg', 'merge_install': False, 'path': '/home/wxx/study_ros2/CHAPT2_ws/src/demo_cpp_pkg', 'symlink_install': False, 'test_result_base': None}
[0.844s] Level 5:colcon.colcon_core.verb:set package 'demo_py_pkg' build argument 'cmake_args' from command line to 'None'
[0.844s] Level 5:colcon.colcon_core.verb:set package 'demo_py_pkg' build argument 'cmake_target' from command line to 'None'
[0.844s] Level 5:colcon.colcon_core.verb:set package 'demo_py_pkg' build argument 'cmake_target_skip_unavailable' from command line to 'False'
[0.844s] Level 5:colcon.colcon_core.verb:set package 'demo_py_pkg' build argument 'cmake_clean_cache' from command line to 'False'
[0.844s] Level 5:colcon.colcon_core.verb:set package 'demo_py_pkg' build argument 'cmake_clean_first' from command line to 'False'
[0.844s] Level 5:colcon.colcon_core.verb:set package 'demo_py_pkg' build argument 'cmake_force_configure' from command line to 'False'
[0.844s] Level 5:colcon.colcon_core.verb:set package 'demo_py_pkg' build argument 'ament_cmake_args' from command line to 'None'
[0.844s] Level 5:colcon.colcon_core.verb:set package 'demo_py_pkg' build argument 'catkin_cmake_args' from command line to 'None'
[0.844s] Level 5:colcon.colcon_core.verb:set package 'demo_py_pkg' build argument 'catkin_skip_building_tests' from command line to 'False'
[0.844s] DEBUG:colcon.colcon_core.verb:Building package 'demo_py_pkg' with the following arguments: {'ament_cmake_args': None, 'build_base': '/home/wxx/study_ros2/CHAPT2_ws/build/demo_py_pkg', 'catkin_cmake_args': None, 'catkin_skip_building_tests': False, 'cmake_args': None, 'cmake_clean_cache': False, 'cmake_clean_first': False, 'cmake_force_configure': False, 'cmake_target': None, 'cmake_target_skip_unavailable': False, 'install_base': '/home/wxx/study_ros2/CHAPT2_ws/install/demo_py_pkg', 'merge_install': False, 'path': '/home/wxx/study_ros2/CHAPT2_ws/src/demo_py_pkg', 'symlink_install': False, 'test_result_base': None}
[0.845s] INFO:colcon.colcon_core.executor:Executing jobs using 'parallel' executor
[0.846s] DEBUG:colcon.colcon_parallel_executor.executor.parallel:run_until_complete
[0.846s] INFO:colcon.colcon_ros.task.ament_cmake.build:Building ROS package in '/home/wxx/study_ros2/CHAPT2_ws/src/demo_cpp_pkg' with build type 'ament_cmake'
[0.847s] INFO:colcon.colcon_cmake.task.cmake.build:Building CMake package in '/home/wxx/study_ros2/CHAPT2_ws/src/demo_cpp_pkg'
[0.854s] INFO:colcon.colcon_core.plugin_system:Skipping extension 'colcon_core.shell.bat': Not used on non-Windows systems
[0.854s] INFO:colcon.colcon_core.shell:Skip shell extension 'powershell' for command environment: Not usable outside of PowerShell
[0.854s] DEBUG:colcon.colcon_core.shell:Skip shell extension 'dsv' for command environment
[0.859s] INFO:colcon.colcon_ros.task.ament_python.build:Building ROS package in '/home/wxx/study_ros2/CHAPT2_ws/src/demo_py_pkg' with build type 'ament_python'
[0.860s] Level 1:colcon.colcon_core.shell:create_environment_hook('demo_py_pkg', 'ament_prefix_path')
[0.861s] INFO:colcon.colcon_core.shell:Creating environment hook '/home/wxx/study_ros2/CHAPT2_ws/install/demo_py_pkg/share/demo_py_pkg/hook/ament_prefix_path.ps1'
[0.862s] INFO:colcon.colcon_core.shell:Creating environment descriptor '/home/wxx/study_ros2/CHAPT2_ws/install/demo_py_pkg/share/demo_py_pkg/hook/ament_prefix_path.dsv'
[0.863s] INFO:colcon.colcon_core.shell:Creating environment hook '/home/wxx/study_ros2/CHAPT2_ws/install/demo_py_pkg/share/demo_py_pkg/hook/ament_prefix_path.sh'
[0.865s] INFO:colcon.colcon_core.shell:Skip shell extension 'powershell' for command environment: Not usable outside of PowerShell
[0.865s] DEBUG:colcon.colcon_core.shell:Skip shell extension 'dsv' for command environment
[0.883s] DEBUG:colcon.colcon_core.event_handler.log_command:Invoking command in '/home/wxx/study_ros2/CHAPT2_ws/build/demo_cpp_pkg': CMAKE_PREFIX_PATH=/opt/ros/foxy /usr/bin/cmake --build /home/wxx/study_ros2/CHAPT2_ws/build/demo_cpp_pkg -- -j16 -l16
[1.126s] INFO:colcon.colcon_core.task.python.build:Building Python package in '/home/wxx/study_ros2/CHAPT2_ws/src/demo_py_pkg'
[1.127s] INFO:colcon.colcon_core.shell:Skip shell extension 'powershell' for command environment: Not usable outside of PowerShell
[1.127s] DEBUG:colcon.colcon_core.shell:Skip shell extension 'dsv' for command environment
[1.544s] DEBUG:colcon.colcon_core.event_handler.log_command:Invoking command in '/home/wxx/study_ros2/CHAPT2_ws/src/demo_py_pkg': PYTHONPATH=/home/wxx/study_ros2/CHAPT2_ws/build/demo_py_pkg/prefix_override:/usr/lib/python3/dist-packages/colcon_core/task/python/colcon_distutils_commands:/home/wxx/study_ros2/CHAPT2_ws/install/demo_py_pkg/lib/python3.8/site-packages:${PYTHONPATH} /usr/bin/python3 -W ignore:setup.py install is deprecated -W ignore:easy_install command is deprecated setup.py egg_info --egg-base ../../build/demo_py_pkg build --build-base /home/wxx/study_ros2/CHAPT2_ws/build/demo_py_pkg/build install --record /home/wxx/study_ros2/CHAPT2_ws/build/demo_py_pkg/install.log --install-scripts $base/lib/demo_py_pkg --single-version-externally-managed install_data
[1.807s] DEBUG:colcon.colcon_core.event_handler.log_command:Invoked command in '/home/wxx/study_ros2/CHAPT2_ws/src/demo_py_pkg' returned '0': PYTHONPATH=/home/wxx/study_ros2/CHAPT2_ws/build/demo_py_pkg/prefix_override:/usr/lib/python3/dist-packages/colcon_core/task/python/colcon_distutils_commands:/home/wxx/study_ros2/CHAPT2_ws/install/demo_py_pkg/lib/python3.8/site-packages:${PYTHONPATH} /usr/bin/python3 -W ignore:setup.py install is deprecated -W ignore:easy_install command is deprecated setup.py egg_info --egg-base ../../build/demo_py_pkg build --build-base /home/wxx/study_ros2/CHAPT2_ws/build/demo_py_pkg/build install --record /home/wxx/study_ros2/CHAPT2_ws/build/demo_py_pkg/install.log --install-scripts $base/lib/demo_py_pkg --single-version-externally-managed install_data
[1.812s] Level 1:colcon.colcon_core.environment:checking '/home/wxx/study_ros2/CHAPT2_ws/install/demo_py_pkg' for CMake module files
[1.813s] Level 1:colcon.colcon_core.environment:checking '/home/wxx/study_ros2/CHAPT2_ws/install/demo_py_pkg' for CMake config files
[1.817s] Level 1:colcon.colcon_core.environment:checking '/home/wxx/study_ros2/CHAPT2_ws/install/demo_py_pkg/lib'
[1.817s] Level 1:colcon.colcon_core.environment:checking '/home/wxx/study_ros2/CHAPT2_ws/install/demo_py_pkg/bin'
[1.817s] Level 1:colcon.colcon_core.environment:checking '/home/wxx/study_ros2/CHAPT2_ws/install/demo_py_pkg/lib/pkgconfig/demo_py_pkg.pc'
[1.817s] Level 1:colcon.colcon_core.environment:checking '/home/wxx/study_ros2/CHAPT2_ws/install/demo_py_pkg/lib/python3.8/site-packages'
[1.817s] Level 1:colcon.colcon_core.shell:create_environment_hook('demo_py_pkg', 'pythonpath')
[1.818s] INFO:colcon.colcon_core.shell:Creating environment hook '/home/wxx/study_ros2/CHAPT2_ws/install/demo_py_pkg/share/demo_py_pkg/hook/pythonpath.ps1'
[1.818s] INFO:colcon.colcon_core.shell:Creating environment descriptor '/home/wxx/study_ros2/CHAPT2_ws/install/demo_py_pkg/share/demo_py_pkg/hook/pythonpath.dsv'
[1.819s] INFO:colcon.colcon_core.shell:Creating environment hook '/home/wxx/study_ros2/CHAPT2_ws/install/demo_py_pkg/share/demo_py_pkg/hook/pythonpath.sh'
[1.819s] Level 1:colcon.colcon_core.environment:checking '/home/wxx/study_ros2/CHAPT2_ws/install/demo_py_pkg/bin'
[1.819s] Level 1:colcon.colcon_core.environment:create_environment_scripts_only(demo_py_pkg)
[1.819s] INFO:colcon.colcon_core.shell:Creating package script '/home/wxx/study_ros2/CHAPT2_ws/install/demo_py_pkg/share/demo_py_pkg/package.ps1'
[1.820s] INFO:colcon.colcon_core.shell:Creating package descriptor '/home/wxx/study_ros2/CHAPT2_ws/install/demo_py_pkg/share/demo_py_pkg/package.dsv'
[1.821s] INFO:colcon.colcon_core.shell:Creating package script '/home/wxx/study_ros2/CHAPT2_ws/install/demo_py_pkg/share/demo_py_pkg/package.sh'
[1.822s] INFO:colcon.colcon_core.shell:Creating package script '/home/wxx/study_ros2/CHAPT2_ws/install/demo_py_pkg/share/demo_py_pkg/package.bash'
[1.823s] INFO:colcon.colcon_core.shell:Creating package script '/home/wxx/study_ros2/CHAPT2_ws/install/demo_py_pkg/share/demo_py_pkg/package.zsh'
[1.824s] Level 1:colcon.colcon_core.environment:create_file_with_runtime_dependencies(/home/wxx/study_ros2/CHAPT2_ws/install/demo_py_pkg/share/colcon-core/packages/demo_py_pkg)
[9.242s] DEBUG:colcon.colcon_core.event_handler.log_command:Invoked command in '/home/wxx/study_ros2/CHAPT2_ws/build/demo_cpp_pkg' returned '0': CMAKE_PREFIX_PATH=/opt/ros/foxy /usr/bin/cmake --build /home/wxx/study_ros2/CHAPT2_ws/build/demo_cpp_pkg -- -j16 -l16
[9.255s] DEBUG:colcon.colcon_core.event_handler.log_command:Invoking command in '/home/wxx/study_ros2/CHAPT2_ws/build/demo_cpp_pkg': CMAKE_PREFIX_PATH=/opt/ros/foxy /usr/bin/cmake --install /home/wxx/study_ros2/CHAPT2_ws/build/demo_cpp_pkg
[9.267s] Level 1:colcon.colcon_core.environment:create_environment_scripts_only(demo_cpp_pkg)
[9.268s] Level 1:colcon.colcon_core.environment:checking '/home/wxx/study_ros2/CHAPT2_ws/install/demo_cpp_pkg' for CMake module files
[9.268s] DEBUG:colcon.colcon_core.event_handler.log_command:Invoked command in '/home/wxx/study_ros2/CHAPT2_ws/build/demo_cpp_pkg' returned '0': CMAKE_PREFIX_PATH=/opt/ros/foxy /usr/bin/cmake --install /home/wxx/study_ros2/CHAPT2_ws/build/demo_cpp_pkg
[9.269s] Level 1:colcon.colcon_core.environment:checking '/home/wxx/study_ros2/CHAPT2_ws/install/demo_cpp_pkg' for CMake config files
[9.271s] Level 1:colcon.colcon_core.shell:create_environment_hook('demo_cpp_pkg', 'cmake_prefix_path')
[9.271s] INFO:colcon.colcon_core.shell:Creating environment hook '/home/wxx/study_ros2/CHAPT2_ws/install/demo_cpp_pkg/share/demo_cpp_pkg/hook/cmake_prefix_path.ps1'
[9.272s] INFO:colcon.colcon_core.shell:Creating environment descriptor '/home/wxx/study_ros2/CHAPT2_ws/install/demo_cpp_pkg/share/demo_cpp_pkg/hook/cmake_prefix_path.dsv'
[9.272s] INFO:colcon.colcon_core.shell:Creating environment hook '/home/wxx/study_ros2/CHAPT2_ws/install/demo_cpp_pkg/share/demo_cpp_pkg/hook/cmake_prefix_path.sh'
[9.273s] Level 1:colcon.colcon_core.environment:checking '/home/wxx/study_ros2/CHAPT2_ws/install/demo_cpp_pkg/lib'
[9.273s] Level 1:colcon.colcon_core.environment:checking '/home/wxx/study_ros2/CHAPT2_ws/install/demo_cpp_pkg/bin'
[9.273s] Level 1:colcon.colcon_core.environment:checking '/home/wxx/study_ros2/CHAPT2_ws/install/demo_cpp_pkg/lib/pkgconfig/demo_cpp_pkg.pc'
[9.273s] Level 1:colcon.colcon_core.environment:checking '/home/wxx/study_ros2/CHAPT2_ws/install/demo_cpp_pkg/lib/python3.8/site-packages'
[9.273s] Level 1:colcon.colcon_core.environment:checking '/home/wxx/study_ros2/CHAPT2_ws/install/demo_cpp_pkg/bin'
[9.274s] INFO:colcon.colcon_core.shell:Creating package script '/home/wxx/study_ros2/CHAPT2_ws/install/demo_cpp_pkg/share/demo_cpp_pkg/package.ps1'
[9.274s] INFO:colcon.colcon_core.shell:Creating package descriptor '/home/wxx/study_ros2/CHAPT2_ws/install/demo_cpp_pkg/share/demo_cpp_pkg/package.dsv'
[9.274s] INFO:colcon.colcon_core.shell:Creating package script '/home/wxx/study_ros2/CHAPT2_ws/install/demo_cpp_pkg/share/demo_cpp_pkg/package.sh'
[9.275s] INFO:colcon.colcon_core.shell:Creating package script '/home/wxx/study_ros2/CHAPT2_ws/install/demo_cpp_pkg/share/demo_cpp_pkg/package.bash'
[9.275s] INFO:colcon.colcon_core.shell:Creating package script '/home/wxx/study_ros2/CHAPT2_ws/install/demo_cpp_pkg/share/demo_cpp_pkg/package.zsh'
[9.275s] Level 1:colcon.colcon_core.environment:create_file_with_runtime_dependencies(/home/wxx/study_ros2/CHAPT2_ws/install/demo_cpp_pkg/share/colcon-core/packages/demo_cpp_pkg)
[9.276s] Level 1:colcon.colcon_core.environment:create_environment_scripts_only(demo_cpp_pkg)
[9.276s] Level 1:colcon.colcon_core.environment:checking '/home/wxx/study_ros2/CHAPT2_ws/install/demo_cpp_pkg' for CMake module files
[9.276s] Level 1:colcon.colcon_core.environment:checking '/home/wxx/study_ros2/CHAPT2_ws/install/demo_cpp_pkg' for CMake config files
[9.277s] Level 1:colcon.colcon_core.shell:create_environment_hook('demo_cpp_pkg', 'cmake_prefix_path')
[9.277s] INFO:colcon.colcon_core.shell:Creating environment hook '/home/wxx/study_ros2/CHAPT2_ws/install/demo_cpp_pkg/share/demo_cpp_pkg/hook/cmake_prefix_path.ps1'
[9.277s] INFO:colcon.colcon_core.shell:Creating environment descriptor '/home/wxx/study_ros2/CHAPT2_ws/install/demo_cpp_pkg/share/demo_cpp_pkg/hook/cmake_prefix_path.dsv'
[9.278s] INFO:colcon.colcon_core.shell:Creating environment hook '/home/wxx/study_ros2/CHAPT2_ws/install/demo_cpp_pkg/share/demo_cpp_pkg/hook/cmake_prefix_path.sh'
[9.278s] Level 1:colcon.colcon_core.environment:checking '/home/wxx/study_ros2/CHAPT2_ws/install/demo_cpp_pkg/lib'
[9.278s] Level 1:colcon.colcon_core.environment:checking '/home/wxx/study_ros2/CHAPT2_ws/install/demo_cpp_pkg/bin'
[9.278s] Level 1:colcon.colcon_core.environment:checking '/home/wxx/study_ros2/CHAPT2_ws/install/demo_cpp_pkg/lib/pkgconfig/demo_cpp_pkg.pc'
[9.279s] Level 1:colcon.colcon_core.environment:checking '/home/wxx/study_ros2/CHAPT2_ws/install/demo_cpp_pkg/lib/python3.8/site-packages'
[9.279s] Level 1:colcon.colcon_core.environment:checking '/home/wxx/study_ros2/CHAPT2_ws/install/demo_cpp_pkg/bin'
[9.279s] INFO:colcon.colcon_core.shell:Creating package script '/home/wxx/study_ros2/CHAPT2_ws/install/demo_cpp_pkg/share/demo_cpp_pkg/package.ps1'
[9.280s] INFO:colcon.colcon_core.shell:Creating package descriptor '/home/wxx/study_ros2/CHAPT2_ws/install/demo_cpp_pkg/share/demo_cpp_pkg/package.dsv'
[9.280s] INFO:colcon.colcon_core.shell:Creating package script '/home/wxx/study_ros2/CHAPT2_ws/install/demo_cpp_pkg/share/demo_cpp_pkg/package.sh'
[9.281s] INFO:colcon.colcon_core.shell:Creating package script '/home/wxx/study_ros2/CHAPT2_ws/install/demo_cpp_pkg/share/demo_cpp_pkg/package.bash'
[9.281s] INFO:colcon.colcon_core.shell:Creating package script '/home/wxx/study_ros2/CHAPT2_ws/install/demo_cpp_pkg/share/demo_cpp_pkg/package.zsh'
[9.282s] Level 1:colcon.colcon_core.environment:create_file_with_runtime_dependencies(/home/wxx/study_ros2/CHAPT2_ws/install/demo_cpp_pkg/share/colcon-core/packages/demo_cpp_pkg)
[9.282s] DEBUG:colcon.colcon_parallel_executor.executor.parallel:closing loop
[9.283s] DEBUG:colcon.colcon_parallel_executor.executor.parallel:loop closed
[9.283s] DEBUG:colcon.colcon_parallel_executor.executor.parallel:run_until_complete finished with '0'
[9.283s] DEBUG:colcon.colcon_core.event_reactor:joining thread
[9.296s] INFO:colcon.colcon_core.plugin_system:Skipping extension 'colcon_notification.desktop_notification.terminal_notifier': Not used on non-Darwin systems
[9.296s] INFO:colcon.colcon_core.plugin_system:Skipping extension 'colcon_notification.desktop_notification.win32': Not used on non-Windows systems
[9.296s] INFO:colcon.colcon_notification.desktop_notification:Sending desktop notification using 'notify2'
[9.301s] DEBUG:colcon.colcon_core.event_reactor:joined thread
[9.302s] INFO:colcon.colcon_core.shell:Creating prefix script '/home/wxx/study_ros2/CHAPT2_ws/install/local_setup.ps1'
[9.303s] INFO:colcon.colcon_core.shell:Creating prefix util module '/home/wxx/study_ros2/CHAPT2_ws/install/_local_setup_util_ps1.py'
[9.305s] INFO:colcon.colcon_core.shell:Creating prefix chain script '/home/wxx/study_ros2/CHAPT2_ws/install/setup.ps1'
[9.306s] INFO:colcon.colcon_core.shell:Creating prefix script '/home/wxx/study_ros2/CHAPT2_ws/install/local_setup.sh'
[9.307s] INFO:colcon.colcon_core.shell:Creating prefix util module '/home/wxx/study_ros2/CHAPT2_ws/install/_local_setup_util_sh.py'
[9.307s] INFO:colcon.colcon_core.shell:Creating prefix chain script '/home/wxx/study_ros2/CHAPT2_ws/install/setup.sh'
[9.308s] INFO:colcon.colcon_core.shell:Creating prefix script '/home/wxx/study_ros2/CHAPT2_ws/install/local_setup.bash'
[9.309s] INFO:colcon.colcon_core.shell:Creating prefix chain script '/home/wxx/study_ros2/CHAPT2_ws/install/setup.bash'
[9.310s] INFO:colcon.colcon_core.shell:Creating prefix script '/home/wxx/study_ros2/CHAPT2_ws/install/local_setup.zsh'
[9.311s] INFO:colcon.colcon_core.shell:Creating prefix chain script '/home/wxx/study_ros2/CHAPT2_ws/install/setup.zsh'
