[0.729s] Invoking command in '/home/wxx/study_ros2/CHAPT2_ws/src/demo_py_pkg': PYTHONPATH=/home/wxx/study_ros2/CHAPT2_ws/build/demo_py_pkg/prefix_override:/usr/lib/python3/dist-packages/colcon_core/task/python/colcon_distutils_commands:/home/wxx/study_ros2/CHAPT2_ws/install/demo_py_pkg/lib/python3.8/site-packages:${PYTHONPATH} /usr/bin/python3 -W ignore:setup.py install is deprecated -W ignore:easy_install command is deprecated setup.py egg_info --egg-base ../../build/demo_py_pkg build --build-base /home/wxx/study_ros2/CHAPT2_ws/build/demo_py_pkg/build install --record /home/wxx/study_ros2/CHAPT2_ws/build/demo_py_pkg/install.log --install-scripts $base/lib/demo_py_pkg --single-version-externally-managed install_data
[0.923s] running egg_info
[0.923s] writing ../../build/demo_py_pkg/demo_py_pkg.egg-info/PKG-INFO
[0.923s] writing dependency_links to ../../build/demo_py_pkg/demo_py_pkg.egg-info/dependency_links.txt
[0.924s] writing entry points to ../../build/demo_py_pkg/demo_py_pkg.egg-info/entry_points.txt
[0.924s] writing requirements to ../../build/demo_py_pkg/demo_py_pkg.egg-info/requires.txt
[0.924s] writing top-level names to ../../build/demo_py_pkg/demo_py_pkg.egg-info/top_level.txt
[0.952s] reading manifest file '../../build/demo_py_pkg/demo_py_pkg.egg-info/SOURCES.txt'
[0.953s] writing manifest file '../../build/demo_py_pkg/demo_py_pkg.egg-info/SOURCES.txt'
[0.954s] running build
[0.954s] running build_py
[0.954s] running install
[0.955s] running install_lib
[0.956s] byte-compiling /home/wxx/study_ros2/CHAPT2_ws/install/demo_py_pkg/lib/python3.8/site-packages/demo_py_pkg/person_node.py to person_node.cpython-38.pyc
[0.958s]   File "/home/wxx/study_ros2/CHAPT2_ws/install/demo_py_pkg/lib/python3.8/site-packages/demo_py_pkg/person_node.py", line 4
[0.958s]     def __init__(self):
[0.958s]                        ^
[0.958s] SyntaxError: unexpected EOF while parsing
[0.958s] 
[0.958s] running install_data
[0.958s] running install_egg_info
[0.959s] removing '/home/wxx/study_ros2/CHAPT2_ws/install/demo_py_pkg/lib/python3.8/site-packages/demo_py_pkg-0.0.0-py3.8.egg-info' (and everything under it)
[0.960s] Copying ../../build/demo_py_pkg/demo_py_pkg.egg-info to /home/wxx/study_ros2/CHAPT2_ws/install/demo_py_pkg/lib/python3.8/site-packages/demo_py_pkg-0.0.0-py3.8.egg-info
[0.961s] running install_scripts
[0.979s] Installing person_node script to /home/wxx/study_ros2/CHAPT2_ws/install/demo_py_pkg/lib/demo_py_pkg
[0.979s] writing list of installed files to '/home/wxx/study_ros2/CHAPT2_ws/build/demo_py_pkg/install.log'
[1.001s] Invoked command in '/home/wxx/study_ros2/CHAPT2_ws/src/demo_py_pkg' returned '0': PYTHONPATH=/home/wxx/study_ros2/CHAPT2_ws/build/demo_py_pkg/prefix_override:/usr/lib/python3/dist-packages/colcon_core/task/python/colcon_distutils_commands:/home/wxx/study_ros2/CHAPT2_ws/install/demo_py_pkg/lib/python3.8/site-packages:${PYTHONPATH} /usr/bin/python3 -W ignore:setup.py install is deprecated -W ignore:easy_install command is deprecated setup.py egg_info --egg-base ../../build/demo_py_pkg build --build-base /home/wxx/study_ros2/CHAPT2_ws/build/demo_py_pkg/build install --record /home/wxx/study_ros2/CHAPT2_ws/build/demo_py_pkg/install.log --install-scripts $base/lib/demo_py_pkg --single-version-externally-managed install_data
