running egg_info
creating ../../build/service_pkg_py/service_pkg_py.egg-info
writing ../../build/service_pkg_py/service_pkg_py.egg-info/PKG-INFO
writing dependency_links to ../../build/service_pkg_py/service_pkg_py.egg-info/dependency_links.txt
writing entry points to ../../build/service_pkg_py/service_pkg_py.egg-info/entry_points.txt
writing requirements to ../../build/service_pkg_py/service_pkg_py.egg-info/requires.txt
writing top-level names to ../../build/service_pkg_py/service_pkg_py.egg-info/top_level.txt
writing manifest file '../../build/service_pkg_py/service_pkg_py.egg-info/SOURCES.txt'
reading manifest file '../../build/service_pkg_py/service_pkg_py.egg-info/SOURCES.txt'
writing manifest file '../../build/service_pkg_py/service_pkg_py.egg-info/SOURCES.txt'
running build
running build_py
creating /home/wxx/study_ros2/CHAPT2_ws/build/service_pkg_py/build
creating /home/wxx/study_ros2/CHAPT2_ws/build/service_pkg_py/build/lib
creating /home/wxx/study_ros2/CHAPT2_ws/build/service_pkg_py/build/lib/service_pkg_py
copying service_pkg_py/__init__.py -> /home/wxx/study_ros2/CHAPT2_ws/build/service_pkg_py/build/lib/service_pkg_py
copying service_pkg_py/service_client.py -> /home/wxx/study_ros2/CHAPT2_ws/build/service_pkg_py/build/lib/service_pkg_py
copying service_pkg_py/serivice_serve.py -> /home/wxx/study_ros2/CHAPT2_ws/build/service_pkg_py/build/lib/service_pkg_py
running install
running install_lib
creating /home/wxx/study_ros2/CHAPT2_ws/install/service_pkg_py/lib/python3.8/site-packages/service_pkg_py
copying /home/wxx/study_ros2/CHAPT2_ws/build/service_pkg_py/build/lib/service_pkg_py/__init__.py -> /home/wxx/study_ros2/CHAPT2_ws/install/service_pkg_py/lib/python3.8/site-packages/service_pkg_py
copying /home/wxx/study_ros2/CHAPT2_ws/build/service_pkg_py/build/lib/service_pkg_py/service_client.py -> /home/wxx/study_ros2/CHAPT2_ws/install/service_pkg_py/lib/python3.8/site-packages/service_pkg_py
copying /home/wxx/study_ros2/CHAPT2_ws/build/service_pkg_py/build/lib/service_pkg_py/serivice_serve.py -> /home/wxx/study_ros2/CHAPT2_ws/install/service_pkg_py/lib/python3.8/site-packages/service_pkg_py
byte-compiling /home/wxx/study_ros2/CHAPT2_ws/install/service_pkg_py/lib/python3.8/site-packages/service_pkg_py/__init__.py to __init__.cpython-38.pyc
byte-compiling /home/wxx/study_ros2/CHAPT2_ws/install/service_pkg_py/lib/python3.8/site-packages/service_pkg_py/service_client.py to service_client.cpython-38.pyc
byte-compiling /home/wxx/study_ros2/CHAPT2_ws/install/service_pkg_py/lib/python3.8/site-packages/service_pkg_py/serivice_serve.py to serivice_serve.cpython-38.pyc
running install_data
creating /home/wxx/study_ros2/CHAPT2_ws/install/service_pkg_py/share/ament_index
creating /home/wxx/study_ros2/CHAPT2_ws/install/service_pkg_py/share/ament_index/resource_index
creating /home/wxx/study_ros2/CHAPT2_ws/install/service_pkg_py/share/ament_index/resource_index/packages
copying resource/service_pkg_py -> /home/wxx/study_ros2/CHAPT2_ws/install/service_pkg_py/share/ament_index/resource_index/packages
copying package.xml -> /home/wxx/study_ros2/CHAPT2_ws/install/service_pkg_py/share/service_pkg_py
running install_egg_info
Copying ../../build/service_pkg_py/service_pkg_py.egg-info to /home/wxx/study_ros2/CHAPT2_ws/install/service_pkg_py/lib/python3.8/site-packages/service_pkg_py-0.0.0-py3.8.egg-info
running install_scripts
Installing service_client script to /home/wxx/study_ros2/CHAPT2_ws/install/service_pkg_py/lib/service_pkg_py
Installing service_server script to /home/wxx/study_ros2/CHAPT2_ws/install/service_pkg_py/lib/service_pkg_py
writing list of installed files to '/home/wxx/study_ros2/CHAPT2_ws/build/service_pkg_py/install.log'
