[1.132s] Invoking command in '/home/wxx/study_ros2/CHAPT2_ws/src/service_pkg_py': PYTHONPATH=/home/wxx/study_ros2/CHAPT2_ws/build/service_pkg_py/prefix_override:/usr/lib/python3/dist-packages/colcon_core/task/python/colcon_distutils_commands:/home/wxx/study_ros2/CHAPT2_ws/install/service_pkg_py/lib/python3.8/site-packages:${PYTHONPATH} /usr/bin/python3 -W ignore:setup.py install is deprecated -W ignore:easy_install command is deprecated setup.py egg_info --egg-base ../../build/service_pkg_py build --build-base /home/wxx/study_ros2/CHAPT2_ws/build/service_pkg_py/build install --record /home/wxx/study_ros2/CHAPT2_ws/build/service_pkg_py/install.log --install-scripts $base/lib/service_pkg_py --single-version-externally-managed install_data
[1.332s] running egg_info
[1.333s] creating ../../build/service_pkg_py/service_pkg_py.egg-info
[1.333s] writing ../../build/service_pkg_py/service_pkg_py.egg-info/PKG-INFO
[1.333s] writing dependency_links to ../../build/service_pkg_py/service_pkg_py.egg-info/dependency_links.txt
[1.334s] writing entry points to ../../build/service_pkg_py/service_pkg_py.egg-info/entry_points.txt
[1.334s] writing requirements to ../../build/service_pkg_py/service_pkg_py.egg-info/requires.txt
[1.334s] writing top-level names to ../../build/service_pkg_py/service_pkg_py.egg-info/top_level.txt
[1.338s] writing manifest file '../../build/service_pkg_py/service_pkg_py.egg-info/SOURCES.txt'
[1.375s] reading manifest file '../../build/service_pkg_py/service_pkg_py.egg-info/SOURCES.txt'
[1.375s] writing manifest file '../../build/service_pkg_py/service_pkg_py.egg-info/SOURCES.txt'
[1.376s] running build
[1.376s] running build_py
[1.376s] creating /home/wxx/study_ros2/CHAPT2_ws/build/service_pkg_py/build
[1.377s] creating /home/wxx/study_ros2/CHAPT2_ws/build/service_pkg_py/build/lib
[1.377s] creating /home/wxx/study_ros2/CHAPT2_ws/build/service_pkg_py/build/lib/service_pkg_py
[1.377s] copying service_pkg_py/__init__.py -> /home/wxx/study_ros2/CHAPT2_ws/build/service_pkg_py/build/lib/service_pkg_py
[1.378s] copying service_pkg_py/service_client.py -> /home/wxx/study_ros2/CHAPT2_ws/build/service_pkg_py/build/lib/service_pkg_py
[1.378s] copying service_pkg_py/serivice_serve.py -> /home/wxx/study_ros2/CHAPT2_ws/build/service_pkg_py/build/lib/service_pkg_py
[1.379s] running install
[1.379s] running install_lib
[1.380s] creating /home/wxx/study_ros2/CHAPT2_ws/install/service_pkg_py/lib/python3.8/site-packages/service_pkg_py
[1.381s] copying /home/wxx/study_ros2/CHAPT2_ws/build/service_pkg_py/build/lib/service_pkg_py/__init__.py -> /home/wxx/study_ros2/CHAPT2_ws/install/service_pkg_py/lib/python3.8/site-packages/service_pkg_py
[1.381s] copying /home/wxx/study_ros2/CHAPT2_ws/build/service_pkg_py/build/lib/service_pkg_py/service_client.py -> /home/wxx/study_ros2/CHAPT2_ws/install/service_pkg_py/lib/python3.8/site-packages/service_pkg_py
[1.381s] copying /home/wxx/study_ros2/CHAPT2_ws/build/service_pkg_py/build/lib/service_pkg_py/serivice_serve.py -> /home/wxx/study_ros2/CHAPT2_ws/install/service_pkg_py/lib/python3.8/site-packages/service_pkg_py
[1.382s] byte-compiling /home/wxx/study_ros2/CHAPT2_ws/install/service_pkg_py/lib/python3.8/site-packages/service_pkg_py/__init__.py to __init__.cpython-38.pyc
[1.383s] byte-compiling /home/wxx/study_ros2/CHAPT2_ws/install/service_pkg_py/lib/python3.8/site-packages/service_pkg_py/service_client.py to service_client.cpython-38.pyc
[1.384s] byte-compiling /home/wxx/study_ros2/CHAPT2_ws/install/service_pkg_py/lib/python3.8/site-packages/service_pkg_py/serivice_serve.py to serivice_serve.cpython-38.pyc
[1.385s] running install_data
[1.385s] creating /home/wxx/study_ros2/CHAPT2_ws/install/service_pkg_py/share/ament_index
[1.386s] creating /home/wxx/study_ros2/CHAPT2_ws/install/service_pkg_py/share/ament_index/resource_index
[1.386s] creating /home/wxx/study_ros2/CHAPT2_ws/install/service_pkg_py/share/ament_index/resource_index/packages
[1.386s] copying resource/service_pkg_py -> /home/wxx/study_ros2/CHAPT2_ws/install/service_pkg_py/share/ament_index/resource_index/packages
[1.386s] copying package.xml -> /home/wxx/study_ros2/CHAPT2_ws/install/service_pkg_py/share/service_pkg_py
[1.386s] running install_egg_info
[1.388s] Copying ../../build/service_pkg_py/service_pkg_py.egg-info to /home/wxx/study_ros2/CHAPT2_ws/install/service_pkg_py/lib/python3.8/site-packages/service_pkg_py-0.0.0-py3.8.egg-info
[1.389s] running install_scripts
[1.408s] Installing service_client script to /home/wxx/study_ros2/CHAPT2_ws/install/service_pkg_py/lib/service_pkg_py
[1.409s] Installing service_server script to /home/wxx/study_ros2/CHAPT2_ws/install/service_pkg_py/lib/service_pkg_py
[1.410s] writing list of installed files to '/home/wxx/study_ros2/CHAPT2_ws/build/service_pkg_py/install.log'
[1.446s] Invoked command in '/home/wxx/study_ros2/CHAPT2_ws/src/service_pkg_py' returned '0': PYTHONPATH=/home/wxx/study_ros2/CHAPT2_ws/build/service_pkg_py/prefix_override:/usr/lib/python3/dist-packages/colcon_core/task/python/colcon_distutils_commands:/home/wxx/study_ros2/CHAPT2_ws/install/service_pkg_py/lib/python3.8/site-packages:${PYTHONPATH} /usr/bin/python3 -W ignore:setup.py install is deprecated -W ignore:easy_install command is deprecated setup.py egg_info --egg-base ../../build/service_pkg_py build --build-base /home/wxx/study_ros2/CHAPT2_ws/build/service_pkg_py/build install --record /home/wxx/study_ros2/CHAPT2_ws/build/service_pkg_py/install.log --install-scripts $base/lib/service_pkg_py --single-version-externally-managed install_data
