[0.463s] Invoking command in '/home/wxx/study_ros2/CHAPT2_ws/build/interfaces': CMAKE_PREFIX_PATH=/opt/ros/foxy /usr/bin/cmake /home/wxx/study_ros2/CHAPT2_ws/src/interfaces -DCMAKE_INSTALL_PREFIX=/home/wxx/study_ros2/CHAPT2_ws/install/interfaces
[0.940s] -- The C compiler identification is GNU 9.4.0
[1.597s] -- The CXX compiler identification is GNU 9.4.0
[1.873s] -- Check for working C compiler: /usr/bin/cc
[2.103s] -- Check for working C compiler: /usr/bin/cc -- works
[2.105s] -- Detecting C compiler ABI info
[2.349s] -- Detecting C compiler ABI info - done
[2.358s] -- Detecting C compile features
[2.359s] -- Detecting C compile features - done
[2.362s] -- Check for working CXX compiler: /usr/bin/c++
[2.628s] -- Check for working CXX compiler: /usr/bin/c++ -- works
[2.630s] -- Detecting CXX compiler ABI info
[2.902s] -- Detecting CXX compiler ABI info - done
[2.913s] -- Detecting CXX compile features
[2.913s] -- Detecting CXX compile features - done
[2.931s] -- Found ament_cmake: 0.9.12 (/opt/ros/foxy/share/ament_cmake/cmake)
[2.956s] -- Found PythonInterp: /usr/bin/python3 (found suitable version "3.8.10", minimum required is "3") 
[2.957s] -- Using PYTHON_EXECUTABLE: /usr/bin/python3
[3.157s] -- Found sensor_msgs: 2.0.5 (/opt/ros/foxy/share/sensor_msgs/cmake)
[3.485s] -- Using all available rosidl_typesupport_c: rosidl_typesupport_fastrtps_c;rosidl_typesupport_introspection_c
[3.497s] -- Found rosidl_adapter: 1.3.1 (/opt/ros/foxy/share/rosidl_adapter/cmake)
[5.624s] -- Found OpenSSL: /usr/lib/x86_64-linux-gnu/libcrypto.so (found version "1.1.1f")  
[7.938s] -- Found FastRTPS: /opt/ros/foxy/include  
[11.713s] -- Using all available rosidl_typesupport_cpp: rosidl_typesupport_fastrtps_cpp;rosidl_typesupport_introspection_cpp
[11.928s] -- Found rosidl_default_generators: 1.0.1 (/opt/ros/foxy/share/rosidl_default_generators/cmake)
[11.941s] CMake Error at /opt/ros/foxy/share/rosidl_cmake/cmake/rosidl_generate_interfaces.cmake:93 (message):
[11.941s]   rosidl_generate_interfaces() the passed file 'DEPENDS' doesn't exist
[11.941s]   relative to the CMAKE_CURRENT_SOURCE_DIR
[11.941s]   '/home/wxx/study_ros2/CHAPT2_ws/src/interfaces'
[11.941s] Call Stack (most recent call first):
[11.941s]   CMakeLists.txt:24 (rosidl_generate_interfaces)
[11.941s] 
[11.942s] 
[11.943s] -- Configuring incomplete, errors occurred!
[11.943s] See also "/home/wxx/study_ros2/CHAPT2_ws/build/interfaces/CMakeFiles/CMakeOutput.log".
[11.953s] Invoked command in '/home/wxx/study_ros2/CHAPT2_ws/build/interfaces' returned '1': CMAKE_PREFIX_PATH=/opt/ros/foxy /usr/bin/cmake /home/wxx/study_ros2/CHAPT2_ws/src/interfaces -DCMAKE_INSTALL_PREFIX=/home/wxx/study_ros2/CHAPT2_ws/install/interfaces
