[0.471s] DEBUG:colcon:Command line arguments: ['/usr/bin/colcon', 'build']
[0.471s] DEBUG:colcon:Parsed command line arguments: Namespace(allow_overriding=[], ament_cmake_args=None, base_paths=['.'], build_base='build', catkin_cmake_args=None, catkin_skip_building_tests=False, cmake_args=None, cmake_clean_cache=False, cmake_clean_first=False, cmake_force_configure=False, cmake_target=None, cmake_target_skip_unavailable=False, continue_on_error=False, event_handlers=None, executor='parallel', ignore_user_meta=False, install_base='install', log_base=None, log_level=None, main=<bound method BuildVerb.main of <colcon_core.verb.build.BuildVerb object at 0x7fe53bf2cf70>>, merge_install=False, metas=['./colcon.meta'], packages_above=None, packages_above_and_dependencies=None, packages_above_depth=None, packages_end=None, packages_ignore=None, packages_ignore_regex=None, packages_select=None, packages_select_build_failed=False, packages_select_by_dep=None, packages_select_regex=None, packages_select_test_failures=False, packages_skip=None, packages_skip_build_finished=False, packages_skip_by_dep=None, packages_skip_regex=None, packages_skip_test_passed=False, packages_skip_up_to=None, packages_start=None, packages_up_to=None, packages_up_to_regex=None, parallel_workers=16, paths=None, symlink_install=False, test_result_base=None, verb_extension=<colcon_core.verb.build.BuildVerb object at 0x7fe53bf2cf70>, verb_name='build', verb_parser=<colcon_defaults.argument_parser.defaults.DefaultArgumentsDecorator object at 0x7fe53bf3a4c0>)
[0.662s] Level 1:colcon.colcon_core.package_discovery:discover_packages(colcon_meta) check parameters
[0.662s] Level 1:colcon.colcon_core.package_discovery:discover_packages(recursive) check parameters
[0.662s] Level 1:colcon.colcon_core.package_discovery:discover_packages(ignore) check parameters
[0.662s] Level 1:colcon.colcon_core.package_discovery:discover_packages(path) check parameters
[0.662s] Level 1:colcon.colcon_core.package_discovery:discover_packages(colcon_meta) discover
[0.662s] Level 1:colcon.colcon_core.package_discovery:discover_packages(recursive) discover
[0.662s] INFO:colcon.colcon_core.package_discovery:Crawling recursively for packages in '/home/wxx/study_ros2/CHAPT2_ws'
[0.662s] Level 1:colcon.colcon_core.package_identification:_identify(.) by extensions ['ignore', 'ignore_ament_install']
[0.662s] Level 1:colcon.colcon_core.package_identification:_identify(.) by extension 'ignore'
[0.662s] Level 1:colcon.colcon_core.package_identification:_identify(.) by extension 'ignore_ament_install'
[0.662s] Level 1:colcon.colcon_core.package_identification:_identify(.) by extensions ['colcon_pkg']
[0.662s] Level 1:colcon.colcon_core.package_identification:_identify(.) by extension 'colcon_pkg'
[0.662s] Level 1:colcon.colcon_core.package_identification:_identify(.) by extensions ['colcon_meta']
[0.662s] Level 1:colcon.colcon_core.package_identification:_identify(.) by extension 'colcon_meta'
[0.663s] Level 1:colcon.colcon_core.package_identification:_identify(.) by extensions ['ros']
[0.663s] Level 1:colcon.colcon_core.package_identification:_identify(.) by extension 'ros'
[0.674s] Level 1:colcon.colcon_core.package_identification:_identify(.) by extensions ['cmake', 'python']
[0.674s] Level 1:colcon.colcon_core.package_identification:_identify(.) by extension 'cmake'
[0.674s] Level 1:colcon.colcon_core.package_identification:_identify(.) by extension 'python'
[0.674s] Level 1:colcon.colcon_core.package_identification:_identify(.) by extensions ['python_setup_py']
[0.674s] Level 1:colcon.colcon_core.package_identification:_identify(.) by extension 'python_setup_py'
[0.675s] Level 1:colcon.colcon_core.package_identification:_identify(build) by extensions ['ignore', 'ignore_ament_install']
[0.675s] Level 1:colcon.colcon_core.package_identification:_identify(build) by extension 'ignore'
[0.675s] Level 1:colcon.colcon_core.package_identification:_identify(build) ignored
[0.675s] Level 1:colcon.colcon_core.package_identification:_identify(install) by extensions ['ignore', 'ignore_ament_install']
[0.675s] Level 1:colcon.colcon_core.package_identification:_identify(install) by extension 'ignore'
[0.675s] Level 1:colcon.colcon_core.package_identification:_identify(install) ignored
[0.676s] Level 1:colcon.colcon_core.package_identification:_identify(log) by extensions ['ignore', 'ignore_ament_install']
[0.676s] Level 1:colcon.colcon_core.package_identification:_identify(log) by extension 'ignore'
[0.676s] Level 1:colcon.colcon_core.package_identification:_identify(log) ignored
[0.676s] Level 1:colcon.colcon_core.package_identification:_identify(src) by extensions ['ignore', 'ignore_ament_install']
[0.676s] Level 1:colcon.colcon_core.package_identification:_identify(src) by extension 'ignore'
[0.676s] Level 1:colcon.colcon_core.package_identification:_identify(src) by extension 'ignore_ament_install'
[0.676s] Level 1:colcon.colcon_core.package_identification:_identify(src) by extensions ['colcon_pkg']
[0.676s] Level 1:colcon.colcon_core.package_identification:_identify(src) by extension 'colcon_pkg'
[0.676s] Level 1:colcon.colcon_core.package_identification:_identify(src) by extensions ['colcon_meta']
[0.676s] Level 1:colcon.colcon_core.package_identification:_identify(src) by extension 'colcon_meta'
[0.676s] Level 1:colcon.colcon_core.package_identification:_identify(src) by extensions ['ros']
[0.677s] Level 1:colcon.colcon_core.package_identification:_identify(src) by extension 'ros'
[0.677s] Level 1:colcon.colcon_core.package_identification:_identify(src) by extensions ['cmake', 'python']
[0.677s] Level 1:colcon.colcon_core.package_identification:_identify(src) by extension 'cmake'
[0.677s] Level 1:colcon.colcon_core.package_identification:_identify(src) by extension 'python'
[0.677s] Level 1:colcon.colcon_core.package_identification:_identify(src) by extensions ['python_setup_py']
[0.677s] Level 1:colcon.colcon_core.package_identification:_identify(src) by extension 'python_setup_py'
[0.677s] Level 1:colcon.colcon_core.package_identification:_identify(src/demo_cpp_pkg) by extensions ['ignore', 'ignore_ament_install']
[0.677s] Level 1:colcon.colcon_core.package_identification:_identify(src/demo_cpp_pkg) by extension 'ignore'
[0.677s] Level 1:colcon.colcon_core.package_identification:_identify(src/demo_cpp_pkg) by extension 'ignore_ament_install'
[0.677s] Level 1:colcon.colcon_core.package_identification:_identify(src/demo_cpp_pkg) by extensions ['colcon_pkg']
[0.677s] Level 1:colcon.colcon_core.package_identification:_identify(src/demo_cpp_pkg) by extension 'colcon_pkg'
[0.677s] Level 1:colcon.colcon_core.package_identification:_identify(src/demo_cpp_pkg) by extensions ['colcon_meta']
[0.677s] Level 1:colcon.colcon_core.package_identification:_identify(src/demo_cpp_pkg) by extension 'colcon_meta'
[0.678s] Level 1:colcon.colcon_core.package_identification:_identify(src/demo_cpp_pkg) by extensions ['ros']
[0.678s] Level 1:colcon.colcon_core.package_identification:_identify(src/demo_cpp_pkg) by extension 'ros'
[0.681s] DEBUG:colcon.colcon_core.package_identification:Package 'src/demo_cpp_pkg' with type 'ros.ament_cmake' and name 'demo_cpp_pkg'
[0.682s] Level 1:colcon.colcon_core.package_identification:_identify(src/demo_py_pkg) by extensions ['ignore', 'ignore_ament_install']
[0.682s] Level 1:colcon.colcon_core.package_identification:_identify(src/demo_py_pkg) by extension 'ignore'
[0.682s] Level 1:colcon.colcon_core.package_identification:_identify(src/demo_py_pkg) by extension 'ignore_ament_install'
[0.682s] Level 1:colcon.colcon_core.package_identification:_identify(src/demo_py_pkg) by extensions ['colcon_pkg']
[0.682s] Level 1:colcon.colcon_core.package_identification:_identify(src/demo_py_pkg) by extension 'colcon_pkg'
[0.682s] Level 1:colcon.colcon_core.package_identification:_identify(src/demo_py_pkg) by extensions ['colcon_meta']
[0.682s] Level 1:colcon.colcon_core.package_identification:_identify(src/demo_py_pkg) by extension 'colcon_meta'
[0.682s] Level 1:colcon.colcon_core.package_identification:_identify(src/demo_py_pkg) by extensions ['ros']
[0.682s] Level 1:colcon.colcon_core.package_identification:_identify(src/demo_py_pkg) by extension 'ros'
[0.683s] DEBUG:colcon.colcon_core.package_identification:Package 'src/demo_py_pkg' with type 'ros.ament_python' and name 'demo_py_pkg'
[0.683s] Level 1:colcon.colcon_core.package_identification:_identify(src/demo_python_topic) by extensions ['ignore', 'ignore_ament_install']
[0.683s] Level 1:colcon.colcon_core.package_identification:_identify(src/demo_python_topic) by extension 'ignore'
[0.683s] Level 1:colcon.colcon_core.package_identification:_identify(src/demo_python_topic) by extension 'ignore_ament_install'
[0.683s] Level 1:colcon.colcon_core.package_identification:_identify(src/demo_python_topic) by extensions ['colcon_pkg']
[0.683s] Level 1:colcon.colcon_core.package_identification:_identify(src/demo_python_topic) by extension 'colcon_pkg'
[0.683s] Level 1:colcon.colcon_core.package_identification:_identify(src/demo_python_topic) by extensions ['colcon_meta']
[0.683s] Level 1:colcon.colcon_core.package_identification:_identify(src/demo_python_topic) by extension 'colcon_meta'
[0.683s] Level 1:colcon.colcon_core.package_identification:_identify(src/demo_python_topic) by extensions ['ros']
[0.683s] Level 1:colcon.colcon_core.package_identification:_identify(src/demo_python_topic) by extension 'ros'
[0.684s] DEBUG:colcon.colcon_core.package_identification:Package 'src/demo_python_topic' with type 'ros.ament_python' and name 'demo_python_topic'
[0.684s] Level 1:colcon.colcon_core.package_discovery:discover_packages(recursive) using defaults
[0.684s] Level 1:colcon.colcon_core.package_discovery:discover_packages(ignore) discover
[0.684s] Level 1:colcon.colcon_core.package_discovery:discover_packages(ignore) using defaults
[0.684s] Level 1:colcon.colcon_core.package_discovery:discover_packages(path) discover
[0.684s] Level 1:colcon.colcon_core.package_discovery:discover_packages(path) using defaults
[0.706s] Level 1:colcon.colcon_core.package_discovery:discover_packages(prefix_path) check parameters
[0.706s] Level 1:colcon.colcon_core.package_discovery:discover_packages(prefix_path) discover
[0.711s] DEBUG:colcon.colcon_installed_package_information.package_discovery:Found 256 installed packages in /opt/ros/foxy
[0.712s] Level 1:colcon.colcon_core.package_discovery:discover_packages(prefix_path) using defaults
[0.822s] Level 5:colcon.colcon_core.verb:set package 'demo_cpp_pkg' build argument 'cmake_args' from command line to 'None'
[0.822s] Level 5:colcon.colcon_core.verb:set package 'demo_cpp_pkg' build argument 'cmake_target' from command line to 'None'
[0.822s] Level 5:colcon.colcon_core.verb:set package 'demo_cpp_pkg' build argument 'cmake_target_skip_unavailable' from command line to 'False'
[0.822s] Level 5:colcon.colcon_core.verb:set package 'demo_cpp_pkg' build argument 'cmake_clean_cache' from command line to 'False'
[0.822s] Level 5:colcon.colcon_core.verb:set package 'demo_cpp_pkg' build argument 'cmake_clean_first' from command line to 'False'
[0.822s] Level 5:colcon.colcon_core.verb:set package 'demo_cpp_pkg' build argument 'cmake_force_configure' from command line to 'False'
[0.822s] Level 5:colcon.colcon_core.verb:set package 'demo_cpp_pkg' build argument 'ament_cmake_args' from command line to 'None'
[0.822s] Level 5:colcon.colcon_core.verb:set package 'demo_cpp_pkg' build argument 'catkin_cmake_args' from command line to 'None'
[0.822s] Level 5:colcon.colcon_core.verb:set package 'demo_cpp_pkg' build argument 'catkin_skip_building_tests' from command line to 'False'
[0.822s] DEBUG:colcon.colcon_core.verb:Building package 'demo_cpp_pkg' with the following arguments: {'ament_cmake_args': None, 'build_base': '/home/wxx/study_ros2/CHAPT2_ws/build/demo_cpp_pkg', 'catkin_cmake_args': None, 'catkin_skip_building_tests': False, 'cmake_args': None, 'cmake_clean_cache': False, 'cmake_clean_first': False, 'cmake_force_configure': False, 'cmake_target': None, 'cmake_target_skip_unavailable': False, 'install_base': '/home/wxx/study_ros2/CHAPT2_ws/install/demo_cpp_pkg', 'merge_install': False, 'path': '/home/wxx/study_ros2/CHAPT2_ws/src/demo_cpp_pkg', 'symlink_install': False, 'test_result_base': None}
[0.823s] Level 5:colcon.colcon_core.verb:set package 'demo_py_pkg' build argument 'cmake_args' from command line to 'None'
[0.823s] Level 5:colcon.colcon_core.verb:set package 'demo_py_pkg' build argument 'cmake_target' from command line to 'None'
[0.823s] Level 5:colcon.colcon_core.verb:set package 'demo_py_pkg' build argument 'cmake_target_skip_unavailable' from command line to 'False'
[0.823s] Level 5:colcon.colcon_core.verb:set package 'demo_py_pkg' build argument 'cmake_clean_cache' from command line to 'False'
[0.823s] Level 5:colcon.colcon_core.verb:set package 'demo_py_pkg' build argument 'cmake_clean_first' from command line to 'False'
[0.823s] Level 5:colcon.colcon_core.verb:set package 'demo_py_pkg' build argument 'cmake_force_configure' from command line to 'False'
[0.823s] Level 5:colcon.colcon_core.verb:set package 'demo_py_pkg' build argument 'ament_cmake_args' from command line to 'None'
[0.823s] Level 5:colcon.colcon_core.verb:set package 'demo_py_pkg' build argument 'catkin_cmake_args' from command line to 'None'
[0.823s] Level 5:colcon.colcon_core.verb:set package 'demo_py_pkg' build argument 'catkin_skip_building_tests' from command line to 'False'
[0.823s] DEBUG:colcon.colcon_core.verb:Building package 'demo_py_pkg' with the following arguments: {'ament_cmake_args': None, 'build_base': '/home/wxx/study_ros2/CHAPT2_ws/build/demo_py_pkg', 'catkin_cmake_args': None, 'catkin_skip_building_tests': False, 'cmake_args': None, 'cmake_clean_cache': False, 'cmake_clean_first': False, 'cmake_force_configure': False, 'cmake_target': None, 'cmake_target_skip_unavailable': False, 'install_base': '/home/wxx/study_ros2/CHAPT2_ws/install/demo_py_pkg', 'merge_install': False, 'path': '/home/wxx/study_ros2/CHAPT2_ws/src/demo_py_pkg', 'symlink_install': False, 'test_result_base': None}
[0.823s] Level 5:colcon.colcon_core.verb:set package 'demo_python_topic' build argument 'cmake_args' from command line to 'None'
[0.823s] Level 5:colcon.colcon_core.verb:set package 'demo_python_topic' build argument 'cmake_target' from command line to 'None'
[0.823s] Level 5:colcon.colcon_core.verb:set package 'demo_python_topic' build argument 'cmake_target_skip_unavailable' from command line to 'False'
[0.823s] Level 5:colcon.colcon_core.verb:set package 'demo_python_topic' build argument 'cmake_clean_cache' from command line to 'False'
[0.823s] Level 5:colcon.colcon_core.verb:set package 'demo_python_topic' build argument 'cmake_clean_first' from command line to 'False'
[0.823s] Level 5:colcon.colcon_core.verb:set package 'demo_python_topic' build argument 'cmake_force_configure' from command line to 'False'
[0.823s] Level 5:colcon.colcon_core.verb:set package 'demo_python_topic' build argument 'ament_cmake_args' from command line to 'None'
[0.823s] Level 5:colcon.colcon_core.verb:set package 'demo_python_topic' build argument 'catkin_cmake_args' from command line to 'None'
[0.823s] Level 5:colcon.colcon_core.verb:set package 'demo_python_topic' build argument 'catkin_skip_building_tests' from command line to 'False'
[0.823s] DEBUG:colcon.colcon_core.verb:Building package 'demo_python_topic' with the following arguments: {'ament_cmake_args': None, 'build_base': '/home/wxx/study_ros2/CHAPT2_ws/build/demo_python_topic', 'catkin_cmake_args': None, 'catkin_skip_building_tests': False, 'cmake_args': None, 'cmake_clean_cache': False, 'cmake_clean_first': False, 'cmake_force_configure': False, 'cmake_target': None, 'cmake_target_skip_unavailable': False, 'install_base': '/home/wxx/study_ros2/CHAPT2_ws/install/demo_python_topic', 'merge_install': False, 'path': '/home/wxx/study_ros2/CHAPT2_ws/src/demo_python_topic', 'symlink_install': False, 'test_result_base': None}
[0.823s] INFO:colcon.colcon_core.executor:Executing jobs using 'parallel' executor
[0.825s] DEBUG:colcon.colcon_parallel_executor.executor.parallel:run_until_complete
[0.825s] INFO:colcon.colcon_ros.task.ament_cmake.build:Building ROS package in '/home/wxx/study_ros2/CHAPT2_ws/src/demo_cpp_pkg' with build type 'ament_cmake'
[0.825s] INFO:colcon.colcon_cmake.task.cmake.build:Building CMake package in '/home/wxx/study_ros2/CHAPT2_ws/src/demo_cpp_pkg'
[0.830s] INFO:colcon.colcon_core.plugin_system:Skipping extension 'colcon_core.shell.bat': Not used on non-Windows systems
[0.830s] INFO:colcon.colcon_core.shell:Skip shell extension 'powershell' for command environment: Not usable outside of PowerShell
[0.830s] DEBUG:colcon.colcon_core.shell:Skip shell extension 'dsv' for command environment
[0.835s] INFO:colcon.colcon_ros.task.ament_python.build:Building ROS package in '/home/wxx/study_ros2/CHAPT2_ws/src/demo_py_pkg' with build type 'ament_python'
[0.836s] Level 1:colcon.colcon_core.shell:create_environment_hook('demo_py_pkg', 'ament_prefix_path')
[0.837s] INFO:colcon.colcon_core.shell:Creating environment hook '/home/wxx/study_ros2/CHAPT2_ws/install/demo_py_pkg/share/demo_py_pkg/hook/ament_prefix_path.ps1'
[0.838s] INFO:colcon.colcon_core.shell:Creating environment descriptor '/home/wxx/study_ros2/CHAPT2_ws/install/demo_py_pkg/share/demo_py_pkg/hook/ament_prefix_path.dsv'
[0.839s] INFO:colcon.colcon_core.shell:Creating environment hook '/home/wxx/study_ros2/CHAPT2_ws/install/demo_py_pkg/share/demo_py_pkg/hook/ament_prefix_path.sh'
[0.841s] INFO:colcon.colcon_core.shell:Skip shell extension 'powershell' for command environment: Not usable outside of PowerShell
[0.841s] DEBUG:colcon.colcon_core.shell:Skip shell extension 'dsv' for command environment
[0.848s] INFO:colcon.colcon_ros.task.ament_python.build:Building ROS package in '/home/wxx/study_ros2/CHAPT2_ws/src/demo_python_topic' with build type 'ament_python'
[0.848s] Level 1:colcon.colcon_core.shell:create_environment_hook('demo_python_topic', 'ament_prefix_path')
[0.849s] INFO:colcon.colcon_core.shell:Creating environment hook '/home/wxx/study_ros2/CHAPT2_ws/install/demo_python_topic/share/demo_python_topic/hook/ament_prefix_path.ps1'
[0.852s] INFO:colcon.colcon_core.shell:Creating environment descriptor '/home/wxx/study_ros2/CHAPT2_ws/install/demo_python_topic/share/demo_python_topic/hook/ament_prefix_path.dsv'
[0.853s] INFO:colcon.colcon_core.shell:Creating environment hook '/home/wxx/study_ros2/CHAPT2_ws/install/demo_python_topic/share/demo_python_topic/hook/ament_prefix_path.sh'
[0.853s] INFO:colcon.colcon_core.shell:Skip shell extension 'powershell' for command environment: Not usable outside of PowerShell
[0.853s] DEBUG:colcon.colcon_core.shell:Skip shell extension 'dsv' for command environment
[0.871s] DEBUG:colcon.colcon_core.event_handler.log_command:Invoking command in '/home/wxx/study_ros2/CHAPT2_ws/build/demo_cpp_pkg': CMAKE_PREFIX_PATH=/opt/ros/foxy /usr/bin/cmake --build /home/wxx/study_ros2/CHAPT2_ws/build/demo_cpp_pkg -- -j16 -l16
[1.107s] INFO:colcon.colcon_core.task.python.build:Building Python package in '/home/wxx/study_ros2/CHAPT2_ws/src/demo_py_pkg'
[1.108s] INFO:colcon.colcon_core.shell:Skip shell extension 'powershell' for command environment: Not usable outside of PowerShell
[1.108s] DEBUG:colcon.colcon_core.shell:Skip shell extension 'dsv' for command environment
[1.316s] INFO:colcon.colcon_core.task.python.build:Building Python package in '/home/wxx/study_ros2/CHAPT2_ws/src/demo_python_topic'
[1.317s] INFO:colcon.colcon_core.shell:Skip shell extension 'powershell' for command environment: Not usable outside of PowerShell
[1.317s] DEBUG:colcon.colcon_core.shell:Skip shell extension 'dsv' for command environment
[1.327s] DEBUG:colcon.colcon_core.event_handler.log_command:Invoked command in '/home/wxx/study_ros2/CHAPT2_ws/build/demo_cpp_pkg' returned '0': CMAKE_PREFIX_PATH=/opt/ros/foxy /usr/bin/cmake --build /home/wxx/study_ros2/CHAPT2_ws/build/demo_cpp_pkg -- -j16 -l16
[1.342s] DEBUG:colcon.colcon_core.event_handler.log_command:Invoking command in '/home/wxx/study_ros2/CHAPT2_ws/build/demo_cpp_pkg': CMAKE_PREFIX_PATH=/opt/ros/foxy /usr/bin/cmake --install /home/wxx/study_ros2/CHAPT2_ws/build/demo_cpp_pkg
[1.364s] Level 1:colcon.colcon_core.environment:create_environment_scripts_only(demo_cpp_pkg)
[1.366s] DEBUG:colcon.colcon_core.event_handler.log_command:Invoked command in '/home/wxx/study_ros2/CHAPT2_ws/build/demo_cpp_pkg' returned '0': CMAKE_PREFIX_PATH=/opt/ros/foxy /usr/bin/cmake --install /home/wxx/study_ros2/CHAPT2_ws/build/demo_cpp_pkg
[1.374s] Level 1:colcon.colcon_core.environment:checking '/home/wxx/study_ros2/CHAPT2_ws/install/demo_cpp_pkg' for CMake module files
[1.375s] Level 1:colcon.colcon_core.environment:checking '/home/wxx/study_ros2/CHAPT2_ws/install/demo_cpp_pkg' for CMake config files
[1.378s] Level 1:colcon.colcon_core.shell:create_environment_hook('demo_cpp_pkg', 'cmake_prefix_path')
[1.379s] INFO:colcon.colcon_core.shell:Creating environment hook '/home/wxx/study_ros2/CHAPT2_ws/install/demo_cpp_pkg/share/demo_cpp_pkg/hook/cmake_prefix_path.ps1'
[1.380s] INFO:colcon.colcon_core.shell:Creating environment descriptor '/home/wxx/study_ros2/CHAPT2_ws/install/demo_cpp_pkg/share/demo_cpp_pkg/hook/cmake_prefix_path.dsv'
[1.380s] INFO:colcon.colcon_core.shell:Creating environment hook '/home/wxx/study_ros2/CHAPT2_ws/install/demo_cpp_pkg/share/demo_cpp_pkg/hook/cmake_prefix_path.sh'
[1.381s] Level 1:colcon.colcon_core.environment:checking '/home/wxx/study_ros2/CHAPT2_ws/install/demo_cpp_pkg/lib'
[1.382s] Level 1:colcon.colcon_core.environment:checking '/home/wxx/study_ros2/CHAPT2_ws/install/demo_cpp_pkg/bin'
[1.382s] Level 1:colcon.colcon_core.environment:checking '/home/wxx/study_ros2/CHAPT2_ws/install/demo_cpp_pkg/lib/pkgconfig/demo_cpp_pkg.pc'
[1.382s] Level 1:colcon.colcon_core.environment:checking '/home/wxx/study_ros2/CHAPT2_ws/install/demo_cpp_pkg/lib/python3.8/site-packages'
[1.382s] Level 1:colcon.colcon_core.environment:checking '/home/wxx/study_ros2/CHAPT2_ws/install/demo_cpp_pkg/bin'
[1.383s] INFO:colcon.colcon_core.shell:Creating package script '/home/wxx/study_ros2/CHAPT2_ws/install/demo_cpp_pkg/share/demo_cpp_pkg/package.ps1'
[1.384s] INFO:colcon.colcon_core.shell:Creating package descriptor '/home/wxx/study_ros2/CHAPT2_ws/install/demo_cpp_pkg/share/demo_cpp_pkg/package.dsv'
[1.385s] INFO:colcon.colcon_core.shell:Creating package script '/home/wxx/study_ros2/CHAPT2_ws/install/demo_cpp_pkg/share/demo_cpp_pkg/package.sh'
[1.386s] INFO:colcon.colcon_core.shell:Creating package script '/home/wxx/study_ros2/CHAPT2_ws/install/demo_cpp_pkg/share/demo_cpp_pkg/package.bash'
[1.387s] INFO:colcon.colcon_core.shell:Creating package script '/home/wxx/study_ros2/CHAPT2_ws/install/demo_cpp_pkg/share/demo_cpp_pkg/package.zsh'
[1.389s] Level 1:colcon.colcon_core.environment:create_file_with_runtime_dependencies(/home/wxx/study_ros2/CHAPT2_ws/install/demo_cpp_pkg/share/colcon-core/packages/demo_cpp_pkg)
[1.390s] Level 1:colcon.colcon_core.environment:create_environment_scripts_only(demo_cpp_pkg)
[1.390s] Level 1:colcon.colcon_core.environment:checking '/home/wxx/study_ros2/CHAPT2_ws/install/demo_cpp_pkg' for CMake module files
[1.391s] Level 1:colcon.colcon_core.environment:checking '/home/wxx/study_ros2/CHAPT2_ws/install/demo_cpp_pkg' for CMake config files
[1.391s] Level 1:colcon.colcon_core.shell:create_environment_hook('demo_cpp_pkg', 'cmake_prefix_path')
[1.392s] INFO:colcon.colcon_core.shell:Creating environment hook '/home/wxx/study_ros2/CHAPT2_ws/install/demo_cpp_pkg/share/demo_cpp_pkg/hook/cmake_prefix_path.ps1'
[1.392s] INFO:colcon.colcon_core.shell:Creating environment descriptor '/home/wxx/study_ros2/CHAPT2_ws/install/demo_cpp_pkg/share/demo_cpp_pkg/hook/cmake_prefix_path.dsv'
[1.393s] INFO:colcon.colcon_core.shell:Creating environment hook '/home/wxx/study_ros2/CHAPT2_ws/install/demo_cpp_pkg/share/demo_cpp_pkg/hook/cmake_prefix_path.sh'
[1.393s] Level 1:colcon.colcon_core.environment:checking '/home/wxx/study_ros2/CHAPT2_ws/install/demo_cpp_pkg/lib'
[1.393s] Level 1:colcon.colcon_core.environment:checking '/home/wxx/study_ros2/CHAPT2_ws/install/demo_cpp_pkg/bin'
[1.393s] Level 1:colcon.colcon_core.environment:checking '/home/wxx/study_ros2/CHAPT2_ws/install/demo_cpp_pkg/lib/pkgconfig/demo_cpp_pkg.pc'
[1.394s] Level 1:colcon.colcon_core.environment:checking '/home/wxx/study_ros2/CHAPT2_ws/install/demo_cpp_pkg/lib/python3.8/site-packages'
[1.394s] Level 1:colcon.colcon_core.environment:checking '/home/wxx/study_ros2/CHAPT2_ws/install/demo_cpp_pkg/bin'
[1.394s] INFO:colcon.colcon_core.shell:Creating package script '/home/wxx/study_ros2/CHAPT2_ws/install/demo_cpp_pkg/share/demo_cpp_pkg/package.ps1'
[1.395s] INFO:colcon.colcon_core.shell:Creating package descriptor '/home/wxx/study_ros2/CHAPT2_ws/install/demo_cpp_pkg/share/demo_cpp_pkg/package.dsv'
[1.396s] INFO:colcon.colcon_core.shell:Creating package script '/home/wxx/study_ros2/CHAPT2_ws/install/demo_cpp_pkg/share/demo_cpp_pkg/package.sh'
[1.396s] INFO:colcon.colcon_core.shell:Creating package script '/home/wxx/study_ros2/CHAPT2_ws/install/demo_cpp_pkg/share/demo_cpp_pkg/package.bash'
[1.397s] INFO:colcon.colcon_core.shell:Creating package script '/home/wxx/study_ros2/CHAPT2_ws/install/demo_cpp_pkg/share/demo_cpp_pkg/package.zsh'
[1.398s] Level 1:colcon.colcon_core.environment:create_file_with_runtime_dependencies(/home/wxx/study_ros2/CHAPT2_ws/install/demo_cpp_pkg/share/colcon-core/packages/demo_cpp_pkg)
[1.903s] DEBUG:colcon.colcon_core.event_handler.log_command:Invoking command in '/home/wxx/study_ros2/CHAPT2_ws/src/demo_python_topic': PYTHONPATH=/home/wxx/study_ros2/CHAPT2_ws/build/demo_python_topic/prefix_override:/usr/lib/python3/dist-packages/colcon_core/task/python/colcon_distutils_commands:/home/wxx/study_ros2/CHAPT2_ws/install/demo_python_topic/lib/python3.8/site-packages:${PYTHONPATH} /usr/bin/python3 -W ignore:setup.py install is deprecated -W ignore:easy_install command is deprecated setup.py egg_info --egg-base ../../build/demo_python_topic build --build-base /home/wxx/study_ros2/CHAPT2_ws/build/demo_python_topic/build install --record /home/wxx/study_ros2/CHAPT2_ws/build/demo_python_topic/install.log --install-scripts $base/lib/demo_python_topic --single-version-externally-managed install_data
[1.910s] DEBUG:colcon.colcon_core.event_handler.log_command:Invoking command in '/home/wxx/study_ros2/CHAPT2_ws/src/demo_py_pkg': PYTHONPATH=/home/wxx/study_ros2/CHAPT2_ws/build/demo_py_pkg/prefix_override:/usr/lib/python3/dist-packages/colcon_core/task/python/colcon_distutils_commands:/home/wxx/study_ros2/CHAPT2_ws/install/demo_py_pkg/lib/python3.8/site-packages:${PYTHONPATH} /usr/bin/python3 -W ignore:setup.py install is deprecated -W ignore:easy_install command is deprecated setup.py egg_info --egg-base ../../build/demo_py_pkg build --build-base /home/wxx/study_ros2/CHAPT2_ws/build/demo_py_pkg/build install --record /home/wxx/study_ros2/CHAPT2_ws/build/demo_py_pkg/install.log --install-scripts $base/lib/demo_py_pkg --single-version-externally-managed install_data
[2.212s] Level 1:colcon.colcon_core.environment:checking '/home/wxx/study_ros2/CHAPT2_ws/install/demo_python_topic' for CMake module files
[2.213s] DEBUG:colcon.colcon_core.event_handler.log_command:Invoked command in '/home/wxx/study_ros2/CHAPT2_ws/src/demo_python_topic' returned '0': PYTHONPATH=/home/wxx/study_ros2/CHAPT2_ws/build/demo_python_topic/prefix_override:/usr/lib/python3/dist-packages/colcon_core/task/python/colcon_distutils_commands:/home/wxx/study_ros2/CHAPT2_ws/install/demo_python_topic/lib/python3.8/site-packages:${PYTHONPATH} /usr/bin/python3 -W ignore:setup.py install is deprecated -W ignore:easy_install command is deprecated setup.py egg_info --egg-base ../../build/demo_python_topic build --build-base /home/wxx/study_ros2/CHAPT2_ws/build/demo_python_topic/build install --record /home/wxx/study_ros2/CHAPT2_ws/build/demo_python_topic/install.log --install-scripts $base/lib/demo_python_topic --single-version-externally-managed install_data
[2.214s] Level 1:colcon.colcon_core.environment:checking '/home/wxx/study_ros2/CHAPT2_ws/install/demo_python_topic' for CMake config files
[2.214s] Level 1:colcon.colcon_core.environment:checking '/home/wxx/study_ros2/CHAPT2_ws/install/demo_python_topic/lib'
[2.214s] Level 1:colcon.colcon_core.environment:checking '/home/wxx/study_ros2/CHAPT2_ws/install/demo_python_topic/bin'
[2.214s] Level 1:colcon.colcon_core.environment:checking '/home/wxx/study_ros2/CHAPT2_ws/install/demo_python_topic/lib/pkgconfig/demo_python_topic.pc'
[2.214s] Level 1:colcon.colcon_core.environment:checking '/home/wxx/study_ros2/CHAPT2_ws/install/demo_python_topic/lib/python3.8/site-packages'
[2.215s] Level 1:colcon.colcon_core.shell:create_environment_hook('demo_python_topic', 'pythonpath')
[2.215s] INFO:colcon.colcon_core.shell:Creating environment hook '/home/wxx/study_ros2/CHAPT2_ws/install/demo_python_topic/share/demo_python_topic/hook/pythonpath.ps1'
[2.215s] INFO:colcon.colcon_core.shell:Creating environment descriptor '/home/wxx/study_ros2/CHAPT2_ws/install/demo_python_topic/share/demo_python_topic/hook/pythonpath.dsv'
[2.216s] INFO:colcon.colcon_core.shell:Creating environment hook '/home/wxx/study_ros2/CHAPT2_ws/install/demo_python_topic/share/demo_python_topic/hook/pythonpath.sh'
[2.216s] Level 1:colcon.colcon_core.environment:checking '/home/wxx/study_ros2/CHAPT2_ws/install/demo_python_topic/bin'
[2.216s] Level 1:colcon.colcon_core.environment:create_environment_scripts_only(demo_python_topic)
[2.217s] INFO:colcon.colcon_core.shell:Creating package script '/home/wxx/study_ros2/CHAPT2_ws/install/demo_python_topic/share/demo_python_topic/package.ps1'
[2.217s] INFO:colcon.colcon_core.shell:Creating package descriptor '/home/wxx/study_ros2/CHAPT2_ws/install/demo_python_topic/share/demo_python_topic/package.dsv'
[2.217s] INFO:colcon.colcon_core.shell:Creating package script '/home/wxx/study_ros2/CHAPT2_ws/install/demo_python_topic/share/demo_python_topic/package.sh'
[2.218s] INFO:colcon.colcon_core.shell:Creating package script '/home/wxx/study_ros2/CHAPT2_ws/install/demo_python_topic/share/demo_python_topic/package.bash'
[2.218s] INFO:colcon.colcon_core.shell:Creating package script '/home/wxx/study_ros2/CHAPT2_ws/install/demo_python_topic/share/demo_python_topic/package.zsh'
[2.218s] Level 1:colcon.colcon_core.environment:create_file_with_runtime_dependencies(/home/wxx/study_ros2/CHAPT2_ws/install/demo_python_topic/share/colcon-core/packages/demo_python_topic)
[2.220s] Level 1:colcon.colcon_core.environment:checking '/home/wxx/study_ros2/CHAPT2_ws/install/demo_py_pkg' for CMake module files
[2.221s] DEBUG:colcon.colcon_core.event_handler.log_command:Invoked command in '/home/wxx/study_ros2/CHAPT2_ws/src/demo_py_pkg' returned '0': PYTHONPATH=/home/wxx/study_ros2/CHAPT2_ws/build/demo_py_pkg/prefix_override:/usr/lib/python3/dist-packages/colcon_core/task/python/colcon_distutils_commands:/home/wxx/study_ros2/CHAPT2_ws/install/demo_py_pkg/lib/python3.8/site-packages:${PYTHONPATH} /usr/bin/python3 -W ignore:setup.py install is deprecated -W ignore:easy_install command is deprecated setup.py egg_info --egg-base ../../build/demo_py_pkg build --build-base /home/wxx/study_ros2/CHAPT2_ws/build/demo_py_pkg/build install --record /home/wxx/study_ros2/CHAPT2_ws/build/demo_py_pkg/install.log --install-scripts $base/lib/demo_py_pkg --single-version-externally-managed install_data
[2.222s] Level 1:colcon.colcon_core.environment:checking '/home/wxx/study_ros2/CHAPT2_ws/install/demo_py_pkg' for CMake config files
[2.224s] Level 1:colcon.colcon_core.environment:checking '/home/wxx/study_ros2/CHAPT2_ws/install/demo_py_pkg/lib'
[2.224s] Level 1:colcon.colcon_core.environment:checking '/home/wxx/study_ros2/CHAPT2_ws/install/demo_py_pkg/bin'
[2.225s] Level 1:colcon.colcon_core.environment:checking '/home/wxx/study_ros2/CHAPT2_ws/install/demo_py_pkg/lib/pkgconfig/demo_py_pkg.pc'
[2.225s] Level 1:colcon.colcon_core.environment:checking '/home/wxx/study_ros2/CHAPT2_ws/install/demo_py_pkg/lib/python3.8/site-packages'
[2.225s] Level 1:colcon.colcon_core.shell:create_environment_hook('demo_py_pkg', 'pythonpath')
[2.225s] INFO:colcon.colcon_core.shell:Creating environment hook '/home/wxx/study_ros2/CHAPT2_ws/install/demo_py_pkg/share/demo_py_pkg/hook/pythonpath.ps1'
[2.225s] INFO:colcon.colcon_core.shell:Creating environment descriptor '/home/wxx/study_ros2/CHAPT2_ws/install/demo_py_pkg/share/demo_py_pkg/hook/pythonpath.dsv'
[2.226s] INFO:colcon.colcon_core.shell:Creating environment hook '/home/wxx/study_ros2/CHAPT2_ws/install/demo_py_pkg/share/demo_py_pkg/hook/pythonpath.sh'
[2.226s] Level 1:colcon.colcon_core.environment:checking '/home/wxx/study_ros2/CHAPT2_ws/install/demo_py_pkg/bin'
[2.226s] Level 1:colcon.colcon_core.environment:create_environment_scripts_only(demo_py_pkg)
[2.227s] INFO:colcon.colcon_core.shell:Creating package script '/home/wxx/study_ros2/CHAPT2_ws/install/demo_py_pkg/share/demo_py_pkg/package.ps1'
[2.227s] INFO:colcon.colcon_core.shell:Creating package descriptor '/home/wxx/study_ros2/CHAPT2_ws/install/demo_py_pkg/share/demo_py_pkg/package.dsv'
[2.228s] INFO:colcon.colcon_core.shell:Creating package script '/home/wxx/study_ros2/CHAPT2_ws/install/demo_py_pkg/share/demo_py_pkg/package.sh'
[2.229s] INFO:colcon.colcon_core.shell:Creating package script '/home/wxx/study_ros2/CHAPT2_ws/install/demo_py_pkg/share/demo_py_pkg/package.bash'
[2.229s] INFO:colcon.colcon_core.shell:Creating package script '/home/wxx/study_ros2/CHAPT2_ws/install/demo_py_pkg/share/demo_py_pkg/package.zsh'
[2.230s] Level 1:colcon.colcon_core.environment:create_file_with_runtime_dependencies(/home/wxx/study_ros2/CHAPT2_ws/install/demo_py_pkg/share/colcon-core/packages/demo_py_pkg)
[2.231s] DEBUG:colcon.colcon_parallel_executor.executor.parallel:closing loop
[2.231s] DEBUG:colcon.colcon_parallel_executor.executor.parallel:loop closed
[2.232s] DEBUG:colcon.colcon_parallel_executor.executor.parallel:run_until_complete finished with '0'
[2.232s] DEBUG:colcon.colcon_core.event_reactor:joining thread
[2.245s] INFO:colcon.colcon_core.plugin_system:Skipping extension 'colcon_notification.desktop_notification.terminal_notifier': Not used on non-Darwin systems
[2.245s] INFO:colcon.colcon_core.plugin_system:Skipping extension 'colcon_notification.desktop_notification.win32': Not used on non-Windows systems
[2.246s] INFO:colcon.colcon_notification.desktop_notification:Sending desktop notification using 'notify2'
[2.278s] DEBUG:colcon.colcon_core.event_reactor:joined thread
[2.279s] INFO:colcon.colcon_core.shell:Creating prefix script '/home/wxx/study_ros2/CHAPT2_ws/install/local_setup.ps1'
[2.280s] INFO:colcon.colcon_core.shell:Creating prefix util module '/home/wxx/study_ros2/CHAPT2_ws/install/_local_setup_util_ps1.py'
[2.282s] INFO:colcon.colcon_core.shell:Creating prefix chain script '/home/wxx/study_ros2/CHAPT2_ws/install/setup.ps1'
[2.283s] INFO:colcon.colcon_core.shell:Creating prefix script '/home/wxx/study_ros2/CHAPT2_ws/install/local_setup.sh'
[2.283s] INFO:colcon.colcon_core.shell:Creating prefix util module '/home/wxx/study_ros2/CHAPT2_ws/install/_local_setup_util_sh.py'
[2.284s] INFO:colcon.colcon_core.shell:Creating prefix chain script '/home/wxx/study_ros2/CHAPT2_ws/install/setup.sh'
[2.285s] INFO:colcon.colcon_core.shell:Creating prefix script '/home/wxx/study_ros2/CHAPT2_ws/install/local_setup.bash'
[2.286s] INFO:colcon.colcon_core.shell:Creating prefix chain script '/home/wxx/study_ros2/CHAPT2_ws/install/setup.bash'
[2.287s] INFO:colcon.colcon_core.shell:Creating prefix script '/home/wxx/study_ros2/CHAPT2_ws/install/local_setup.zsh'
[2.288s] INFO:colcon.colcon_core.shell:Creating prefix chain script '/home/wxx/study_ros2/CHAPT2_ws/install/setup.zsh'
