[1.163s] Invoking command in '/home/wxx/study_ros2/CHAPT2_ws/src/demo_py_pkg': PYTHONPATH=/home/wxx/study_ros2/CHAPT2_ws/build/demo_py_pkg/prefix_override:/usr/lib/python3/dist-packages/colcon_core/task/python/colcon_distutils_commands:/home/wxx/study_ros2/CHAPT2_ws/install/demo_py_pkg/lib/python3.8/site-packages:${PYTHONPATH} /usr/bin/python3 -W ignore:setup.py install is deprecated -W ignore:easy_install command is deprecated setup.py egg_info --egg-base ../../build/demo_py_pkg build --build-base /home/wxx/study_ros2/CHAPT2_ws/build/demo_py_pkg/build install --record /home/wxx/study_ros2/CHAPT2_ws/build/demo_py_pkg/install.log --install-scripts $base/lib/demo_py_pkg --single-version-externally-managed install_data
[1.351s] running egg_info
[1.352s] writing ../../build/demo_py_pkg/demo_py_pkg.egg-info/PKG-INFO
[1.352s] writing dependency_links to ../../build/demo_py_pkg/demo_py_pkg.egg-info/dependency_links.txt
[1.353s] writing entry points to ../../build/demo_py_pkg/demo_py_pkg.egg-info/entry_points.txt
[1.353s] writing requirements to ../../build/demo_py_pkg/demo_py_pkg.egg-info/requires.txt
[1.353s] writing top-level names to ../../build/demo_py_pkg/demo_py_pkg.egg-info/top_level.txt
[1.387s] reading manifest file '../../build/demo_py_pkg/demo_py_pkg.egg-info/SOURCES.txt'
[1.388s] writing manifest file '../../build/demo_py_pkg/demo_py_pkg.egg-info/SOURCES.txt'
[1.389s] running build
[1.389s] running build_py
[1.389s] running install
[1.390s] running install_lib
[1.392s] running install_data
[1.392s] running install_egg_info
[1.393s] removing '/home/wxx/study_ros2/CHAPT2_ws/install/demo_py_pkg/lib/python3.8/site-packages/demo_py_pkg-0.0.0-py3.8.egg-info' (and everything under it)
[1.394s] Copying ../../build/demo_py_pkg/demo_py_pkg.egg-info to /home/wxx/study_ros2/CHAPT2_ws/install/demo_py_pkg/lib/python3.8/site-packages/demo_py_pkg-0.0.0-py3.8.egg-info
[1.396s] running install_scripts
[1.416s] Installing person_node script to /home/wxx/study_ros2/CHAPT2_ws/install/demo_py_pkg/lib/demo_py_pkg
[1.417s] writing list of installed files to '/home/wxx/study_ros2/CHAPT2_ws/build/demo_py_pkg/install.log'
[1.446s] Invoked command in '/home/wxx/study_ros2/CHAPT2_ws/src/demo_py_pkg' returned '0': PYTHONPATH=/home/wxx/study_ros2/CHAPT2_ws/build/demo_py_pkg/prefix_override:/usr/lib/python3/dist-packages/colcon_core/task/python/colcon_distutils_commands:/home/wxx/study_ros2/CHAPT2_ws/install/demo_py_pkg/lib/python3.8/site-packages:${PYTHONPATH} /usr/bin/python3 -W ignore:setup.py install is deprecated -W ignore:easy_install command is deprecated setup.py egg_info --egg-base ../../build/demo_py_pkg build --build-base /home/wxx/study_ros2/CHAPT2_ws/build/demo_py_pkg/build install --record /home/wxx/study_ros2/CHAPT2_ws/build/demo_py_pkg/install.log --install-scripts $base/lib/demo_py_pkg --single-version-externally-managed install_data
