[0.370s] DEBUG:colcon:Command line arguments: ['/usr/bin/colcon', 'build']
[0.370s] DEBUG:colcon:Parsed command line arguments: Namespace(allow_overriding=[], ament_cmake_args=None, base_paths=['.'], build_base='build', catkin_cmake_args=None, catkin_skip_building_tests=False, cmake_args=None, cmake_clean_cache=False, cmake_clean_first=False, cmake_force_configure=False, cmake_target=None, cmake_target_skip_unavailable=False, continue_on_error=False, event_handlers=None, executor='parallel', ignore_user_meta=False, install_base='install', log_base=None, log_level=None, main=<bound method BuildVerb.main of <colcon_core.verb.build.BuildVerb object at 0x7fdd8b238d60>>, merge_install=False, metas=['./colcon.meta'], packages_above=None, packages_above_and_dependencies=None, packages_above_depth=None, packages_end=None, packages_ignore=None, packages_ignore_regex=None, packages_select=None, packages_select_build_failed=False, packages_select_by_dep=None, packages_select_regex=None, packages_select_test_failures=False, packages_skip=None, packages_skip_build_finished=False, packages_skip_by_dep=None, packages_skip_regex=None, packages_skip_test_passed=False, packages_skip_up_to=None, packages_start=None, packages_up_to=None, packages_up_to_regex=None, parallel_workers=16, paths=None, symlink_install=False, test_result_base=None, verb_extension=<colcon_core.verb.build.BuildVerb object at 0x7fdd8b238d60>, verb_name='build', verb_parser=<colcon_defaults.argument_parser.defaults.DefaultArgumentsDecorator object at 0x7fdd8b246520>)
[0.495s] Level 1:colcon.colcon_core.package_discovery:discover_packages(colcon_meta) check parameters
[0.495s] Level 1:colcon.colcon_core.package_discovery:discover_packages(recursive) check parameters
[0.495s] Level 1:colcon.colcon_core.package_discovery:discover_packages(ignore) check parameters
[0.496s] Level 1:colcon.colcon_core.package_discovery:discover_packages(path) check parameters
[0.496s] Level 1:colcon.colcon_core.package_discovery:discover_packages(colcon_meta) discover
[0.496s] Level 1:colcon.colcon_core.package_discovery:discover_packages(recursive) discover
[0.496s] INFO:colcon.colcon_core.package_discovery:Crawling recursively for packages in '/home/wxx/study_ros2/CHAPT2_ws'
[0.496s] Level 1:colcon.colcon_core.package_identification:_identify(.) by extensions ['ignore', 'ignore_ament_install']
[0.496s] Level 1:colcon.colcon_core.package_identification:_identify(.) by extension 'ignore'
[0.496s] Level 1:colcon.colcon_core.package_identification:_identify(.) by extension 'ignore_ament_install'
[0.496s] Level 1:colcon.colcon_core.package_identification:_identify(.) by extensions ['colcon_pkg']
[0.496s] Level 1:colcon.colcon_core.package_identification:_identify(.) by extension 'colcon_pkg'
[0.496s] Level 1:colcon.colcon_core.package_identification:_identify(.) by extensions ['colcon_meta']
[0.496s] Level 1:colcon.colcon_core.package_identification:_identify(.) by extension 'colcon_meta'
[0.496s] Level 1:colcon.colcon_core.package_identification:_identify(.) by extensions ['ros']
[0.497s] Level 1:colcon.colcon_core.package_identification:_identify(.) by extension 'ros'
[0.508s] Level 1:colcon.colcon_core.package_identification:_identify(.) by extensions ['cmake', 'python']
[0.509s] Level 1:colcon.colcon_core.package_identification:_identify(.) by extension 'cmake'
[0.509s] Level 1:colcon.colcon_core.package_identification:_identify(.) by extension 'python'
[0.509s] Level 1:colcon.colcon_core.package_identification:_identify(.) by extensions ['python_setup_py']
[0.509s] Level 1:colcon.colcon_core.package_identification:_identify(.) by extension 'python_setup_py'
[0.509s] Level 1:colcon.colcon_core.package_identification:_identify(build) by extensions ['ignore', 'ignore_ament_install']
[0.509s] Level 1:colcon.colcon_core.package_identification:_identify(build) by extension 'ignore'
[0.509s] Level 1:colcon.colcon_core.package_identification:_identify(build) ignored
[0.510s] Level 1:colcon.colcon_core.package_identification:_identify(install) by extensions ['ignore', 'ignore_ament_install']
[0.510s] Level 1:colcon.colcon_core.package_identification:_identify(install) by extension 'ignore'
[0.510s] Level 1:colcon.colcon_core.package_identification:_identify(install) ignored
[0.510s] Level 1:colcon.colcon_core.package_identification:_identify(log) by extensions ['ignore', 'ignore_ament_install']
[0.510s] Level 1:colcon.colcon_core.package_identification:_identify(log) by extension 'ignore'
[0.510s] Level 1:colcon.colcon_core.package_identification:_identify(log) ignored
[0.510s] Level 1:colcon.colcon_core.package_identification:_identify(src) by extensions ['ignore', 'ignore_ament_install']
[0.510s] Level 1:colcon.colcon_core.package_identification:_identify(src) by extension 'ignore'
[0.510s] Level 1:colcon.colcon_core.package_identification:_identify(src) by extension 'ignore_ament_install'
[0.511s] Level 1:colcon.colcon_core.package_identification:_identify(src) by extensions ['colcon_pkg']
[0.511s] Level 1:colcon.colcon_core.package_identification:_identify(src) by extension 'colcon_pkg'
[0.511s] Level 1:colcon.colcon_core.package_identification:_identify(src) by extensions ['colcon_meta']
[0.511s] Level 1:colcon.colcon_core.package_identification:_identify(src) by extension 'colcon_meta'
[0.511s] Level 1:colcon.colcon_core.package_identification:_identify(src) by extensions ['ros']
[0.511s] Level 1:colcon.colcon_core.package_identification:_identify(src) by extension 'ros'
[0.511s] Level 1:colcon.colcon_core.package_identification:_identify(src) by extensions ['cmake', 'python']
[0.511s] Level 1:colcon.colcon_core.package_identification:_identify(src) by extension 'cmake'
[0.511s] Level 1:colcon.colcon_core.package_identification:_identify(src) by extension 'python'
[0.511s] Level 1:colcon.colcon_core.package_identification:_identify(src) by extensions ['python_setup_py']
[0.511s] Level 1:colcon.colcon_core.package_identification:_identify(src) by extension 'python_setup_py'
[0.512s] Level 1:colcon.colcon_core.package_identification:_identify(src/demo_cpp_pkg) by extensions ['ignore', 'ignore_ament_install']
[0.512s] Level 1:colcon.colcon_core.package_identification:_identify(src/demo_cpp_pkg) by extension 'ignore'
[0.512s] Level 1:colcon.colcon_core.package_identification:_identify(src/demo_cpp_pkg) by extension 'ignore_ament_install'
[0.512s] Level 1:colcon.colcon_core.package_identification:_identify(src/demo_cpp_pkg) by extensions ['colcon_pkg']
[0.512s] Level 1:colcon.colcon_core.package_identification:_identify(src/demo_cpp_pkg) by extension 'colcon_pkg'
[0.512s] Level 1:colcon.colcon_core.package_identification:_identify(src/demo_cpp_pkg) by extensions ['colcon_meta']
[0.512s] Level 1:colcon.colcon_core.package_identification:_identify(src/demo_cpp_pkg) by extension 'colcon_meta'
[0.512s] Level 1:colcon.colcon_core.package_identification:_identify(src/demo_cpp_pkg) by extensions ['ros']
[0.512s] Level 1:colcon.colcon_core.package_identification:_identify(src/demo_cpp_pkg) by extension 'ros'
[0.516s] DEBUG:colcon.colcon_core.package_identification:Package 'src/demo_cpp_pkg' with type 'ros.ament_cmake' and name 'demo_cpp_pkg'
[0.516s] Level 1:colcon.colcon_core.package_identification:_identify(src/demo_py_pkg) by extensions ['ignore', 'ignore_ament_install']
[0.516s] Level 1:colcon.colcon_core.package_identification:_identify(src/demo_py_pkg) by extension 'ignore'
[0.517s] Level 1:colcon.colcon_core.package_identification:_identify(src/demo_py_pkg) by extension 'ignore_ament_install'
[0.517s] Level 1:colcon.colcon_core.package_identification:_identify(src/demo_py_pkg) by extensions ['colcon_pkg']
[0.517s] Level 1:colcon.colcon_core.package_identification:_identify(src/demo_py_pkg) by extension 'colcon_pkg'
[0.517s] Level 1:colcon.colcon_core.package_identification:_identify(src/demo_py_pkg) by extensions ['colcon_meta']
[0.517s] Level 1:colcon.colcon_core.package_identification:_identify(src/demo_py_pkg) by extension 'colcon_meta'
[0.517s] Level 1:colcon.colcon_core.package_identification:_identify(src/demo_py_pkg) by extensions ['ros']
[0.517s] Level 1:colcon.colcon_core.package_identification:_identify(src/demo_py_pkg) by extension 'ros'
[0.518s] DEBUG:colcon.colcon_core.package_identification:Package 'src/demo_py_pkg' with type 'ros.ament_python' and name 'demo_py_pkg'
[0.518s] Level 1:colcon.colcon_core.package_identification:_identify(src/demo_python_topic) by extensions ['ignore', 'ignore_ament_install']
[0.518s] Level 1:colcon.colcon_core.package_identification:_identify(src/demo_python_topic) by extension 'ignore'
[0.518s] Level 1:colcon.colcon_core.package_identification:_identify(src/demo_python_topic) by extension 'ignore_ament_install'
[0.518s] Level 1:colcon.colcon_core.package_identification:_identify(src/demo_python_topic) by extensions ['colcon_pkg']
[0.518s] Level 1:colcon.colcon_core.package_identification:_identify(src/demo_python_topic) by extension 'colcon_pkg'
[0.518s] Level 1:colcon.colcon_core.package_identification:_identify(src/demo_python_topic) by extensions ['colcon_meta']
[0.518s] Level 1:colcon.colcon_core.package_identification:_identify(src/demo_python_topic) by extension 'colcon_meta'
[0.519s] Level 1:colcon.colcon_core.package_identification:_identify(src/demo_python_topic) by extensions ['ros']
[0.519s] Level 1:colcon.colcon_core.package_identification:_identify(src/demo_python_topic) by extension 'ros'
[0.519s] DEBUG:colcon.colcon_core.package_identification:Package 'src/demo_python_topic' with type 'ros.ament_python' and name 'demo_python_topic'
[0.520s] Level 1:colcon.colcon_core.package_identification:_identify(src/interfaces) by extensions ['ignore', 'ignore_ament_install']
[0.520s] Level 1:colcon.colcon_core.package_identification:_identify(src/interfaces) by extension 'ignore'
[0.520s] Level 1:colcon.colcon_core.package_identification:_identify(src/interfaces) by extension 'ignore_ament_install'
[0.520s] Level 1:colcon.colcon_core.package_identification:_identify(src/interfaces) by extensions ['colcon_pkg']
[0.520s] Level 1:colcon.colcon_core.package_identification:_identify(src/interfaces) by extension 'colcon_pkg'
[0.520s] Level 1:colcon.colcon_core.package_identification:_identify(src/interfaces) by extensions ['colcon_meta']
[0.520s] Level 1:colcon.colcon_core.package_identification:_identify(src/interfaces) by extension 'colcon_meta'
[0.520s] Level 1:colcon.colcon_core.package_identification:_identify(src/interfaces) by extensions ['ros']
[0.520s] Level 1:colcon.colcon_core.package_identification:_identify(src/interfaces) by extension 'ros'
[0.521s] DEBUG:colcon.colcon_core.package_identification:Package 'src/interfaces' with type 'ros.ament_cmake' and name 'interfaces'
[0.521s] Level 1:colcon.colcon_core.package_identification:_identify(src/service_pkg_py) by extensions ['ignore', 'ignore_ament_install']
[0.521s] Level 1:colcon.colcon_core.package_identification:_identify(src/service_pkg_py) by extension 'ignore'
[0.521s] Level 1:colcon.colcon_core.package_identification:_identify(src/service_pkg_py) by extension 'ignore_ament_install'
[0.521s] Level 1:colcon.colcon_core.package_identification:_identify(src/service_pkg_py) by extensions ['colcon_pkg']
[0.521s] Level 1:colcon.colcon_core.package_identification:_identify(src/service_pkg_py) by extension 'colcon_pkg'
[0.521s] Level 1:colcon.colcon_core.package_identification:_identify(src/service_pkg_py) by extensions ['colcon_meta']
[0.521s] Level 1:colcon.colcon_core.package_identification:_identify(src/service_pkg_py) by extension 'colcon_meta'
[0.522s] Level 1:colcon.colcon_core.package_identification:_identify(src/service_pkg_py) by extensions ['ros']
[0.522s] Level 1:colcon.colcon_core.package_identification:_identify(src/service_pkg_py) by extension 'ros'
[0.522s] DEBUG:colcon.colcon_core.package_identification:Package 'src/service_pkg_py' with type 'ros.ament_python' and name 'service_pkg_py'
[0.522s] Level 1:colcon.colcon_core.package_discovery:discover_packages(recursive) using defaults
[0.522s] Level 1:colcon.colcon_core.package_discovery:discover_packages(ignore) discover
[0.522s] Level 1:colcon.colcon_core.package_discovery:discover_packages(ignore) using defaults
[0.523s] Level 1:colcon.colcon_core.package_discovery:discover_packages(path) discover
[0.523s] Level 1:colcon.colcon_core.package_discovery:discover_packages(path) using defaults
[0.545s] Level 1:colcon.colcon_core.package_discovery:discover_packages(prefix_path) check parameters
[0.545s] Level 1:colcon.colcon_core.package_discovery:discover_packages(prefix_path) discover
[0.550s] DEBUG:colcon.colcon_installed_package_information.package_discovery:Found 256 installed packages in /opt/ros/foxy
[0.551s] Level 1:colcon.colcon_core.package_discovery:discover_packages(prefix_path) using defaults
[0.658s] Level 5:colcon.colcon_core.verb:set package 'demo_cpp_pkg' build argument 'cmake_args' from command line to 'None'
[0.658s] Level 5:colcon.colcon_core.verb:set package 'demo_cpp_pkg' build argument 'cmake_target' from command line to 'None'
[0.658s] Level 5:colcon.colcon_core.verb:set package 'demo_cpp_pkg' build argument 'cmake_target_skip_unavailable' from command line to 'False'
[0.658s] Level 5:colcon.colcon_core.verb:set package 'demo_cpp_pkg' build argument 'cmake_clean_cache' from command line to 'False'
[0.658s] Level 5:colcon.colcon_core.verb:set package 'demo_cpp_pkg' build argument 'cmake_clean_first' from command line to 'False'
[0.658s] Level 5:colcon.colcon_core.verb:set package 'demo_cpp_pkg' build argument 'cmake_force_configure' from command line to 'False'
[0.658s] Level 5:colcon.colcon_core.verb:set package 'demo_cpp_pkg' build argument 'ament_cmake_args' from command line to 'None'
[0.658s] Level 5:colcon.colcon_core.verb:set package 'demo_cpp_pkg' build argument 'catkin_cmake_args' from command line to 'None'
[0.658s] Level 5:colcon.colcon_core.verb:set package 'demo_cpp_pkg' build argument 'catkin_skip_building_tests' from command line to 'False'
[0.658s] DEBUG:colcon.colcon_core.verb:Building package 'demo_cpp_pkg' with the following arguments: {'ament_cmake_args': None, 'build_base': '/home/wxx/study_ros2/CHAPT2_ws/build/demo_cpp_pkg', 'catkin_cmake_args': None, 'catkin_skip_building_tests': False, 'cmake_args': None, 'cmake_clean_cache': False, 'cmake_clean_first': False, 'cmake_force_configure': False, 'cmake_target': None, 'cmake_target_skip_unavailable': False, 'install_base': '/home/wxx/study_ros2/CHAPT2_ws/install/demo_cpp_pkg', 'merge_install': False, 'path': '/home/wxx/study_ros2/CHAPT2_ws/src/demo_cpp_pkg', 'symlink_install': False, 'test_result_base': None}
[0.658s] Level 5:colcon.colcon_core.verb:set package 'demo_py_pkg' build argument 'cmake_args' from command line to 'None'
[0.658s] Level 5:colcon.colcon_core.verb:set package 'demo_py_pkg' build argument 'cmake_target' from command line to 'None'
[0.658s] Level 5:colcon.colcon_core.verb:set package 'demo_py_pkg' build argument 'cmake_target_skip_unavailable' from command line to 'False'
[0.658s] Level 5:colcon.colcon_core.verb:set package 'demo_py_pkg' build argument 'cmake_clean_cache' from command line to 'False'
[0.658s] Level 5:colcon.colcon_core.verb:set package 'demo_py_pkg' build argument 'cmake_clean_first' from command line to 'False'
[0.658s] Level 5:colcon.colcon_core.verb:set package 'demo_py_pkg' build argument 'cmake_force_configure' from command line to 'False'
[0.659s] Level 5:colcon.colcon_core.verb:set package 'demo_py_pkg' build argument 'ament_cmake_args' from command line to 'None'
[0.659s] Level 5:colcon.colcon_core.verb:set package 'demo_py_pkg' build argument 'catkin_cmake_args' from command line to 'None'
[0.659s] Level 5:colcon.colcon_core.verb:set package 'demo_py_pkg' build argument 'catkin_skip_building_tests' from command line to 'False'
[0.659s] DEBUG:colcon.colcon_core.verb:Building package 'demo_py_pkg' with the following arguments: {'ament_cmake_args': None, 'build_base': '/home/wxx/study_ros2/CHAPT2_ws/build/demo_py_pkg', 'catkin_cmake_args': None, 'catkin_skip_building_tests': False, 'cmake_args': None, 'cmake_clean_cache': False, 'cmake_clean_first': False, 'cmake_force_configure': False, 'cmake_target': None, 'cmake_target_skip_unavailable': False, 'install_base': '/home/wxx/study_ros2/CHAPT2_ws/install/demo_py_pkg', 'merge_install': False, 'path': '/home/wxx/study_ros2/CHAPT2_ws/src/demo_py_pkg', 'symlink_install': False, 'test_result_base': None}
[0.659s] Level 5:colcon.colcon_core.verb:set package 'demo_python_topic' build argument 'cmake_args' from command line to 'None'
[0.659s] Level 5:colcon.colcon_core.verb:set package 'demo_python_topic' build argument 'cmake_target' from command line to 'None'
[0.659s] Level 5:colcon.colcon_core.verb:set package 'demo_python_topic' build argument 'cmake_target_skip_unavailable' from command line to 'False'
[0.659s] Level 5:colcon.colcon_core.verb:set package 'demo_python_topic' build argument 'cmake_clean_cache' from command line to 'False'
[0.659s] Level 5:colcon.colcon_core.verb:set package 'demo_python_topic' build argument 'cmake_clean_first' from command line to 'False'
[0.659s] Level 5:colcon.colcon_core.verb:set package 'demo_python_topic' build argument 'cmake_force_configure' from command line to 'False'
[0.659s] Level 5:colcon.colcon_core.verb:set package 'demo_python_topic' build argument 'ament_cmake_args' from command line to 'None'
[0.659s] Level 5:colcon.colcon_core.verb:set package 'demo_python_topic' build argument 'catkin_cmake_args' from command line to 'None'
[0.659s] Level 5:colcon.colcon_core.verb:set package 'demo_python_topic' build argument 'catkin_skip_building_tests' from command line to 'False'
[0.659s] DEBUG:colcon.colcon_core.verb:Building package 'demo_python_topic' with the following arguments: {'ament_cmake_args': None, 'build_base': '/home/wxx/study_ros2/CHAPT2_ws/build/demo_python_topic', 'catkin_cmake_args': None, 'catkin_skip_building_tests': False, 'cmake_args': None, 'cmake_clean_cache': False, 'cmake_clean_first': False, 'cmake_force_configure': False, 'cmake_target': None, 'cmake_target_skip_unavailable': False, 'install_base': '/home/wxx/study_ros2/CHAPT2_ws/install/demo_python_topic', 'merge_install': False, 'path': '/home/wxx/study_ros2/CHAPT2_ws/src/demo_python_topic', 'symlink_install': False, 'test_result_base': None}
[0.659s] Level 5:colcon.colcon_core.verb:set package 'interfaces' build argument 'cmake_args' from command line to 'None'
[0.659s] Level 5:colcon.colcon_core.verb:set package 'interfaces' build argument 'cmake_target' from command line to 'None'
[0.660s] Level 5:colcon.colcon_core.verb:set package 'interfaces' build argument 'cmake_target_skip_unavailable' from command line to 'False'
[0.660s] Level 5:colcon.colcon_core.verb:set package 'interfaces' build argument 'cmake_clean_cache' from command line to 'False'
[0.660s] Level 5:colcon.colcon_core.verb:set package 'interfaces' build argument 'cmake_clean_first' from command line to 'False'
[0.660s] Level 5:colcon.colcon_core.verb:set package 'interfaces' build argument 'cmake_force_configure' from command line to 'False'
[0.660s] Level 5:colcon.colcon_core.verb:set package 'interfaces' build argument 'ament_cmake_args' from command line to 'None'
[0.660s] Level 5:colcon.colcon_core.verb:set package 'interfaces' build argument 'catkin_cmake_args' from command line to 'None'
[0.660s] Level 5:colcon.colcon_core.verb:set package 'interfaces' build argument 'catkin_skip_building_tests' from command line to 'False'
[0.660s] DEBUG:colcon.colcon_core.verb:Building package 'interfaces' with the following arguments: {'ament_cmake_args': None, 'build_base': '/home/wxx/study_ros2/CHAPT2_ws/build/interfaces', 'catkin_cmake_args': None, 'catkin_skip_building_tests': False, 'cmake_args': None, 'cmake_clean_cache': False, 'cmake_clean_first': False, 'cmake_force_configure': False, 'cmake_target': None, 'cmake_target_skip_unavailable': False, 'install_base': '/home/wxx/study_ros2/CHAPT2_ws/install/interfaces', 'merge_install': False, 'path': '/home/wxx/study_ros2/CHAPT2_ws/src/interfaces', 'symlink_install': False, 'test_result_base': None}
[0.660s] Level 5:colcon.colcon_core.verb:set package 'service_pkg_py' build argument 'cmake_args' from command line to 'None'
[0.660s] Level 5:colcon.colcon_core.verb:set package 'service_pkg_py' build argument 'cmake_target' from command line to 'None'
[0.660s] Level 5:colcon.colcon_core.verb:set package 'service_pkg_py' build argument 'cmake_target_skip_unavailable' from command line to 'False'
[0.660s] Level 5:colcon.colcon_core.verb:set package 'service_pkg_py' build argument 'cmake_clean_cache' from command line to 'False'
[0.660s] Level 5:colcon.colcon_core.verb:set package 'service_pkg_py' build argument 'cmake_clean_first' from command line to 'False'
[0.660s] Level 5:colcon.colcon_core.verb:set package 'service_pkg_py' build argument 'cmake_force_configure' from command line to 'False'
[0.660s] Level 5:colcon.colcon_core.verb:set package 'service_pkg_py' build argument 'ament_cmake_args' from command line to 'None'
[0.660s] Level 5:colcon.colcon_core.verb:set package 'service_pkg_py' build argument 'catkin_cmake_args' from command line to 'None'
[0.660s] Level 5:colcon.colcon_core.verb:set package 'service_pkg_py' build argument 'catkin_skip_building_tests' from command line to 'False'
[0.660s] DEBUG:colcon.colcon_core.verb:Building package 'service_pkg_py' with the following arguments: {'ament_cmake_args': None, 'build_base': '/home/wxx/study_ros2/CHAPT2_ws/build/service_pkg_py', 'catkin_cmake_args': None, 'catkin_skip_building_tests': False, 'cmake_args': None, 'cmake_clean_cache': False, 'cmake_clean_first': False, 'cmake_force_configure': False, 'cmake_target': None, 'cmake_target_skip_unavailable': False, 'install_base': '/home/wxx/study_ros2/CHAPT2_ws/install/service_pkg_py', 'merge_install': False, 'path': '/home/wxx/study_ros2/CHAPT2_ws/src/service_pkg_py', 'symlink_install': False, 'test_result_base': None}
[0.660s] INFO:colcon.colcon_core.executor:Executing jobs using 'parallel' executor
[0.661s] DEBUG:colcon.colcon_parallel_executor.executor.parallel:run_until_complete
[0.662s] INFO:colcon.colcon_ros.task.ament_cmake.build:Building ROS package in '/home/wxx/study_ros2/CHAPT2_ws/src/demo_cpp_pkg' with build type 'ament_cmake'
[0.662s] INFO:colcon.colcon_cmake.task.cmake.build:Building CMake package in '/home/wxx/study_ros2/CHAPT2_ws/src/demo_cpp_pkg'
[0.667s] INFO:colcon.colcon_core.plugin_system:Skipping extension 'colcon_core.shell.bat': Not used on non-Windows systems
[0.667s] INFO:colcon.colcon_core.shell:Skip shell extension 'powershell' for command environment: Not usable outside of PowerShell
[0.667s] DEBUG:colcon.colcon_core.shell:Skip shell extension 'dsv' for command environment
[0.672s] INFO:colcon.colcon_ros.task.ament_python.build:Building ROS package in '/home/wxx/study_ros2/CHAPT2_ws/src/demo_py_pkg' with build type 'ament_python'
[0.672s] Level 1:colcon.colcon_core.shell:create_environment_hook('demo_py_pkg', 'ament_prefix_path')
[0.673s] INFO:colcon.colcon_core.shell:Creating environment hook '/home/wxx/study_ros2/CHAPT2_ws/install/demo_py_pkg/share/demo_py_pkg/hook/ament_prefix_path.ps1'
[0.674s] INFO:colcon.colcon_core.shell:Creating environment descriptor '/home/wxx/study_ros2/CHAPT2_ws/install/demo_py_pkg/share/demo_py_pkg/hook/ament_prefix_path.dsv'
[0.675s] INFO:colcon.colcon_core.shell:Creating environment hook '/home/wxx/study_ros2/CHAPT2_ws/install/demo_py_pkg/share/demo_py_pkg/hook/ament_prefix_path.sh'
[0.676s] INFO:colcon.colcon_core.shell:Skip shell extension 'powershell' for command environment: Not usable outside of PowerShell
[0.676s] DEBUG:colcon.colcon_core.shell:Skip shell extension 'dsv' for command environment
[0.683s] INFO:colcon.colcon_ros.task.ament_python.build:Building ROS package in '/home/wxx/study_ros2/CHAPT2_ws/src/demo_python_topic' with build type 'ament_python'
[0.683s] Level 1:colcon.colcon_core.shell:create_environment_hook('demo_python_topic', 'ament_prefix_path')
[0.684s] INFO:colcon.colcon_core.shell:Creating environment hook '/home/wxx/study_ros2/CHAPT2_ws/install/demo_python_topic/share/demo_python_topic/hook/ament_prefix_path.ps1'
[0.685s] INFO:colcon.colcon_core.shell:Creating environment descriptor '/home/wxx/study_ros2/CHAPT2_ws/install/demo_python_topic/share/demo_python_topic/hook/ament_prefix_path.dsv'
[0.685s] INFO:colcon.colcon_core.shell:Creating environment hook '/home/wxx/study_ros2/CHAPT2_ws/install/demo_python_topic/share/demo_python_topic/hook/ament_prefix_path.sh'
[0.686s] INFO:colcon.colcon_core.shell:Skip shell extension 'powershell' for command environment: Not usable outside of PowerShell
[0.686s] DEBUG:colcon.colcon_core.shell:Skip shell extension 'dsv' for command environment
[0.691s] INFO:colcon.colcon_ros.task.ament_cmake.build:Building ROS package in '/home/wxx/study_ros2/CHAPT2_ws/src/interfaces' with build type 'ament_cmake'
[0.691s] INFO:colcon.colcon_cmake.task.cmake.build:Building CMake package in '/home/wxx/study_ros2/CHAPT2_ws/src/interfaces'
[0.692s] INFO:colcon.colcon_core.shell:Skip shell extension 'powershell' for command environment: Not usable outside of PowerShell
[0.692s] DEBUG:colcon.colcon_core.shell:Skip shell extension 'dsv' for command environment
[0.698s] INFO:colcon.colcon_ros.task.ament_python.build:Building ROS package in '/home/wxx/study_ros2/CHAPT2_ws/src/service_pkg_py' with build type 'ament_python'
[0.699s] Level 1:colcon.colcon_core.shell:create_environment_hook('service_pkg_py', 'ament_prefix_path')
[0.700s] INFO:colcon.colcon_core.shell:Creating environment hook '/home/wxx/study_ros2/CHAPT2_ws/install/service_pkg_py/share/service_pkg_py/hook/ament_prefix_path.ps1'
[0.701s] INFO:colcon.colcon_core.shell:Creating environment descriptor '/home/wxx/study_ros2/CHAPT2_ws/install/service_pkg_py/share/service_pkg_py/hook/ament_prefix_path.dsv'
[0.701s] INFO:colcon.colcon_core.shell:Creating environment hook '/home/wxx/study_ros2/CHAPT2_ws/install/service_pkg_py/share/service_pkg_py/hook/ament_prefix_path.sh'
[0.707s] INFO:colcon.colcon_core.shell:Skip shell extension 'powershell' for command environment: Not usable outside of PowerShell
[0.707s] DEBUG:colcon.colcon_core.shell:Skip shell extension 'dsv' for command environment
[0.723s] DEBUG:colcon.colcon_core.event_handler.log_command:Invoking command in '/home/wxx/study_ros2/CHAPT2_ws/build/demo_cpp_pkg': CMAKE_PREFIX_PATH=/opt/ros/foxy /usr/bin/cmake --build /home/wxx/study_ros2/CHAPT2_ws/build/demo_cpp_pkg -- -j16 -l16
[0.914s] INFO:colcon.colcon_core.task.python.build:Building Python package in '/home/wxx/study_ros2/CHAPT2_ws/src/demo_py_pkg'
[0.915s] INFO:colcon.colcon_core.shell:Skip shell extension 'powershell' for command environment: Not usable outside of PowerShell
[0.915s] DEBUG:colcon.colcon_core.shell:Skip shell extension 'dsv' for command environment
[1.143s] INFO:colcon.colcon_core.task.python.build:Building Python package in '/home/wxx/study_ros2/CHAPT2_ws/src/demo_python_topic'
[1.144s] INFO:colcon.colcon_core.shell:Skip shell extension 'powershell' for command environment: Not usable outside of PowerShell
[1.144s] DEBUG:colcon.colcon_core.shell:Skip shell extension 'dsv' for command environment
[1.155s] DEBUG:colcon.colcon_core.event_handler.log_command:Invoking command in '/home/wxx/study_ros2/CHAPT2_ws/build/interfaces': CMAKE_PREFIX_PATH=/opt/ros/foxy /usr/bin/cmake /home/wxx/study_ros2/CHAPT2_ws/src/interfaces -DCMAKE_INSTALL_PREFIX=/home/wxx/study_ros2/CHAPT2_ws/install/interfaces
[1.324s] INFO:colcon.colcon_core.task.python.build:Building Python package in '/home/wxx/study_ros2/CHAPT2_ws/src/service_pkg_py'
[1.325s] INFO:colcon.colcon_core.shell:Skip shell extension 'powershell' for command environment: Not usable outside of PowerShell
[1.325s] DEBUG:colcon.colcon_core.shell:Skip shell extension 'dsv' for command environment
[1.331s] DEBUG:colcon.colcon_core.event_handler.log_command:Invoked command in '/home/wxx/study_ros2/CHAPT2_ws/build/demo_cpp_pkg' returned '0': CMAKE_PREFIX_PATH=/opt/ros/foxy /usr/bin/cmake --build /home/wxx/study_ros2/CHAPT2_ws/build/demo_cpp_pkg -- -j16 -l16
[1.345s] DEBUG:colcon.colcon_core.event_handler.log_command:Invoking command in '/home/wxx/study_ros2/CHAPT2_ws/build/demo_cpp_pkg': CMAKE_PREFIX_PATH=/opt/ros/foxy /usr/bin/cmake --install /home/wxx/study_ros2/CHAPT2_ws/build/demo_cpp_pkg
[1.366s] Level 1:colcon.colcon_core.environment:create_environment_scripts_only(demo_cpp_pkg)
[1.368s] DEBUG:colcon.colcon_core.event_handler.log_command:Invoked command in '/home/wxx/study_ros2/CHAPT2_ws/build/demo_cpp_pkg' returned '0': CMAKE_PREFIX_PATH=/opt/ros/foxy /usr/bin/cmake --install /home/wxx/study_ros2/CHAPT2_ws/build/demo_cpp_pkg
[1.375s] Level 1:colcon.colcon_core.environment:checking '/home/wxx/study_ros2/CHAPT2_ws/install/demo_cpp_pkg' for CMake module files
[1.376s] Level 1:colcon.colcon_core.environment:checking '/home/wxx/study_ros2/CHAPT2_ws/install/demo_cpp_pkg' for CMake config files
[1.381s] Level 1:colcon.colcon_core.shell:create_environment_hook('demo_cpp_pkg', 'cmake_prefix_path')
[1.381s] INFO:colcon.colcon_core.shell:Creating environment hook '/home/wxx/study_ros2/CHAPT2_ws/install/demo_cpp_pkg/share/demo_cpp_pkg/hook/cmake_prefix_path.ps1'
[1.382s] INFO:colcon.colcon_core.shell:Creating environment descriptor '/home/wxx/study_ros2/CHAPT2_ws/install/demo_cpp_pkg/share/demo_cpp_pkg/hook/cmake_prefix_path.dsv'
[1.383s] INFO:colcon.colcon_core.shell:Creating environment hook '/home/wxx/study_ros2/CHAPT2_ws/install/demo_cpp_pkg/share/demo_cpp_pkg/hook/cmake_prefix_path.sh'
[1.384s] Level 1:colcon.colcon_core.environment:checking '/home/wxx/study_ros2/CHAPT2_ws/install/demo_cpp_pkg/lib'
[1.384s] Level 1:colcon.colcon_core.environment:checking '/home/wxx/study_ros2/CHAPT2_ws/install/demo_cpp_pkg/bin'
[1.384s] Level 1:colcon.colcon_core.environment:checking '/home/wxx/study_ros2/CHAPT2_ws/install/demo_cpp_pkg/lib/pkgconfig/demo_cpp_pkg.pc'
[1.385s] Level 1:colcon.colcon_core.environment:checking '/home/wxx/study_ros2/CHAPT2_ws/install/demo_cpp_pkg/lib/python3.8/site-packages'
[1.385s] Level 1:colcon.colcon_core.environment:checking '/home/wxx/study_ros2/CHAPT2_ws/install/demo_cpp_pkg/bin'
[1.385s] INFO:colcon.colcon_core.shell:Creating package script '/home/wxx/study_ros2/CHAPT2_ws/install/demo_cpp_pkg/share/demo_cpp_pkg/package.ps1'
[1.387s] INFO:colcon.colcon_core.shell:Creating package descriptor '/home/wxx/study_ros2/CHAPT2_ws/install/demo_cpp_pkg/share/demo_cpp_pkg/package.dsv'
[1.388s] INFO:colcon.colcon_core.shell:Creating package script '/home/wxx/study_ros2/CHAPT2_ws/install/demo_cpp_pkg/share/demo_cpp_pkg/package.sh'
[1.388s] INFO:colcon.colcon_core.shell:Creating package script '/home/wxx/study_ros2/CHAPT2_ws/install/demo_cpp_pkg/share/demo_cpp_pkg/package.bash'
[1.390s] INFO:colcon.colcon_core.shell:Creating package script '/home/wxx/study_ros2/CHAPT2_ws/install/demo_cpp_pkg/share/demo_cpp_pkg/package.zsh'
[1.391s] Level 1:colcon.colcon_core.environment:create_file_with_runtime_dependencies(/home/wxx/study_ros2/CHAPT2_ws/install/demo_cpp_pkg/share/colcon-core/packages/demo_cpp_pkg)
[1.392s] Level 1:colcon.colcon_core.environment:create_environment_scripts_only(demo_cpp_pkg)
[1.392s] Level 1:colcon.colcon_core.environment:checking '/home/wxx/study_ros2/CHAPT2_ws/install/demo_cpp_pkg' for CMake module files
[1.392s] Level 1:colcon.colcon_core.environment:checking '/home/wxx/study_ros2/CHAPT2_ws/install/demo_cpp_pkg' for CMake config files
[1.393s] Level 1:colcon.colcon_core.shell:create_environment_hook('demo_cpp_pkg', 'cmake_prefix_path')
[1.393s] INFO:colcon.colcon_core.shell:Creating environment hook '/home/wxx/study_ros2/CHAPT2_ws/install/demo_cpp_pkg/share/demo_cpp_pkg/hook/cmake_prefix_path.ps1'
[1.394s] INFO:colcon.colcon_core.shell:Creating environment descriptor '/home/wxx/study_ros2/CHAPT2_ws/install/demo_cpp_pkg/share/demo_cpp_pkg/hook/cmake_prefix_path.dsv'
[1.394s] INFO:colcon.colcon_core.shell:Creating environment hook '/home/wxx/study_ros2/CHAPT2_ws/install/demo_cpp_pkg/share/demo_cpp_pkg/hook/cmake_prefix_path.sh'
[1.394s] Level 1:colcon.colcon_core.environment:checking '/home/wxx/study_ros2/CHAPT2_ws/install/demo_cpp_pkg/lib'
[1.395s] Level 1:colcon.colcon_core.environment:checking '/home/wxx/study_ros2/CHAPT2_ws/install/demo_cpp_pkg/bin'
[1.395s] Level 1:colcon.colcon_core.environment:checking '/home/wxx/study_ros2/CHAPT2_ws/install/demo_cpp_pkg/lib/pkgconfig/demo_cpp_pkg.pc'
[1.395s] Level 1:colcon.colcon_core.environment:checking '/home/wxx/study_ros2/CHAPT2_ws/install/demo_cpp_pkg/lib/python3.8/site-packages'
[1.396s] Level 1:colcon.colcon_core.environment:checking '/home/wxx/study_ros2/CHAPT2_ws/install/demo_cpp_pkg/bin'
[1.396s] INFO:colcon.colcon_core.shell:Creating package script '/home/wxx/study_ros2/CHAPT2_ws/install/demo_cpp_pkg/share/demo_cpp_pkg/package.ps1'
[1.397s] INFO:colcon.colcon_core.shell:Creating package descriptor '/home/wxx/study_ros2/CHAPT2_ws/install/demo_cpp_pkg/share/demo_cpp_pkg/package.dsv'
[1.397s] INFO:colcon.colcon_core.shell:Creating package script '/home/wxx/study_ros2/CHAPT2_ws/install/demo_cpp_pkg/share/demo_cpp_pkg/package.sh'
[1.398s] INFO:colcon.colcon_core.shell:Creating package script '/home/wxx/study_ros2/CHAPT2_ws/install/demo_cpp_pkg/share/demo_cpp_pkg/package.bash'
[1.399s] INFO:colcon.colcon_core.shell:Creating package script '/home/wxx/study_ros2/CHAPT2_ws/install/demo_cpp_pkg/share/demo_cpp_pkg/package.zsh'
[1.399s] Level 1:colcon.colcon_core.environment:create_file_with_runtime_dependencies(/home/wxx/study_ros2/CHAPT2_ws/install/demo_cpp_pkg/share/colcon-core/packages/demo_cpp_pkg)
[1.841s] DEBUG:colcon.colcon_core.event_handler.log_command:Invoking command in '/home/wxx/study_ros2/CHAPT2_ws/src/demo_py_pkg': PYTHONPATH=/home/wxx/study_ros2/CHAPT2_ws/build/demo_py_pkg/prefix_override:/usr/lib/python3/dist-packages/colcon_core/task/python/colcon_distutils_commands:/home/wxx/study_ros2/CHAPT2_ws/install/demo_py_pkg/lib/python3.8/site-packages:${PYTHONPATH} /usr/bin/python3 -W ignore:setup.py install is deprecated -W ignore:easy_install command is deprecated setup.py egg_info --egg-base ../../build/demo_py_pkg build --build-base /home/wxx/study_ros2/CHAPT2_ws/build/demo_py_pkg/build install --record /home/wxx/study_ros2/CHAPT2_ws/build/demo_py_pkg/install.log --install-scripts $base/lib/demo_py_pkg --single-version-externally-managed install_data
[1.845s] DEBUG:colcon.colcon_core.event_handler.log_command:Invoking command in '/home/wxx/study_ros2/CHAPT2_ws/src/service_pkg_py': PYTHONPATH=/home/wxx/study_ros2/CHAPT2_ws/build/service_pkg_py/prefix_override:/usr/lib/python3/dist-packages/colcon_core/task/python/colcon_distutils_commands:/home/wxx/study_ros2/CHAPT2_ws/install/service_pkg_py/lib/python3.8/site-packages:${PYTHONPATH} /usr/bin/python3 -W ignore:setup.py install is deprecated -W ignore:easy_install command is deprecated setup.py egg_info --egg-base ../../build/service_pkg_py build --build-base /home/wxx/study_ros2/CHAPT2_ws/build/service_pkg_py/build install --record /home/wxx/study_ros2/CHAPT2_ws/build/service_pkg_py/install.log --install-scripts $base/lib/service_pkg_py --single-version-externally-managed install_data
[1.850s] DEBUG:colcon.colcon_core.event_handler.log_command:Invoking command in '/home/wxx/study_ros2/CHAPT2_ws/src/demo_python_topic': PYTHONPATH=/home/wxx/study_ros2/CHAPT2_ws/build/demo_python_topic/prefix_override:/usr/lib/python3/dist-packages/colcon_core/task/python/colcon_distutils_commands:/home/wxx/study_ros2/CHAPT2_ws/install/demo_python_topic/lib/python3.8/site-packages:${PYTHONPATH} /usr/bin/python3 -W ignore:setup.py install is deprecated -W ignore:easy_install command is deprecated setup.py egg_info --egg-base ../../build/demo_python_topic build --build-base /home/wxx/study_ros2/CHAPT2_ws/build/demo_python_topic/build install --record /home/wxx/study_ros2/CHAPT2_ws/build/demo_python_topic/install.log --install-scripts $base/lib/demo_python_topic --single-version-externally-managed install_data
[2.146s] Level 1:colcon.colcon_core.environment:checking '/home/wxx/study_ros2/CHAPT2_ws/install/service_pkg_py' for CMake module files
[2.147s] DEBUG:colcon.colcon_core.event_handler.log_command:Invoked command in '/home/wxx/study_ros2/CHAPT2_ws/src/service_pkg_py' returned '0': PYTHONPATH=/home/wxx/study_ros2/CHAPT2_ws/build/service_pkg_py/prefix_override:/usr/lib/python3/dist-packages/colcon_core/task/python/colcon_distutils_commands:/home/wxx/study_ros2/CHAPT2_ws/install/service_pkg_py/lib/python3.8/site-packages:${PYTHONPATH} /usr/bin/python3 -W ignore:setup.py install is deprecated -W ignore:easy_install command is deprecated setup.py egg_info --egg-base ../../build/service_pkg_py build --build-base /home/wxx/study_ros2/CHAPT2_ws/build/service_pkg_py/build install --record /home/wxx/study_ros2/CHAPT2_ws/build/service_pkg_py/install.log --install-scripts $base/lib/service_pkg_py --single-version-externally-managed install_data
[2.147s] Level 1:colcon.colcon_core.environment:checking '/home/wxx/study_ros2/CHAPT2_ws/install/service_pkg_py' for CMake config files
[2.151s] Level 1:colcon.colcon_core.environment:checking '/home/wxx/study_ros2/CHAPT2_ws/install/service_pkg_py/lib'
[2.151s] Level 1:colcon.colcon_core.environment:checking '/home/wxx/study_ros2/CHAPT2_ws/install/service_pkg_py/bin'
[2.151s] Level 1:colcon.colcon_core.environment:checking '/home/wxx/study_ros2/CHAPT2_ws/install/service_pkg_py/lib/pkgconfig/service_pkg_py.pc'
[2.151s] Level 1:colcon.colcon_core.environment:checking '/home/wxx/study_ros2/CHAPT2_ws/install/service_pkg_py/lib/python3.8/site-packages'
[2.151s] Level 1:colcon.colcon_core.shell:create_environment_hook('service_pkg_py', 'pythonpath')
[2.152s] INFO:colcon.colcon_core.shell:Creating environment hook '/home/wxx/study_ros2/CHAPT2_ws/install/service_pkg_py/share/service_pkg_py/hook/pythonpath.ps1'
[2.152s] INFO:colcon.colcon_core.shell:Creating environment descriptor '/home/wxx/study_ros2/CHAPT2_ws/install/service_pkg_py/share/service_pkg_py/hook/pythonpath.dsv'
[2.153s] INFO:colcon.colcon_core.shell:Creating environment hook '/home/wxx/study_ros2/CHAPT2_ws/install/service_pkg_py/share/service_pkg_py/hook/pythonpath.sh'
[2.154s] Level 1:colcon.colcon_core.environment:checking '/home/wxx/study_ros2/CHAPT2_ws/install/service_pkg_py/bin'
[2.154s] Level 1:colcon.colcon_core.environment:create_environment_scripts_only(service_pkg_py)
[2.154s] INFO:colcon.colcon_core.shell:Creating package script '/home/wxx/study_ros2/CHAPT2_ws/install/service_pkg_py/share/service_pkg_py/package.ps1'
[2.155s] INFO:colcon.colcon_core.shell:Creating package descriptor '/home/wxx/study_ros2/CHAPT2_ws/install/service_pkg_py/share/service_pkg_py/package.dsv'
[2.155s] INFO:colcon.colcon_core.shell:Creating package script '/home/wxx/study_ros2/CHAPT2_ws/install/service_pkg_py/share/service_pkg_py/package.sh'
[2.156s] INFO:colcon.colcon_core.shell:Creating package script '/home/wxx/study_ros2/CHAPT2_ws/install/service_pkg_py/share/service_pkg_py/package.bash'
[2.156s] INFO:colcon.colcon_core.shell:Creating package script '/home/wxx/study_ros2/CHAPT2_ws/install/service_pkg_py/share/service_pkg_py/package.zsh'
[2.156s] Level 1:colcon.colcon_core.environment:create_file_with_runtime_dependencies(/home/wxx/study_ros2/CHAPT2_ws/install/service_pkg_py/share/colcon-core/packages/service_pkg_py)
[2.160s] Level 1:colcon.colcon_core.environment:checking '/home/wxx/study_ros2/CHAPT2_ws/install/demo_py_pkg' for CMake module files
[2.160s] DEBUG:colcon.colcon_core.event_handler.log_command:Invoked command in '/home/wxx/study_ros2/CHAPT2_ws/src/demo_py_pkg' returned '0': PYTHONPATH=/home/wxx/study_ros2/CHAPT2_ws/build/demo_py_pkg/prefix_override:/usr/lib/python3/dist-packages/colcon_core/task/python/colcon_distutils_commands:/home/wxx/study_ros2/CHAPT2_ws/install/demo_py_pkg/lib/python3.8/site-packages:${PYTHONPATH} /usr/bin/python3 -W ignore:setup.py install is deprecated -W ignore:easy_install command is deprecated setup.py egg_info --egg-base ../../build/demo_py_pkg build --build-base /home/wxx/study_ros2/CHAPT2_ws/build/demo_py_pkg/build install --record /home/wxx/study_ros2/CHAPT2_ws/build/demo_py_pkg/install.log --install-scripts $base/lib/demo_py_pkg --single-version-externally-managed install_data
[2.162s] Level 1:colcon.colcon_core.environment:checking '/home/wxx/study_ros2/CHAPT2_ws/install/demo_py_pkg' for CMake config files
[2.166s] Level 1:colcon.colcon_core.environment:checking '/home/wxx/study_ros2/CHAPT2_ws/install/demo_py_pkg/lib'
[2.166s] Level 1:colcon.colcon_core.environment:checking '/home/wxx/study_ros2/CHAPT2_ws/install/demo_py_pkg/bin'
[2.166s] Level 1:colcon.colcon_core.environment:checking '/home/wxx/study_ros2/CHAPT2_ws/install/demo_py_pkg/lib/pkgconfig/demo_py_pkg.pc'
[2.167s] Level 1:colcon.colcon_core.environment:checking '/home/wxx/study_ros2/CHAPT2_ws/install/demo_py_pkg/lib/python3.8/site-packages'
[2.167s] Level 1:colcon.colcon_core.shell:create_environment_hook('demo_py_pkg', 'pythonpath')
[2.167s] INFO:colcon.colcon_core.shell:Creating environment hook '/home/wxx/study_ros2/CHAPT2_ws/install/demo_py_pkg/share/demo_py_pkg/hook/pythonpath.ps1'
[2.168s] INFO:colcon.colcon_core.shell:Creating environment descriptor '/home/wxx/study_ros2/CHAPT2_ws/install/demo_py_pkg/share/demo_py_pkg/hook/pythonpath.dsv'
[2.168s] INFO:colcon.colcon_core.shell:Creating environment hook '/home/wxx/study_ros2/CHAPT2_ws/install/demo_py_pkg/share/demo_py_pkg/hook/pythonpath.sh'
[2.169s] Level 1:colcon.colcon_core.environment:checking '/home/wxx/study_ros2/CHAPT2_ws/install/demo_py_pkg/bin'
[2.169s] Level 1:colcon.colcon_core.environment:create_environment_scripts_only(demo_py_pkg)
[2.169s] INFO:colcon.colcon_core.shell:Creating package script '/home/wxx/study_ros2/CHAPT2_ws/install/demo_py_pkg/share/demo_py_pkg/package.ps1'
[2.170s] INFO:colcon.colcon_core.shell:Creating package descriptor '/home/wxx/study_ros2/CHAPT2_ws/install/demo_py_pkg/share/demo_py_pkg/package.dsv'
[2.170s] INFO:colcon.colcon_core.shell:Creating package script '/home/wxx/study_ros2/CHAPT2_ws/install/demo_py_pkg/share/demo_py_pkg/package.sh'
[2.171s] INFO:colcon.colcon_core.shell:Creating package script '/home/wxx/study_ros2/CHAPT2_ws/install/demo_py_pkg/share/demo_py_pkg/package.bash'
[2.171s] INFO:colcon.colcon_core.shell:Creating package script '/home/wxx/study_ros2/CHAPT2_ws/install/demo_py_pkg/share/demo_py_pkg/package.zsh'
[2.172s] Level 1:colcon.colcon_core.environment:create_file_with_runtime_dependencies(/home/wxx/study_ros2/CHAPT2_ws/install/demo_py_pkg/share/colcon-core/packages/demo_py_pkg)
[2.187s] Level 1:colcon.colcon_core.environment:checking '/home/wxx/study_ros2/CHAPT2_ws/install/demo_python_topic' for CMake module files
[2.188s] DEBUG:colcon.colcon_core.event_handler.log_command:Invoked command in '/home/wxx/study_ros2/CHAPT2_ws/src/demo_python_topic' returned '0': PYTHONPATH=/home/wxx/study_ros2/CHAPT2_ws/build/demo_python_topic/prefix_override:/usr/lib/python3/dist-packages/colcon_core/task/python/colcon_distutils_commands:/home/wxx/study_ros2/CHAPT2_ws/install/demo_python_topic/lib/python3.8/site-packages:${PYTHONPATH} /usr/bin/python3 -W ignore:setup.py install is deprecated -W ignore:easy_install command is deprecated setup.py egg_info --egg-base ../../build/demo_python_topic build --build-base /home/wxx/study_ros2/CHAPT2_ws/build/demo_python_topic/build install --record /home/wxx/study_ros2/CHAPT2_ws/build/demo_python_topic/install.log --install-scripts $base/lib/demo_python_topic --single-version-externally-managed install_data
[2.188s] Level 1:colcon.colcon_core.environment:checking '/home/wxx/study_ros2/CHAPT2_ws/install/demo_python_topic' for CMake config files
[2.192s] Level 1:colcon.colcon_core.environment:checking '/home/wxx/study_ros2/CHAPT2_ws/install/demo_python_topic/lib'
[2.192s] Level 1:colcon.colcon_core.environment:checking '/home/wxx/study_ros2/CHAPT2_ws/install/demo_python_topic/bin'
[2.192s] Level 1:colcon.colcon_core.environment:checking '/home/wxx/study_ros2/CHAPT2_ws/install/demo_python_topic/lib/pkgconfig/demo_python_topic.pc'
[2.192s] Level 1:colcon.colcon_core.environment:checking '/home/wxx/study_ros2/CHAPT2_ws/install/demo_python_topic/lib/python3.8/site-packages'
[2.192s] Level 1:colcon.colcon_core.shell:create_environment_hook('demo_python_topic', 'pythonpath')
[2.192s] INFO:colcon.colcon_core.shell:Creating environment hook '/home/wxx/study_ros2/CHAPT2_ws/install/demo_python_topic/share/demo_python_topic/hook/pythonpath.ps1'
[2.193s] INFO:colcon.colcon_core.shell:Creating environment descriptor '/home/wxx/study_ros2/CHAPT2_ws/install/demo_python_topic/share/demo_python_topic/hook/pythonpath.dsv'
[2.193s] INFO:colcon.colcon_core.shell:Creating environment hook '/home/wxx/study_ros2/CHAPT2_ws/install/demo_python_topic/share/demo_python_topic/hook/pythonpath.sh'
[2.194s] Level 1:colcon.colcon_core.environment:checking '/home/wxx/study_ros2/CHAPT2_ws/install/demo_python_topic/bin'
[2.194s] Level 1:colcon.colcon_core.environment:create_environment_scripts_only(demo_python_topic)
[2.194s] INFO:colcon.colcon_core.shell:Creating package script '/home/wxx/study_ros2/CHAPT2_ws/install/demo_python_topic/share/demo_python_topic/package.ps1'
[2.194s] INFO:colcon.colcon_core.shell:Creating package descriptor '/home/wxx/study_ros2/CHAPT2_ws/install/demo_python_topic/share/demo_python_topic/package.dsv'
[2.195s] INFO:colcon.colcon_core.shell:Creating package script '/home/wxx/study_ros2/CHAPT2_ws/install/demo_python_topic/share/demo_python_topic/package.sh'
[2.195s] INFO:colcon.colcon_core.shell:Creating package script '/home/wxx/study_ros2/CHAPT2_ws/install/demo_python_topic/share/demo_python_topic/package.bash'
[2.196s] INFO:colcon.colcon_core.shell:Creating package script '/home/wxx/study_ros2/CHAPT2_ws/install/demo_python_topic/share/demo_python_topic/package.zsh'
[2.196s] Level 1:colcon.colcon_core.environment:create_file_with_runtime_dependencies(/home/wxx/study_ros2/CHAPT2_ws/install/demo_python_topic/share/colcon-core/packages/demo_python_topic)
[12.644s] DEBUG:colcon.colcon_core.event_handler.log_command:Invoked command in '/home/wxx/study_ros2/CHAPT2_ws/build/interfaces' returned '1': CMAKE_PREFIX_PATH=/opt/ros/foxy /usr/bin/cmake /home/wxx/study_ros2/CHAPT2_ws/src/interfaces -DCMAKE_INSTALL_PREFIX=/home/wxx/study_ros2/CHAPT2_ws/install/interfaces
[12.659s] Level 1:colcon.colcon_core.environment:create_environment_scripts_only(interfaces)
[12.660s] Level 1:colcon.colcon_core.environment:checking '/home/wxx/study_ros2/CHAPT2_ws/install/interfaces' for CMake module files
[12.660s] Level 1:colcon.colcon_core.environment:checking '/home/wxx/study_ros2/CHAPT2_ws/install/interfaces' for CMake config files
[12.660s] Level 1:colcon.colcon_core.environment:checking '/home/wxx/study_ros2/CHAPT2_ws/install/interfaces/bin'
[12.660s] Level 1:colcon.colcon_core.environment:checking '/home/wxx/study_ros2/CHAPT2_ws/install/interfaces/lib/pkgconfig/interfaces.pc'
[12.661s] Level 1:colcon.colcon_core.environment:checking '/home/wxx/study_ros2/CHAPT2_ws/install/interfaces/lib/python3.8/site-packages'
[12.661s] Level 1:colcon.colcon_core.environment:checking '/home/wxx/study_ros2/CHAPT2_ws/install/interfaces/bin'
[12.661s] INFO:colcon.colcon_core.shell:Creating package script '/home/wxx/study_ros2/CHAPT2_ws/install/interfaces/share/interfaces/package.ps1'
[12.663s] INFO:colcon.colcon_core.shell:Creating package descriptor '/home/wxx/study_ros2/CHAPT2_ws/install/interfaces/share/interfaces/package.dsv'
[12.664s] INFO:colcon.colcon_core.shell:Creating package script '/home/wxx/study_ros2/CHAPT2_ws/install/interfaces/share/interfaces/package.sh'
[12.664s] INFO:colcon.colcon_core.shell:Creating package script '/home/wxx/study_ros2/CHAPT2_ws/install/interfaces/share/interfaces/package.bash'
[12.665s] INFO:colcon.colcon_core.shell:Creating package script '/home/wxx/study_ros2/CHAPT2_ws/install/interfaces/share/interfaces/package.zsh'
[12.665s] Level 1:colcon.colcon_core.environment:create_file_with_runtime_dependencies(/home/wxx/study_ros2/CHAPT2_ws/install/interfaces/share/colcon-core/packages/interfaces)
[12.677s] DEBUG:colcon.colcon_parallel_executor.executor.parallel:closing loop
[12.677s] DEBUG:colcon.colcon_parallel_executor.executor.parallel:loop closed
[12.677s] DEBUG:colcon.colcon_parallel_executor.executor.parallel:run_until_complete finished with '1'
[12.678s] DEBUG:colcon.colcon_core.event_reactor:joining thread
[12.690s] INFO:colcon.colcon_core.plugin_system:Skipping extension 'colcon_notification.desktop_notification.terminal_notifier': Not used on non-Darwin systems
[12.690s] INFO:colcon.colcon_core.plugin_system:Skipping extension 'colcon_notification.desktop_notification.win32': Not used on non-Windows systems
[12.690s] INFO:colcon.colcon_notification.desktop_notification:Sending desktop notification using 'notify2'
[12.695s] DEBUG:colcon.colcon_core.event_reactor:joined thread
[12.696s] INFO:colcon.colcon_core.shell:Creating prefix script '/home/wxx/study_ros2/CHAPT2_ws/install/local_setup.ps1'
[12.697s] INFO:colcon.colcon_core.shell:Creating prefix util module '/home/wxx/study_ros2/CHAPT2_ws/install/_local_setup_util_ps1.py'
[12.699s] INFO:colcon.colcon_core.shell:Creating prefix chain script '/home/wxx/study_ros2/CHAPT2_ws/install/setup.ps1'
[12.701s] INFO:colcon.colcon_core.shell:Creating prefix script '/home/wxx/study_ros2/CHAPT2_ws/install/local_setup.sh'
[12.702s] INFO:colcon.colcon_core.shell:Creating prefix util module '/home/wxx/study_ros2/CHAPT2_ws/install/_local_setup_util_sh.py'
[12.702s] INFO:colcon.colcon_core.shell:Creating prefix chain script '/home/wxx/study_ros2/CHAPT2_ws/install/setup.sh'
[12.703s] INFO:colcon.colcon_core.shell:Creating prefix script '/home/wxx/study_ros2/CHAPT2_ws/install/local_setup.bash'
[12.704s] INFO:colcon.colcon_core.shell:Creating prefix chain script '/home/wxx/study_ros2/CHAPT2_ws/install/setup.bash'
[12.705s] INFO:colcon.colcon_core.shell:Creating prefix script '/home/wxx/study_ros2/CHAPT2_ws/install/local_setup.zsh'
[12.706s] INFO:colcon.colcon_core.shell:Creating prefix chain script '/home/wxx/study_ros2/CHAPT2_ws/install/setup.zsh'
