running egg_info
writing ../../build/service_pkg_py/service_pkg_py.egg-info/PKG-INFO
writing dependency_links to ../../build/service_pkg_py/service_pkg_py.egg-info/dependency_links.txt
writing entry points to ../../build/service_pkg_py/service_pkg_py.egg-info/entry_points.txt
writing requirements to ../../build/service_pkg_py/service_pkg_py.egg-info/requires.txt
writing top-level names to ../../build/service_pkg_py/service_pkg_py.egg-info/top_level.txt
reading manifest file '../../build/service_pkg_py/service_pkg_py.egg-info/SOURCES.txt'
writing manifest file '../../build/service_pkg_py/service_pkg_py.egg-info/SOURCES.txt'
running build
running build_py
running install
running install_lib
running install_data
running install_egg_info
removing '/home/wxx/study_ros2/CHAPT2_ws/install/service_pkg_py/lib/python3.8/site-packages/service_pkg_py-0.0.0-py3.8.egg-info' (and everything under it)
Copying ../../build/service_pkg_py/service_pkg_py.egg-info to /home/wxx/study_ros2/CHAPT2_ws/install/service_pkg_py/lib/python3.8/site-packages/service_pkg_py-0.0.0-py3.8.egg-info
running install_scripts
Installing service_client script to /home/wxx/study_ros2/CHAPT2_ws/install/service_pkg_py/lib/service_pkg_py
Installing service_server script to /home/wxx/study_ros2/CHAPT2_ws/install/service_pkg_py/lib/service_pkg_py
writing list of installed files to '/home/wxx/study_ros2/CHAPT2_ws/build/service_pkg_py/install.log'
