[1.120s] Invoking command in '/home/wxx/study_ros2/CHAPT2_ws/src/service_pkg_py': PYTHONPATH=/home/wxx/study_ros2/CHAPT2_ws/build/service_pkg_py/prefix_override:/usr/lib/python3/dist-packages/colcon_core/task/python/colcon_distutils_commands:/home/wxx/study_ros2/CHAPT2_ws/install/service_pkg_py/lib/python3.8/site-packages:${PYTHONPATH} /usr/bin/python3 -W ignore:setup.py install is deprecated -W ignore:easy_install command is deprecated setup.py egg_info --egg-base ../../build/service_pkg_py build --build-base /home/wxx/study_ros2/CHAPT2_ws/build/service_pkg_py/build install --record /home/wxx/study_ros2/CHAPT2_ws/build/service_pkg_py/install.log --install-scripts $base/lib/service_pkg_py --single-version-externally-managed install_data
[1.315s] running egg_info
[1.315s] writing ../../build/service_pkg_py/service_pkg_py.egg-info/PKG-INFO
[1.316s] writing dependency_links to ../../build/service_pkg_py/service_pkg_py.egg-info/dependency_links.txt
[1.316s] writing entry points to ../../build/service_pkg_py/service_pkg_py.egg-info/entry_points.txt
[1.316s] writing requirements to ../../build/service_pkg_py/service_pkg_py.egg-info/requires.txt
[1.316s] writing top-level names to ../../build/service_pkg_py/service_pkg_py.egg-info/top_level.txt
[1.356s] reading manifest file '../../build/service_pkg_py/service_pkg_py.egg-info/SOURCES.txt'
[1.358s] writing manifest file '../../build/service_pkg_py/service_pkg_py.egg-info/SOURCES.txt'
[1.358s] running build
[1.358s] running build_py
[1.358s] running install
[1.359s] running install_lib
[1.361s] running install_data
[1.361s] running install_egg_info
[1.363s] removing '/home/wxx/study_ros2/CHAPT2_ws/install/service_pkg_py/lib/python3.8/site-packages/service_pkg_py-0.0.0-py3.8.egg-info' (and everything under it)
[1.364s] Copying ../../build/service_pkg_py/service_pkg_py.egg-info to /home/wxx/study_ros2/CHAPT2_ws/install/service_pkg_py/lib/python3.8/site-packages/service_pkg_py-0.0.0-py3.8.egg-info
[1.366s] running install_scripts
[1.383s] Installing service_client script to /home/wxx/study_ros2/CHAPT2_ws/install/service_pkg_py/lib/service_pkg_py
[1.383s] Installing service_server script to /home/wxx/study_ros2/CHAPT2_ws/install/service_pkg_py/lib/service_pkg_py
[1.384s] writing list of installed files to '/home/wxx/study_ros2/CHAPT2_ws/build/service_pkg_py/install.log'
[1.424s] Invoked command in '/home/wxx/study_ros2/CHAPT2_ws/src/service_pkg_py' returned '0': PYTHONPATH=/home/wxx/study_ros2/CHAPT2_ws/build/service_pkg_py/prefix_override:/usr/lib/python3/dist-packages/colcon_core/task/python/colcon_distutils_commands:/home/wxx/study_ros2/CHAPT2_ws/install/service_pkg_py/lib/python3.8/site-packages:${PYTHONPATH} /usr/bin/python3 -W ignore:setup.py install is deprecated -W ignore:easy_install command is deprecated setup.py egg_info --egg-base ../../build/service_pkg_py build --build-base /home/wxx/study_ros2/CHAPT2_ws/build/service_pkg_py/build install --record /home/wxx/study_ros2/CHAPT2_ws/build/service_pkg_py/install.log --install-scripts $base/lib/service_pkg_py --single-version-externally-managed install_data
